\BOOKMARK [0][-]{chapter.1}{\376\377\0001\000\040\000P\000r\000o\000j\000e\000t\000\040\000C\000p\000p\000\040\000S\0008}{}% 1
\BOOKMARK [0][-]{chapter.2}{\376\377\0002\000\040\000N\000a\000m\000e\000s\000p\000a\000c\000e\000\040\000I\000n\000d\000e\000x}{}% 2
\BOOKMARK [1][-]{section.2.1}{\376\377\0002\000.\0001\000\040\000N\000a\000m\000e\000s\000p\000a\000c\000e\000\040\000L\000i\000s\000t}{chapter.2}% 3
\BOOKMARK [0][-]{chapter.3}{\376\377\0003\000\040\000H\000i\000e\000r\000a\000r\000c\000h\000i\000c\000a\000l\000\040\000I\000n\000d\000e\000x}{}% 4
\BOOKMARK [1][-]{section.3.1}{\376\377\0003\000.\0001\000\040\000C\000l\000a\000s\000s\000\040\000H\000i\000e\000r\000a\000r\000c\000h\000y}{chapter.3}% 5
\BOOKMARK [0][-]{chapter.4}{\376\377\0004\000\040\000C\000l\000a\000s\000s\000\040\000I\000n\000d\000e\000x}{}% 6
\BOOKMARK [1][-]{section.4.1}{\376\377\0004\000.\0001\000\040\000C\000l\000a\000s\000s\000\040\000L\000i\000s\000t}{chapter.4}% 7
\BOOKMARK [0][-]{chapter.5}{\376\377\0005\000\040\000N\000a\000m\000e\000s\000p\000a\000c\000e\000\040\000D\000o\000c\000u\000m\000e\000n\000t\000a\000t\000i\000o\000n}{}% 8
\BOOKMARK [1][-]{section.5.1}{\376\377\0005\000.\0001\000\040\000s\000t\000d\000\040\000N\000a\000m\000e\000s\000p\000a\000c\000e\000\040\000R\000e\000f\000e\000r\000e\000n\000c\000e}{chapter.5}% 9
\BOOKMARK [2][-]{subsection.5.1.1}{\376\377\0005\000.\0001\000.\0001\000\040\000D\000e\000t\000a\000i\000l\000e\000d\000\040\000D\000e\000s\000c\000r\000i\000p\000t\000i\000o\000n}{section.5.1}% 10
\BOOKMARK [0][-]{chapter.6}{\376\377\0006\000\040\000C\000l\000a\000s\000s\000\040\000D\000o\000c\000u\000m\000e\000n\000t\000a\000t\000i\000o\000n}{}% 11
\BOOKMARK [1][-]{section.6.1}{\376\377\0006\000.\0001\000\040\000C\000o\000m\000b\000i\000M\000a\000s\000t\000e\000r\000m\000i\000n\000d\000\040\000C\000l\000a\000s\000s\000\040\000R\000e\000f\000e\000r\000e\000n\000c\000e}{chapter.6}% 12
\BOOKMARK [2][-]{subsection.6.1.1}{\376\377\0006\000.\0001\000.\0001\000\040\000D\000e\000t\000a\000i\000l\000e\000d\000\040\000D\000e\000s\000c\000r\000i\000p\000t\000i\000o\000n}{section.6.1}% 13
\BOOKMARK [2][-]{subsection.6.1.2}{\376\377\0006\000.\0001\000.\0002\000\040\000C\000o\000n\000s\000t\000r\000u\000c\000t\000o\000r\000\040\000\046\000\040\000D\000e\000s\000t\000r\000u\000c\000t\000o\000r\000\040\000D\000o\000c\000u\000m\000e\000n\000t\000a\000t\000i\000o\000n}{section.6.1}% 14
\BOOKMARK [3][-]{subsubsection.6.1.2.1}{\376\377\0006\000.\0001\000.\0002\000.\0001\000\040\000C\000o\000m\000b\000i\000M\000a\000s\000t\000e\000r\000m\000i\000n\000d\000\050\000\051}{subsection.6.1.2}% 15
\BOOKMARK [2][-]{subsection.6.1.3}{\376\377\0006\000.\0001\000.\0003\000\040\000M\000e\000m\000b\000e\000r\000\040\000F\000u\000n\000c\000t\000i\000o\000n\000\040\000D\000o\000c\000u\000m\000e\000n\000t\000a\000t\000i\000o\000n}{section.6.1}% 16
\BOOKMARK [3][-]{subsubsection.6.1.3.1}{\376\377\0006\000.\0001\000.\0003\000.\0001\000\040\000r\000e\000s\000u\000l\000t\000a\000t\000\050\000\051}{subsection.6.1.3}% 17
\BOOKMARK [3][-]{subsubsection.6.1.3.2}{\376\377\0006\000.\0001\000.\0003\000.\0002\000\040\000t\000o\000S\000t\000r\000i\000n\000g\000\050\000\051}{subsection.6.1.3}% 18
\BOOKMARK [1][-]{section.6.2}{\376\377\0006\000.\0002\000\040\000C\000o\000m\000b\000i\000n\000a\000i\000s\000o\000n\000\040\000C\000l\000a\000s\000s\000\040\000R\000e\000f\000e\000r\000e\000n\000c\000e}{chapter.6}% 19
\BOOKMARK [2][-]{subsection.6.2.1}{\376\377\0006\000.\0002\000.\0001\000\040\000D\000e\000t\000a\000i\000l\000e\000d\000\040\000D\000e\000s\000c\000r\000i\000p\000t\000i\000o\000n}{section.6.2}% 20
\BOOKMARK [2][-]{subsection.6.2.2}{\376\377\0006\000.\0002\000.\0002\000\040\000C\000o\000n\000s\000t\000r\000u\000c\000t\000o\000r\000\040\000\046\000\040\000D\000e\000s\000t\000r\000u\000c\000t\000o\000r\000\040\000D\000o\000c\000u\000m\000e\000n\000t\000a\000t\000i\000o\000n}{section.6.2}% 21
\BOOKMARK [3][-]{subsubsection.6.2.2.1}{\376\377\0006\000.\0002\000.\0002\000.\0001\000\040\000C\000o\000m\000b\000i\000n\000a\000i\000s\000o\000n\000\050\000\051}{subsection.6.2.2}% 22
\BOOKMARK [2][-]{subsection.6.2.3}{\376\377\0006\000.\0002\000.\0003\000\040\000M\000e\000m\000b\000e\000r\000\040\000F\000u\000n\000c\000t\000i\000o\000n\000\040\000D\000o\000c\000u\000m\000e\000n\000t\000a\000t\000i\000o\000n}{section.6.2}% 23
\BOOKMARK [3][-]{subsubsection.6.2.3.1}{\376\377\0006\000.\0002\000.\0003\000.\0001\000\040\000g\000e\000t\000\050\000\051}{subsection.6.2.3}% 24
\BOOKMARK [3][-]{subsubsection.6.2.3.2}{\376\377\0006\000.\0002\000.\0003\000.\0002\000\040\000r\000e\000s\000u\000l\000t\000a\000t\000\050\000\051}{subsection.6.2.3}% 25
\BOOKMARK [3][-]{subsubsection.6.2.3.3}{\376\377\0006\000.\0002\000.\0003\000.\0003\000\040\000s\000e\000t\000C\000o\000m\000b\000i\000n\000a\000i\000s\000o\000n\000\050\000\051}{subsection.6.2.3}% 26
\BOOKMARK [3][-]{subsubsection.6.2.3.4}{\376\377\0006\000.\0002\000.\0003\000.\0004\000\040\000t\000o\000S\000t\000r\000i\000n\000g\000\050\000\051}{subsection.6.2.3}% 27
\BOOKMARK [1][-]{section.6.3}{\376\377\0006\000.\0003\000\040\000C\000o\000m\000b\000i\000W\000o\000r\000d\000l\000e\000\040\000C\000l\000a\000s\000s\000\040\000R\000e\000f\000e\000r\000e\000n\000c\000e}{chapter.6}% 28
\BOOKMARK [2][-]{subsection.6.3.1}{\376\377\0006\000.\0003\000.\0001\000\040\000D\000e\000t\000a\000i\000l\000e\000d\000\040\000D\000e\000s\000c\000r\000i\000p\000t\000i\000o\000n}{section.6.3}% 29
\BOOKMARK [2][-]{subsection.6.3.2}{\376\377\0006\000.\0003\000.\0002\000\040\000C\000o\000n\000s\000t\000r\000u\000c\000t\000o\000r\000\040\000\046\000\040\000D\000e\000s\000t\000r\000u\000c\000t\000o\000r\000\040\000D\000o\000c\000u\000m\000e\000n\000t\000a\000t\000i\000o\000n}{section.6.3}% 30
\BOOKMARK [3][-]{subsubsection.6.3.2.1}{\376\377\0006\000.\0003\000.\0002\000.\0001\000\040\000C\000o\000m\000b\000i\000W\000o\000r\000d\000l\000e\000\050\000\051\000\040\000[\0001\000/\0002\000]}{subsection.6.3.2}% 31
\BOOKMARK [3][-]{subsubsection.6.3.2.2}{\376\377\0006\000.\0003\000.\0002\000.\0002\000\040\000C\000o\000m\000b\000i\000W\000o\000r\000d\000l\000e\000\050\000\051\000\040\000[\0002\000/\0002\000]}{subsection.6.3.2}% 32
\BOOKMARK [2][-]{subsection.6.3.3}{\376\377\0006\000.\0003\000.\0003\000\040\000M\000e\000m\000b\000e\000r\000\040\000F\000u\000n\000c\000t\000i\000o\000n\000\040\000D\000o\000c\000u\000m\000e\000n\000t\000a\000t\000i\000o\000n}{section.6.3}% 33
\BOOKMARK [3][-]{subsubsection.6.3.3.1}{\376\377\0006\000.\0003\000.\0003\000.\0001\000\040\000a\000f\000f\000i\000c\000h\000e\000r\000R\000e\000s\000u\000l\000t\000a\000t\000\050\000\051}{subsection.6.3.3}% 34
\BOOKMARK [3][-]{subsubsection.6.3.3.2}{\376\377\0006\000.\0003\000.\0003\000.\0002\000\040\000r\000e\000s\000u\000l\000t\000a\000t\000\050\000\051}{subsection.6.3.3}% 35
\BOOKMARK [3][-]{subsubsection.6.3.3.3}{\376\377\0006\000.\0003\000.\0003\000.\0003\000\040\000r\000e\000s\000u\000l\000t\000a\000t\000\137\000c\000o\000u\000l\000e\000u\000r\000\050\000\051}{subsection.6.3.3}% 36
\BOOKMARK [3][-]{subsubsection.6.3.3.4}{\376\377\0006\000.\0003\000.\0003\000.\0004\000\040\000t\000o\000S\000t\000r\000i\000n\000g\000\050\000\051}{subsection.6.3.3}% 37
\BOOKMARK [1][-]{section.6.4}{\376\377\0006\000.\0004\000\040\000F\000o\000n\000c\000t\000i\000o\000n\000s\000U\000t\000i\000l\000e\000s\000\040\000C\000l\000a\000s\000s\000\040\000R\000e\000f\000e\000r\000e\000n\000c\000e}{chapter.6}% 38
\BOOKMARK [2][-]{subsection.6.4.1}{\376\377\0006\000.\0004\000.\0001\000\040\000D\000e\000t\000a\000i\000l\000e\000d\000\040\000D\000e\000s\000c\000r\000i\000p\000t\000i\000o\000n}{section.6.4}% 39
\BOOKMARK [2][-]{subsection.6.4.2}{\376\377\0006\000.\0004\000.\0002\000\040\000M\000e\000m\000b\000e\000r\000\040\000F\000u\000n\000c\000t\000i\000o\000n\000\040\000D\000o\000c\000u\000m\000e\000n\000t\000a\000t\000i\000o\000n}{section.6.4}% 40
\BOOKMARK [3][-]{subsubsection.6.4.2.1}{\376\377\0006\000.\0004\000.\0002\000.\0001\000\040\000b\000l\000a\000n\000c\000\050\000\051}{subsection.6.4.2}% 41
\BOOKMARK [3][-]{subsubsection.6.4.2.2}{\376\377\0006\000.\0004\000.\0002\000.\0002\000\040\000b\000l\000e\000u\000\050\000\051}{subsection.6.4.2}% 42
\BOOKMARK [3][-]{subsubsection.6.4.2.3}{\376\377\0006\000.\0004\000.\0002\000.\0003\000\040\000b\000l\000i\000n\000k\000\050\000\051}{subsection.6.4.2}% 43
\BOOKMARK [3][-]{subsubsection.6.4.2.4}{\376\377\0006\000.\0004\000.\0002\000.\0004\000\040\000c\000a\000r\000r\000e\000b\000l\000a\000n\000c\000\050\000\051}{subsection.6.4.2}% 44
\BOOKMARK [3][-]{subsubsection.6.4.2.5}{\376\377\0006\000.\0004\000.\0002\000.\0005\000\040\000c\000a\000r\000r\000e\000b\000l\000e\000u\000\050\000\051}{subsection.6.4.2}% 45
\BOOKMARK [3][-]{subsubsection.6.4.2.6}{\376\377\0006\000.\0004\000.\0002\000.\0006\000\040\000c\000a\000r\000r\000e\000j\000a\000u\000n\000e\000\050\000\051}{subsection.6.4.2}% 46
\BOOKMARK [3][-]{subsubsection.6.4.2.7}{\376\377\0006\000.\0004\000.\0002\000.\0007\000\040\000c\000a\000r\000r\000e\000m\000a\000r\000r\000o\000n\000\050\000\051}{subsection.6.4.2}% 47
\BOOKMARK [3][-]{subsubsection.6.4.2.8}{\376\377\0006\000.\0004\000.\0002\000.\0008\000\040\000c\000a\000r\000r\000e\000o\000r\000a\000n\000g\000e\000\050\000\051}{subsection.6.4.2}% 48
\BOOKMARK [3][-]{subsubsection.6.4.2.9}{\376\377\0006\000.\0004\000.\0002\000.\0009\000\040\000c\000a\000r\000r\000e\000r\000o\000s\000e\000\050\000\051}{subsection.6.4.2}% 49
\BOOKMARK [3][-]{subsubsection.6.4.2.10}{\376\377\0006\000.\0004\000.\0002\000.\0001\0000\000\040\000c\000a\000r\000r\000e\000r\000o\000u\000g\000e\000\050\000\051}{subsection.6.4.2}% 50
\BOOKMARK [3][-]{subsubsection.6.4.2.11}{\376\377\0006\000.\0004\000.\0002\000.\0001\0001\000\040\000c\000a\000r\000r\000e\000v\000e\000r\000t\000\050\000\051}{subsection.6.4.2}% 51
\BOOKMARK [3][-]{subsubsection.6.4.2.12}{\376\377\0006\000.\0004\000.\0002\000.\0001\0002\000\040\000c\000a\000r\000r\000e\000v\000i\000d\000e\000\050\000\051}{subsection.6.4.2}% 52
\BOOKMARK [3][-]{subsubsection.6.4.2.13}{\376\377\0006\000.\0004\000.\0002\000.\0001\0003\000\040\000c\000a\000r\000r\000e\000v\000i\000o\000l\000e\000t\000\050\000\051}{subsection.6.4.2}% 53
\BOOKMARK [3][-]{subsubsection.6.4.2.14}{\376\377\0006\000.\0004\000.\0002\000.\0001\0004\000\040\000c\000h\000a\000r\000T\000o\000S\000t\000r\000i\000n\000g\000\050\000\051}{subsection.6.4.2}% 54
\BOOKMARK [3][-]{subsubsection.6.4.2.15}{\376\377\0006\000.\0004\000.\0002\000.\0001\0005\000\040\000c\000h\000e\000c\000k\000M\000o\000t\000F\000i\000c\000h\000i\000e\000r\000\050\000\051}{subsection.6.4.2}% 55
\BOOKMARK [3][-]{subsubsection.6.4.2.16}{\376\377\0006\000.\0004\000.\0002\000.\0001\0006\000\040\000c\000y\000a\000n\000\050\000\051}{subsection.6.4.2}% 56
\BOOKMARK [3][-]{subsubsection.6.4.2.17}{\376\377\0006\000.\0004\000.\0002\000.\0001\0007\000\040\000e\000q\000u\000a\000l\000s\000\050\000\051}{subsection.6.4.2}% 57
\BOOKMARK [3][-]{subsubsection.6.4.2.18}{\376\377\0006\000.\0004\000.\0002\000.\0001\0008\000\040\000i\000n\000t\000T\000o\000S\000t\000r\000i\000n\000g\000\050\000\051}{subsection.6.4.2}% 58
\BOOKMARK [3][-]{subsubsection.6.4.2.19}{\376\377\0006\000.\0004\000.\0002\000.\0001\0009\000\040\000i\000s\000N\000u\000m\000b\000e\000r\000\050\000\051}{subsection.6.4.2}% 59
\BOOKMARK [3][-]{subsubsection.6.4.2.20}{\376\377\0006\000.\0004\000.\0002\000.\0002\0000\000\040\000j\000a\000u\000n\000e\000\050\000\051}{subsection.6.4.2}% 60
\BOOKMARK [3][-]{subsubsection.6.4.2.21}{\376\377\0006\000.\0004\000.\0002\000.\0002\0001\000\040\000r\000o\000u\000g\000e\000\050\000\051}{subsection.6.4.2}% 61
\BOOKMARK [3][-]{subsubsection.6.4.2.22}{\376\377\0006\000.\0004\000.\0002\000.\0002\0002\000\040\000s\000p\000l\000i\000t\000\050\000\051}{subsection.6.4.2}% 62
\BOOKMARK [3][-]{subsubsection.6.4.2.23}{\376\377\0006\000.\0004\000.\0002\000.\0002\0003\000\040\000t\000o\000C\000a\000r\000r\000e\000\050\000\051}{subsection.6.4.2}% 63
\BOOKMARK [3][-]{subsubsection.6.4.2.24}{\376\377\0006\000.\0004\000.\0002\000.\0002\0004\000\040\000v\000e\000r\000t\000\050\000\051}{subsection.6.4.2}% 64
\BOOKMARK [3][-]{subsubsection.6.4.2.25}{\376\377\0006\000.\0004\000.\0002\000.\0002\0005\000\040\000v\000e\000r\000t\000c\000l\000a\000i\000r\000\050\000\051}{subsection.6.4.2}% 65
\BOOKMARK [3][-]{subsubsection.6.4.2.26}{\376\377\0006\000.\0004\000.\0002\000.\0002\0006\000\040\000v\000i\000o\000l\000e\000t\000\050\000\051}{subsection.6.4.2}% 66
\BOOKMARK [3][-]{subsubsection.6.4.2.27}{\376\377\0006\000.\0004\000.\0002\000.\0002\0007\000\040\000v\000i\000o\000l\000e\000t\000c\000l\000a\000i\000r\000\050\000\051}{subsection.6.4.2}% 67
\BOOKMARK [1][-]{section.6.5}{\376\377\0006\000.\0005\000\040\000H\000u\000m\000a\000i\000n\000\040\000C\000l\000a\000s\000s\000\040\000R\000e\000f\000e\000r\000e\000n\000c\000e}{chapter.6}% 68
\BOOKMARK [2][-]{subsection.6.5.1}{\376\377\0006\000.\0005\000.\0001\000\040\000D\000e\000t\000a\000i\000l\000e\000d\000\040\000D\000e\000s\000c\000r\000i\000p\000t\000i\000o\000n}{section.6.5}% 69
\BOOKMARK [2][-]{subsection.6.5.2}{\376\377\0006\000.\0005\000.\0002\000\040\000C\000o\000n\000s\000t\000r\000u\000c\000t\000o\000r\000\040\000\046\000\040\000D\000e\000s\000t\000r\000u\000c\000t\000o\000r\000\040\000D\000o\000c\000u\000m\000e\000n\000t\000a\000t\000i\000o\000n}{section.6.5}% 70
\BOOKMARK [3][-]{subsubsection.6.5.2.1}{\376\377\0006\000.\0005\000.\0002\000.\0001\000\040\000H\000u\000m\000a\000i\000n\000\050\000\051}{subsection.6.5.2}% 71
\BOOKMARK [2][-]{subsection.6.5.3}{\376\377\0006\000.\0005\000.\0003\000\040\000M\000e\000m\000b\000e\000r\000\040\000F\000u\000n\000c\000t\000i\000o\000n\000\040\000D\000o\000c\000u\000m\000e\000n\000t\000a\000t\000i\000o\000n}{section.6.5}% 72
\BOOKMARK [3][-]{subsubsection.6.5.3.1}{\376\377\0006\000.\0005\000.\0003\000.\0001\000\040\000v\000e\000r\000i\000f\000i\000e\000r\000E\000n\000t\000r\000e\000e\000\050\000\051}{subsection.6.5.3}% 73
\BOOKMARK [1][-]{section.6.6}{\376\377\0006\000.\0006\000\040\000H\000u\000m\000a\000i\000n\000\137\000C\000o\000d\000e\000u\000r\000\040\000C\000l\000a\000s\000s\000\040\000R\000e\000f\000e\000r\000e\000n\000c\000e}{chapter.6}% 74
\BOOKMARK [2][-]{subsection.6.6.1}{\376\377\0006\000.\0006\000.\0001\000\040\000D\000e\000t\000a\000i\000l\000e\000d\000\040\000D\000e\000s\000c\000r\000i\000p\000t\000i\000o\000n}{section.6.6}% 75
\BOOKMARK [2][-]{subsection.6.6.2}{\376\377\0006\000.\0006\000.\0002\000\040\000M\000e\000m\000b\000e\000r\000\040\000F\000u\000n\000c\000t\000i\000o\000n\000\040\000D\000o\000c\000u\000m\000e\000n\000t\000a\000t\000i\000o\000n}{section.6.6}% 76
\BOOKMARK [3][-]{subsubsection.6.6.2.1}{\376\377\0006\000.\0006\000.\0002\000.\0001\000\040\000e\000n\000t\000r\000e\000r\000M\000d\000P\000\050\000\051}{subsection.6.6.2}% 77
\BOOKMARK [3][-]{subsubsection.6.6.2.2}{\376\377\0006\000.\0006\000.\0002\000.\0002\000\040\000g\000e\000t\000M\000d\000P\000\050\000\051}{subsection.6.6.2}% 78
\BOOKMARK [1][-]{section.6.7}{\376\377\0006\000.\0007\000\040\000H\000u\000m\000a\000i\000n\000\137\000C\000o\000d\000e\000u\000r\000\137\000M\000a\000s\000t\000e\000r\000m\000i\000n\000d\000\040\000C\000l\000a\000s\000s\000\040\000R\000e\000f\000e\000r\000e\000n\000c\000e}{chapter.6}% 79
\BOOKMARK [2][-]{subsection.6.7.1}{\376\377\0006\000.\0007\000.\0001\000\040\000D\000e\000t\000a\000i\000l\000e\000d\000\040\000D\000e\000s\000c\000r\000i\000p\000t\000i\000o\000n}{section.6.7}% 80
\BOOKMARK [2][-]{subsection.6.7.2}{\376\377\0006\000.\0007\000.\0002\000\040\000M\000e\000m\000b\000e\000r\000\040\000F\000u\000n\000c\000t\000i\000o\000n\000\040\000D\000o\000c\000u\000m\000e\000n\000t\000a\000t\000i\000o\000n}{section.6.7}% 81
\BOOKMARK [3][-]{subsubsection.6.7.2.1}{\376\377\0006\000.\0007\000.\0002\000.\0001\000\040\000e\000n\000t\000r\000e\000r\000C\000o\000d\000e\000\050\000\051}{subsection.6.7.2}% 82
\BOOKMARK [3][-]{subsubsection.6.7.2.2}{\376\377\0006\000.\0007\000.\0002\000.\0002\000\040\000v\000e\000r\000i\000f\000i\000e\000r\000E\000n\000t\000r\000e\000e\000\050\000\051}{subsection.6.7.2}% 83
\BOOKMARK [1][-]{section.6.8}{\376\377\0006\000.\0008\000\040\000H\000u\000m\000a\000i\000n\000\137\000C\000o\000d\000e\000u\000r\000\137\000W\000o\000r\000d\000l\000e\000\040\000C\000l\000a\000s\000s\000\040\000R\000e\000f\000e\000r\000e\000n\000c\000e}{chapter.6}% 84
\BOOKMARK [2][-]{subsection.6.8.1}{\376\377\0006\000.\0008\000.\0001\000\040\000D\000e\000t\000a\000i\000l\000e\000d\000\040\000D\000e\000s\000c\000r\000i\000p\000t\000i\000o\000n}{section.6.8}% 85
\BOOKMARK [2][-]{subsection.6.8.2}{\376\377\0006\000.\0008\000.\0002\000\040\000M\000e\000m\000b\000e\000r\000\040\000F\000u\000n\000c\000t\000i\000o\000n\000\040\000D\000o\000c\000u\000m\000e\000n\000t\000a\000t\000i\000o\000n}{section.6.8}% 86
\BOOKMARK [3][-]{subsubsection.6.8.2.1}{\376\377\0006\000.\0008\000.\0002\000.\0001\000\040\000e\000n\000t\000r\000e\000r\000C\000o\000d\000e\000\050\000\051}{subsection.6.8.2}% 87
\BOOKMARK [3][-]{subsubsection.6.8.2.2}{\376\377\0006\000.\0008\000.\0002\000.\0002\000\040\000v\000e\000r\000i\000f\000i\000e\000r\000E\000n\000t\000r\000e\000e\000\050\000\051}{subsection.6.8.2}% 88
\BOOKMARK [1][-]{section.6.9}{\376\377\0006\000.\0009\000\040\000H\000u\000m\000a\000i\000n\000\137\000D\000e\000c\000o\000d\000e\000u\000r\000\040\000C\000l\000a\000s\000s\000\040\000R\000e\000f\000e\000r\000e\000n\000c\000e}{chapter.6}% 89
\BOOKMARK [2][-]{subsection.6.9.1}{\376\377\0006\000.\0009\000.\0001\000\040\000D\000e\000t\000a\000i\000l\000e\000d\000\040\000D\000e\000s\000c\000r\000i\000p\000t\000i\000o\000n}{section.6.9}% 90
\BOOKMARK [1][-]{section.6.10}{\376\377\0006\000.\0001\0000\000\040\000H\000u\000m\000a\000i\000n\000\137\000D\000e\000c\000o\000d\000e\000u\000r\000\137\000M\000a\000s\000t\000e\000r\000m\000i\000n\000d\000\040\000C\000l\000a\000s\000s\000\040\000R\000e\000f\000e\000r\000e\000n\000c\000e}{chapter.6}% 91
\BOOKMARK [2][-]{subsection.6.10.1}{\376\377\0006\000.\0001\0000\000.\0001\000\040\000D\000e\000t\000a\000i\000l\000e\000d\000\040\000D\000e\000s\000c\000r\000i\000p\000t\000i\000o\000n}{section.6.10}% 92
\BOOKMARK [2][-]{subsection.6.10.2}{\376\377\0006\000.\0001\0000\000.\0002\000\040\000M\000e\000m\000b\000e\000r\000\040\000F\000u\000n\000c\000t\000i\000o\000n\000\040\000D\000o\000c\000u\000m\000e\000n\000t\000a\000t\000i\000o\000n}{section.6.10}% 93
\BOOKMARK [3][-]{subsubsection.6.10.2.1}{\376\377\0006\000.\0001\0000\000.\0002\000.\0001\000\040\000e\000n\000t\000r\000e\000r\000C\000o\000m\000b\000i\000n\000a\000i\000s\000o\000n\000\050\000\051}{subsection.6.10.2}% 94
\BOOKMARK [3][-]{subsubsection.6.10.2.2}{\376\377\0006\000.\0001\0000\000.\0002\000.\0002\000\040\000v\000e\000r\000i\000f\000i\000e\000r\000E\000n\000t\000r\000e\000e\000\050\000\051}{subsection.6.10.2}% 95
\BOOKMARK [1][-]{section.6.11}{\376\377\0006\000.\0001\0001\000\040\000H\000u\000m\000a\000i\000n\000\137\000D\000e\000c\000o\000d\000e\000u\000r\000\137\000W\000o\000r\000d\000l\000e\000\040\000C\000l\000a\000s\000s\000\040\000R\000e\000f\000e\000r\000e\000n\000c\000e}{chapter.6}% 96
\BOOKMARK [2][-]{subsection.6.11.1}{\376\377\0006\000.\0001\0001\000.\0001\000\040\000D\000e\000t\000a\000i\000l\000e\000d\000\040\000D\000e\000s\000c\000r\000i\000p\000t\000i\000o\000n}{section.6.11}% 97
\BOOKMARK [2][-]{subsection.6.11.2}{\376\377\0006\000.\0001\0001\000.\0002\000\040\000M\000e\000m\000b\000e\000r\000\040\000F\000u\000n\000c\000t\000i\000o\000n\000\040\000D\000o\000c\000u\000m\000e\000n\000t\000a\000t\000i\000o\000n}{section.6.11}% 98
\BOOKMARK [3][-]{subsubsection.6.11.2.1}{\376\377\0006\000.\0001\0001\000.\0002\000.\0001\000\040\000v\000e\000r\000i\000f\000i\000e\000r\000E\000n\000t\000r\000e\000e\000\050\000\051}{subsection.6.11.2}% 99
\BOOKMARK [1][-]{section.6.12}{\376\377\0006\000.\0001\0002\000\040\000I\000A\000\040\000C\000l\000a\000s\000s\000\040\000R\000e\000f\000e\000r\000e\000n\000c\000e}{chapter.6}% 100
\BOOKMARK [2][-]{subsection.6.12.1}{\376\377\0006\000.\0001\0002\000.\0001\000\040\000D\000e\000t\000a\000i\000l\000e\000d\000\040\000D\000e\000s\000c\000r\000i\000p\000t\000i\000o\000n}{section.6.12}% 101
\BOOKMARK [2][-]{subsection.6.12.2}{\376\377\0006\000.\0001\0002\000.\0002\000\040\000C\000o\000n\000s\000t\000r\000u\000c\000t\000o\000r\000\040\000\046\000\040\000D\000e\000s\000t\000r\000u\000c\000t\000o\000r\000\040\000D\000o\000c\000u\000m\000e\000n\000t\000a\000t\000i\000o\000n}{section.6.12}% 102
\BOOKMARK [3][-]{subsubsection.6.12.2.1}{\376\377\0006\000.\0001\0002\000.\0002\000.\0001\000\040\000I\000A\000\050\000\051}{subsection.6.12.2}% 103
\BOOKMARK [2][-]{subsection.6.12.3}{\376\377\0006\000.\0001\0002\000.\0003\000\040\000M\000e\000m\000b\000e\000r\000\040\000F\000u\000n\000c\000t\000i\000o\000n\000\040\000D\000o\000c\000u\000m\000e\000n\000t\000a\000t\000i\000o\000n}{section.6.12}% 104
\BOOKMARK [3][-]{subsubsection.6.12.3.1}{\376\377\0006\000.\0001\0002\000.\0003\000.\0001\000\040\000c\000h\000o\000i\000s\000i\000r\000C\000o\000m\000b\000i\000n\000a\000i\000s\000o\000n\000\050\000\051}{subsection.6.12.3}% 105
\BOOKMARK [1][-]{section.6.13}{\376\377\0006\000.\0001\0003\000\040\000I\000A\000\137\000C\000o\000d\000e\000u\000r\000\040\000C\000l\000a\000s\000s\000\040\000R\000e\000f\000e\000r\000e\000n\000c\000e}{chapter.6}% 106
\BOOKMARK [2][-]{subsection.6.13.1}{\376\377\0006\000.\0001\0003\000.\0001\000\040\000D\000e\000t\000a\000i\000l\000e\000d\000\040\000D\000e\000s\000c\000r\000i\000p\000t\000i\000o\000n}{section.6.13}% 107
\BOOKMARK [2][-]{subsection.6.13.2}{\376\377\0006\000.\0001\0003\000.\0002\000\040\000M\000e\000m\000b\000e\000r\000\040\000F\000u\000n\000c\000t\000i\000o\000n\000\040\000D\000o\000c\000u\000m\000e\000n\000t\000a\000t\000i\000o\000n}{section.6.13}% 108
\BOOKMARK [3][-]{subsubsection.6.13.2.1}{\376\377\0006\000.\0001\0003\000.\0002\000.\0001\000\040\000g\000e\000n\000e\000r\000e\000r\000C\000o\000d\000e\000\050\000\051}{subsection.6.13.2}% 109
\BOOKMARK [3][-]{subsubsection.6.13.2.2}{\376\377\0006\000.\0001\0003\000.\0002\000.\0002\000\040\000g\000e\000n\000e\000r\000e\000r\000M\000d\000P\000\050\000\051}{subsection.6.13.2}% 110
\BOOKMARK [3][-]{subsubsection.6.13.2.3}{\376\377\0006\000.\0001\0003\000.\0002\000.\0003\000\040\000g\000e\000t\000M\000d\000P\000\050\000\051}{subsection.6.13.2}% 111
\BOOKMARK [1][-]{section.6.14}{\376\377\0006\000.\0001\0004\000\040\000I\000A\000\137\000C\000o\000d\000e\000u\000r\000\137\000M\000a\000s\000t\000e\000r\000m\000i\000n\000d\000\040\000C\000l\000a\000s\000s\000\040\000R\000e\000f\000e\000r\000e\000n\000c\000e}{chapter.6}% 112
\BOOKMARK [2][-]{subsection.6.14.1}{\376\377\0006\000.\0001\0004\000.\0001\000\040\000D\000e\000t\000a\000i\000l\000e\000d\000\040\000D\000e\000s\000c\000r\000i\000p\000t\000i\000o\000n}{section.6.14}% 113
\BOOKMARK [2][-]{subsection.6.14.2}{\376\377\0006\000.\0001\0004\000.\0002\000\040\000M\000e\000m\000b\000e\000r\000\040\000F\000u\000n\000c\000t\000i\000o\000n\000\040\000D\000o\000c\000u\000m\000e\000n\000t\000a\000t\000i\000o\000n}{section.6.14}% 114
\BOOKMARK [3][-]{subsubsection.6.14.2.1}{\376\377\0006\000.\0001\0004\000.\0002\000.\0001\000\040\000c\000h\000o\000i\000s\000i\000r\000C\000o\000m\000b\000i\000n\000a\000i\000s\000o\000n\000\050\000\051}{subsection.6.14.2}% 115
\BOOKMARK [3][-]{subsubsection.6.14.2.2}{\376\377\0006\000.\0001\0004\000.\0002\000.\0002\000\040\000g\000e\000n\000e\000r\000e\000r\000C\000o\000d\000e\000\050\000\051}{subsection.6.14.2}% 116
\BOOKMARK [1][-]{section.6.15}{\376\377\0006\000.\0001\0005\000\040\000I\000A\000\137\000C\000o\000d\000e\000u\000r\000\137\000W\000o\000r\000d\000l\000e\000\040\000C\000l\000a\000s\000s\000\040\000R\000e\000f\000e\000r\000e\000n\000c\000e}{chapter.6}% 117
\BOOKMARK [2][-]{subsection.6.15.1}{\376\377\0006\000.\0001\0005\000.\0001\000\040\000D\000e\000t\000a\000i\000l\000e\000d\000\040\000D\000e\000s\000c\000r\000i\000p\000t\000i\000o\000n}{section.6.15}% 118
\BOOKMARK [2][-]{subsection.6.15.2}{\376\377\0006\000.\0001\0005\000.\0002\000\040\000M\000e\000m\000b\000e\000r\000\040\000F\000u\000n\000c\000t\000i\000o\000n\000\040\000D\000o\000c\000u\000m\000e\000n\000t\000a\000t\000i\000o\000n}{section.6.15}% 119
\BOOKMARK [3][-]{subsubsection.6.15.2.1}{\376\377\0006\000.\0001\0005\000.\0002\000.\0001\000\040\000c\000h\000o\000i\000s\000i\000r\000C\000o\000m\000b\000i\000n\000a\000i\000s\000o\000n\000\050\000\051}{subsection.6.15.2}% 120
\BOOKMARK [3][-]{subsubsection.6.15.2.2}{\376\377\0006\000.\0001\0005\000.\0002\000.\0002\000\040\000g\000e\000n\000e\000r\000e\000r\000C\000o\000d\000e\000\050\000\051}{subsection.6.15.2}% 121
\BOOKMARK [1][-]{section.6.16}{\376\377\0006\000.\0001\0006\000\040\000I\000A\000\137\000D\000e\000c\000o\000d\000e\000u\000r\000\040\000C\000l\000a\000s\000s\000\040\000R\000e\000f\000e\000r\000e\000n\000c\000e}{chapter.6}% 122
\BOOKMARK [2][-]{subsection.6.16.1}{\376\377\0006\000.\0001\0006\000.\0001\000\040\000D\000e\000t\000a\000i\000l\000e\000d\000\040\000D\000e\000s\000c\000r\000i\000p\000t\000i\000o\000n}{section.6.16}% 123
\BOOKMARK [2][-]{subsection.6.16.2}{\376\377\0006\000.\0001\0006\000.\0002\000\040\000M\000e\000m\000b\000e\000r\000\040\000F\000u\000n\000c\000t\000i\000o\000n\000\040\000D\000o\000c\000u\000m\000e\000n\000t\000a\000t\000i\000o\000n}{section.6.16}% 124
\BOOKMARK [3][-]{subsubsection.6.16.2.1}{\376\377\0006\000.\0001\0006\000.\0002\000.\0001\000\040\000C\000o\000m\000b\000i\000\137\000p\000o\000s\000s\000i\000b\000l\000e\000\050\000\051}{subsection.6.16.2}% 125
\BOOKMARK [1][-]{section.6.17}{\376\377\0006\000.\0001\0007\000\040\000I\000A\000\137\000D\000e\000c\000o\000d\000e\000u\000r\000\137\000M\000a\000s\000t\000e\000r\000m\000i\000n\000d\000\040\000C\000l\000a\000s\000s\000\040\000R\000e\000f\000e\000r\000e\000n\000c\000e}{chapter.6}% 126
\BOOKMARK [2][-]{subsection.6.17.1}{\376\377\0006\000.\0001\0007\000.\0001\000\040\000D\000e\000t\000a\000i\000l\000e\000d\000\040\000D\000e\000s\000c\000r\000i\000p\000t\000i\000o\000n}{section.6.17}% 127
\BOOKMARK [2][-]{subsection.6.17.2}{\376\377\0006\000.\0001\0007\000.\0002\000\040\000M\000e\000m\000b\000e\000r\000\040\000F\000u\000n\000c\000t\000i\000o\000n\000\040\000D\000o\000c\000u\000m\000e\000n\000t\000a\000t\000i\000o\000n}{section.6.17}% 128
\BOOKMARK [3][-]{subsubsection.6.17.2.1}{\376\377\0006\000.\0001\0007\000.\0002\000.\0001\000\040\000c\000h\000o\000i\000s\000i\000r\000C\000o\000m\000b\000i\000n\000a\000i\000s\000o\000n\000\050\000\051}{subsection.6.17.2}% 129
\BOOKMARK [3][-]{subsubsection.6.17.2.2}{\376\377\0006\000.\0001\0007\000.\0002\000.\0002\000\040\000C\000o\000m\000b\000i\000\137\000p\000o\000s\000s\000i\000b\000l\000e\000\050\000\051}{subsection.6.17.2}% 130
\BOOKMARK [1][-]{section.6.18}{\376\377\0006\000.\0001\0008\000\040\000I\000A\000\137\000D\000e\000c\000o\000d\000e\000u\000r\000\137\000W\000o\000r\000d\000l\000e\000\040\000C\000l\000a\000s\000s\000\040\000R\000e\000f\000e\000r\000e\000n\000c\000e}{chapter.6}% 131
\BOOKMARK [2][-]{subsection.6.18.1}{\376\377\0006\000.\0001\0008\000.\0001\000\040\000D\000e\000t\000a\000i\000l\000e\000d\000\040\000D\000e\000s\000c\000r\000i\000p\000t\000i\000o\000n}{section.6.18}% 132
\BOOKMARK [2][-]{subsection.6.18.2}{\376\377\0006\000.\0001\0008\000.\0002\000\040\000M\000e\000m\000b\000e\000r\000\040\000F\000u\000n\000c\000t\000i\000o\000n\000\040\000D\000o\000c\000u\000m\000e\000n\000t\000a\000t\000i\000o\000n}{section.6.18}% 133
\BOOKMARK [3][-]{subsubsection.6.18.2.1}{\376\377\0006\000.\0001\0008\000.\0002\000.\0001\000\040\000c\000h\000o\000i\000s\000i\000r\000C\000o\000m\000b\000i\000n\000a\000i\000s\000o\000n\000\050\000\051}{subsection.6.18.2}% 134
\BOOKMARK [3][-]{subsubsection.6.18.2.2}{\376\377\0006\000.\0001\0008\000.\0002\000.\0002\000\040\000C\000o\000m\000b\000i\000\137\000p\000o\000s\000s\000i\000b\000l\000e\000\050\000\051}{subsection.6.18.2}% 135
\BOOKMARK [3][-]{subsubsection.6.18.2.3}{\376\377\0006\000.\0001\0008\000.\0002\000.\0003\000\040\000M\000a\000j\000\137\000e\000n\000s\000e\000m\000b\000l\000e\000\050\000\051}{subsection.6.18.2}% 136
\BOOKMARK [1][-]{section.6.19}{\376\377\0006\000.\0001\0009\000\040\000J\000e\000u\000D\000e\000D\000e\000d\000u\000c\000t\000i\000o\000n\000\040\000C\000l\000a\000s\000s\000\040\000R\000e\000f\000e\000r\000e\000n\000c\000e}{chapter.6}% 137
\BOOKMARK [2][-]{subsection.6.19.1}{\376\377\0006\000.\0001\0009\000.\0001\000\040\000D\000e\000t\000a\000i\000l\000e\000d\000\040\000D\000e\000s\000c\000r\000i\000p\000t\000i\000o\000n}{section.6.19}% 138
\BOOKMARK [2][-]{subsection.6.19.2}{\376\377\0006\000.\0001\0009\000.\0002\000\040\000C\000o\000n\000s\000t\000r\000u\000c\000t\000o\000r\000\040\000\046\000\040\000D\000e\000s\000t\000r\000u\000c\000t\000o\000r\000\040\000D\000o\000c\000u\000m\000e\000n\000t\000a\000t\000i\000o\000n}{section.6.19}% 139
\BOOKMARK [3][-]{subsubsection.6.19.2.1}{\376\377\0006\000.\0001\0009\000.\0002\000.\0001\000\040\000J\000e\000u\000D\000e\000D\000e\000d\000u\000c\000t\000i\000o\000n\000\050\000\051}{subsection.6.19.2}% 140
\BOOKMARK [2][-]{subsection.6.19.3}{\376\377\0006\000.\0001\0009\000.\0003\000\040\000M\000e\000m\000b\000e\000r\000\040\000F\000u\000n\000c\000t\000i\000o\000n\000\040\000D\000o\000c\000u\000m\000e\000n\000t\000a\000t\000i\000o\000n}{section.6.19}% 141
\BOOKMARK [3][-]{subsubsection.6.19.3.1}{\376\377\0006\000.\0001\0009\000.\0003\000.\0001\000\040\000d\000e\000t\000e\000c\000t\000i\000o\000n\000V\000i\000c\000t\000o\000i\000r\000e\000\050\000\051}{subsection.6.19.3}% 142
\BOOKMARK [3][-]{subsubsection.6.19.3.2}{\376\377\0006\000.\0001\0009\000.\0003\000.\0002\000\040\000g\000e\000t\000T\000o\000u\000r\000\050\000\051}{subsection.6.19.3}% 143
\BOOKMARK [1][-]{section.6.20}{\376\377\0006\000.\0002\0000\000\040\000J\000o\000u\000e\000u\000r\000\040\000C\000l\000a\000s\000s\000\040\000R\000e\000f\000e\000r\000e\000n\000c\000e}{chapter.6}% 144
\BOOKMARK [2][-]{subsection.6.20.1}{\376\377\0006\000.\0002\0000\000.\0001\000\040\000D\000e\000t\000a\000i\000l\000e\000d\000\040\000D\000e\000s\000c\000r\000i\000p\000t\000i\000o\000n}{section.6.20}% 145
\BOOKMARK [2][-]{subsection.6.20.2}{\376\377\0006\000.\0002\0000\000.\0002\000\040\000C\000o\000n\000s\000t\000r\000u\000c\000t\000o\000r\000\040\000\046\000\040\000D\000e\000s\000t\000r\000u\000c\000t\000o\000r\000\040\000D\000o\000c\000u\000m\000e\000n\000t\000a\000t\000i\000o\000n}{section.6.20}% 146
\BOOKMARK [3][-]{subsubsection.6.20.2.1}{\376\377\0006\000.\0002\0000\000.\0002\000.\0001\000\040\000J\000o\000u\000e\000u\000r\000\050\000\051}{subsection.6.20.2}% 147
\BOOKMARK [2][-]{subsection.6.20.3}{\376\377\0006\000.\0002\0000\000.\0003\000\040\000M\000e\000m\000b\000e\000r\000\040\000F\000u\000n\000c\000t\000i\000o\000n\000\040\000D\000o\000c\000u\000m\000e\000n\000t\000a\000t\000i\000o\000n}{section.6.20}% 148
\BOOKMARK [3][-]{subsubsection.6.20.3.1}{\376\377\0006\000.\0002\0000\000.\0003\000.\0001\000\040\000g\000e\000t\000C\000o\000m\000b\000i\000n\000a\000i\000s\000o\000n\000\050\000\051}{subsection.6.20.3}% 149
\BOOKMARK [3][-]{subsubsection.6.20.3.2}{\376\377\0006\000.\0002\0000\000.\0003\000.\0002\000\040\000g\000e\000t\000P\000s\000e\000u\000d\000o\000\050\000\051}{subsection.6.20.3}% 150
\BOOKMARK [3][-]{subsubsection.6.20.3.3}{\376\377\0006\000.\0002\0000\000.\0003\000.\0003\000\040\000s\000e\000t\000\137\000h\000i\000s\000t\000o\000r\000i\000q\000u\000e\000R\000e\000s\000\050\000\051}{subsection.6.20.3}% 151
\BOOKMARK [3][-]{subsubsection.6.20.3.4}{\376\377\0006\000.\0002\0000\000.\0003\000.\0004\000\040\000s\000e\000t\000C\000o\000m\000b\000i\000n\000a\000i\000s\000o\000n\000\050\000\051}{subsection.6.20.3}% 152
\BOOKMARK [3][-]{subsubsection.6.20.3.5}{\376\377\0006\000.\0002\0000\000.\0003\000.\0005\000\040\000s\000e\000t\000P\000s\000e\000u\000d\000o\000\050\000\051}{subsection.6.20.3}% 153
\BOOKMARK [3][-]{subsubsection.6.20.3.6}{\376\377\0006\000.\0002\0000\000.\0003\000.\0006\000\040\000t\000o\000S\000t\000r\000i\000n\000g\000\050\000\051}{subsection.6.20.3}% 154
\BOOKMARK [1][-]{section.6.21}{\376\377\0006\000.\0002\0001\000\040\000M\000a\000s\000t\000e\000r\000m\000i\000n\000d\000\040\000C\000l\000a\000s\000s\000\040\000R\000e\000f\000e\000r\000e\000n\000c\000e}{chapter.6}% 155
\BOOKMARK [2][-]{subsection.6.21.1}{\376\377\0006\000.\0002\0001\000.\0001\000\040\000D\000e\000t\000a\000i\000l\000e\000d\000\040\000D\000e\000s\000c\000r\000i\000p\000t\000i\000o\000n}{section.6.21}% 156
\BOOKMARK [2][-]{subsection.6.21.2}{\376\377\0006\000.\0002\0001\000.\0002\000\040\000C\000o\000n\000s\000t\000r\000u\000c\000t\000o\000r\000\040\000\046\000\040\000D\000e\000s\000t\000r\000u\000c\000t\000o\000r\000\040\000D\000o\000c\000u\000m\000e\000n\000t\000a\000t\000i\000o\000n}{section.6.21}% 157
\BOOKMARK [3][-]{subsubsection.6.21.2.1}{\376\377\0006\000.\0002\0001\000.\0002\000.\0001\000\040\000M\000a\000s\000t\000e\000r\000m\000i\000n\000d\000\050\000\051}{subsection.6.21.2}% 158
\BOOKMARK [2][-]{subsection.6.21.3}{\376\377\0006\000.\0002\0001\000.\0003\000\040\000M\000e\000m\000b\000e\000r\000\040\000F\000u\000n\000c\000t\000i\000o\000n\000\040\000D\000o\000c\000u\000m\000e\000n\000t\000a\000t\000i\000o\000n}{section.6.21}% 159
\BOOKMARK [3][-]{subsubsection.6.21.3.1}{\376\377\0006\000.\0002\0001\000.\0003\000.\0001\000\040\000p\000a\000r\000t\000i\000e\000\050\000\051}{subsection.6.21.3}% 160
\BOOKMARK [1][-]{section.6.22}{\376\377\0006\000.\0002\0002\000\040\000M\000e\000n\000u\000\040\000C\000l\000a\000s\000s\000\040\000R\000e\000f\000e\000r\000e\000n\000c\000e}{chapter.6}% 161
\BOOKMARK [2][-]{subsection.6.22.1}{\376\377\0006\000.\0002\0002\000.\0001\000\040\000D\000e\000t\000a\000i\000l\000e\000d\000\040\000D\000e\000s\000c\000r\000i\000p\000t\000i\000o\000n}{section.6.22}% 162
\BOOKMARK [2][-]{subsection.6.22.2}{\376\377\0006\000.\0002\0002\000.\0002\000\040\000C\000o\000n\000s\000t\000r\000u\000c\000t\000o\000r\000\040\000\046\000\040\000D\000e\000s\000t\000r\000u\000c\000t\000o\000r\000\040\000D\000o\000c\000u\000m\000e\000n\000t\000a\000t\000i\000o\000n}{section.6.22}% 163
\BOOKMARK [3][-]{subsubsection.6.22.2.1}{\376\377\0006\000.\0002\0002\000.\0002\000.\0001\000\040\000M\000e\000n\000u\000\050\000\051}{subsection.6.22.2}% 164
\BOOKMARK [2][-]{subsection.6.22.3}{\376\377\0006\000.\0002\0002\000.\0003\000\040\000M\000e\000m\000b\000e\000r\000\040\000F\000u\000n\000c\000t\000i\000o\000n\000\040\000D\000o\000c\000u\000m\000e\000n\000t\000a\000t\000i\000o\000n}{section.6.22}% 165
\BOOKMARK [3][-]{subsubsection.6.22.3.1}{\376\377\0006\000.\0002\0002\000.\0003\000.\0001\000\040\000a\000p\000p\000a\000r\000t\000i\000e\000n\000t\000D\000i\000c\000o\000\050\000\051}{subsection.6.22.3}% 166
\BOOKMARK [3][-]{subsubsection.6.22.3.2}{\376\377\0006\000.\0002\0002\000.\0003\000.\0002\000\040\000a\000p\000p\000a\000r\000t\000i\000e\000n\000t\000E\000E\000\050\000\051}{subsection.6.22.3}% 167
\BOOKMARK [3][-]{subsubsection.6.22.3.3}{\376\377\0006\000.\0002\0002\000.\0003\000.\0003\000\040\000c\000h\000o\000i\000s\000i\000r\000J\000e\000u\000\050\000\051}{subsection.6.22.3}% 168
\BOOKMARK [3][-]{subsubsection.6.22.3.4}{\376\377\0006\000.\0002\0002\000.\0003\000.\0004\000\040\000p\000a\000r\000a\000m\000e\000t\000r\000e\000D\000e\000J\000e\000u\000\050\000\051}{subsection.6.22.3}% 169
\BOOKMARK [1][-]{section.6.23}{\376\377\0006\000.\0002\0003\000\040\000U\000n\000i\000t\000T\000e\000s\000t\000\040\000C\000l\000a\000s\000s\000\040\000R\000e\000f\000e\000r\000e\000n\000c\000e}{chapter.6}% 170
\BOOKMARK [1][-]{section.6.24}{\376\377\0006\000.\0002\0004\000\040\000W\000o\000r\000d\000l\000e\000\040\000C\000l\000a\000s\000s\000\040\000R\000e\000f\000e\000r\000e\000n\000c\000e}{chapter.6}% 171
\BOOKMARK [2][-]{subsection.6.24.1}{\376\377\0006\000.\0002\0004\000.\0001\000\040\000D\000e\000t\000a\000i\000l\000e\000d\000\040\000D\000e\000s\000c\000r\000i\000p\000t\000i\000o\000n}{section.6.24}% 172
\BOOKMARK [2][-]{subsection.6.24.2}{\376\377\0006\000.\0002\0004\000.\0002\000\040\000C\000o\000n\000s\000t\000r\000u\000c\000t\000o\000r\000\040\000\046\000\040\000D\000e\000s\000t\000r\000u\000c\000t\000o\000r\000\040\000D\000o\000c\000u\000m\000e\000n\000t\000a\000t\000i\000o\000n}{section.6.24}% 173
\BOOKMARK [3][-]{subsubsection.6.24.2.1}{\376\377\0006\000.\0002\0004\000.\0002\000.\0001\000\040\000W\000o\000r\000d\000l\000e\000\050\000\051}{subsection.6.24.2}% 174
\BOOKMARK [2][-]{subsection.6.24.3}{\376\377\0006\000.\0002\0004\000.\0003\000\040\000M\000e\000m\000b\000e\000r\000\040\000F\000u\000n\000c\000t\000i\000o\000n\000\040\000D\000o\000c\000u\000m\000e\000n\000t\000a\000t\000i\000o\000n}{section.6.24}% 175
\BOOKMARK [3][-]{subsubsection.6.24.3.1}{\376\377\0006\000.\0002\0004\000.\0003\000.\0001\000\040\000a\000f\000f\000i\000c\000h\000e\000r\000H\000i\000s\000t\000o\000r\000i\000q\000u\000e\000\050\000\051}{subsection.6.24.3}% 176
\BOOKMARK [0][-]{section*.157}{\376\377\000I\000n\000d\000e\000x}{}% 177
