This is pdfTeX, Version 3.14159265-2.6-1.40.20 (TeX Live 2019/Debian) (preloaded format=pdflatex 2020.11.3)  18 APR 2022 15:56
entering extended mode
 restricted \write18 enabled.
 %&-line parsing enabled.
**refman
(./refman.tex
LaTeX2e <2020-02-02> patch level 2
L3 programming layer <2020-02-14>
(/usr/share/texlive/texmf-dist/tex/latex/base/book.cls
Document Class: book 2019/12/20 v1.4l Standard LaTeX document class
(/usr/share/texlive/texmf-dist/tex/latex/base/bk10.clo
File: bk10.clo 2019/12/20 v1.4l Standard LaTeX file (size option)
)
\c@part=\count167
\c@chapter=\count168
\c@section=\count169
\c@subsection=\count170
\c@subsubsection=\count171
\c@paragraph=\count172
\c@subparagraph=\count173
\c@figure=\count174
\c@table=\count175
\abovecaptionskip=\skip47
\belowcaptionskip=\skip48
\bibindent=\dimen134
)
(/usr/share/texlive/texmf-dist/tex/latex/base/ifthen.sty
Package: ifthen 2014/09/29 v1.1c Standard LaTeX ifthen package (DPC)
)
(/usr/share/texlive/texmf-dist/tex/latex/tools/array.sty
Rollback for package 'array' requested -> date 2016-10-06.
         Best approximation is the release introduced on 2016-10-06.

(/usr/share/texlive/texmf-dist/tex/latex/tools/array-2016-10-06.sty
Package: array 2016/10/06 v2.4d Tabular extension package (FMi)
\col@sep=\dimen135
\extrarowheight=\dimen136
\NC@list=\toks14
\extratabsurround=\skip49
\backup@length=\skip50
))
(/usr/share/texlive/texmf-dist/tex/latex/base/fixltx2e.sty
Package: fixltx2e 2016/12/29 v2.1a fixes to LaTeX (obsolete)
Applying: [2015/01/01] Old fixltx2e package on input line 46.


Package fixltx2e Warning: fixltx2e is not required with releases after 2015
(fixltx2e)                All fixes are now in the LaTeX kernel.
(fixltx2e)                See the latexrelease package for details.

Already applied: [0000/00/00] Old fixltx2e package on input line 53.
) (/usr/share/texlive/texmf-dist/tex/latex/tools/calc.sty
Package: calc 2017/05/25 v4.3 Infix arithmetic (KKT,FJ)
\calc@Acount=\count176
\calc@Bcount=\count177
\calc@Adimen=\dimen137
\calc@Bdimen=\dimen138
\calc@Askip=\skip51
\calc@Bskip=\skip52
LaTeX Info: Redefining \setlength on input line 80.
LaTeX Info: Redefining \addtolength on input line 81.
\calc@Ccount=\count178
\calc@Cskip=\skip53
) (./doxygen.sty
Package: doxygen 

(/usr/share/texlive/texmf-dist/tex/latex/base/alltt.sty
Package: alltt 1997/06/16 v2.0g defines alltt environment
)
(/usr/share/texlive/texmf-dist/tex/latex/float/float.sty
Package: float 2001/11/08 v1.3d Float enhancements (AL)
\c@float@type=\count179
\float@exts=\toks15
\float@box=\box45
\@float@everytoks=\toks16
\@floatcapt=\box46
)
(/usr/share/texlive/texmf-dist/tex/latex/tools/verbatim.sty
Package: verbatim 2019/11/10 v1.5r LaTeX2e package for verbatim enhancements
\every@verbatim=\toks17
\verbatim@line=\toks18
\verbatim@in@stream=\read2
)
(/usr/share/texlive/texmf-dist/tex/latex/xcolor/xcolor.sty
Package: xcolor 2016/05/11 v2.12 LaTeX color extensions (UK)

(/usr/share/texlive/texmf-dist/tex/latex/graphics-cfg/color.cfg
File: color.cfg 2016/01/02 v1.6 sample color configuration
)
Package xcolor Info: Driver file: pdftex.def on input line 225.

(/usr/share/texlive/texmf-dist/tex/latex/graphics-def/pdftex.def
File: pdftex.def 2018/01/08 v1.0l Graphics/color driver for pdftex
)
(/usr/share/texlive/texmf-dist/tex/latex/colortbl/colortbl.sty
Package: colortbl 2020/01/04 v1.0e Color table columns (DPC)
\everycr=\toks19
\minrowclearance=\skip54
)
\rownum=\count180
Package xcolor Info: Model `cmy' substituted by `cmy0' on input line 1348.
Package xcolor Info: Model `hsb' substituted by `rgb' on input line 1352.
Package xcolor Info: Model `RGB' extended on input line 1364.
Package xcolor Info: Model `HTML' substituted by `rgb' on input line 1366.
Package xcolor Info: Model `Hsb' substituted by `hsb' on input line 1367.
Package xcolor Info: Model `tHsb' substituted by `hsb' on input line 1368.
Package xcolor Info: Model `HSB' substituted by `hsb' on input line 1369.
Package xcolor Info: Model `Gray' substituted by `gray' on input line 1370.
Package xcolor Info: Model `wave' substituted by `hsb' on input line 1371.
)
(./longtable_doxygen.sty
Package: longtable_doxygen 2014/10/28 v4.11 Multi-page Table package (DPC) - fr
ozen version for doxygen
\LTleft=\skip55
\LTright=\skip56
\LTpre=\skip57
\LTpost=\skip58
\LTchunksize=\count181
\LTcapwidth=\dimen139
\LT@head=\box47
\LT@firsthead=\box48
\LT@foot=\box49
\LT@lastfoot=\box50
\LT@cols=\count182
\LT@rows=\count183
\c@LT@tables=\count184
\c@LT@chunks=\count185
\LT@p@ftn=\toks20
) (./tabu_doxygen.sty
Package: tabu_doxygen 2011/02/26 v2.8 - flexible LaTeX tabulars (FC), frozen ve
rsion for doxygen

(/usr/share/texlive/texmf-dist/tex/latex/varwidth/varwidth.sty
Package: varwidth 2009/03/30 ver 0.92;  Variable-width minipages
\@vwid@box=\box51
\sift@deathcycles=\count186
\@vwid@loff=\dimen140
\@vwid@roff=\dimen141
)
\c@taburow=\count187
\tabu@nbcols=\count188
\tabu@cnt=\count189
\tabu@Xcol=\count190
\tabu@alloc=\count191
\tabu@nested=\count192
\tabu@target=\dimen142
\tabu@spreadtarget=\dimen143
\tabu@naturalX=\dimen144
\tabucolX=\dimen145
\tabu@Xsum=\dimen146
\extrarowdepth=\dimen147
\abovetabulinesep=\dimen148
\belowtabulinesep=\dimen149
\tabustrutrule=\dimen150
\tabu@thebody=\toks21
\tabu@footnotes=\toks22
\tabu@box=\box52
\tabu@arstrutbox=\box53
\tabu@hleads=\box54
\tabu@vleads=\box55
\tabu@cellskip=\skip59
)
(/usr/share/texlive/texmf-dist/tex/latex/fancyvrb/fancyvrb.sty
Package: fancyvrb 2020/01/13 v3.5 verbatim text (tvz,hv)

(/usr/share/texlive/texmf-dist/tex/latex/graphics/keyval.sty
Package: keyval 2014/10/28 v1.15 key=value parser (DPC)
\KV@toks@=\toks23
)
\FV@CodeLineNo=\count193
\FV@InFile=\read3
\FV@TabBox=\box56
\c@FancyVerbLine=\count194
\FV@StepNumber=\count195
\FV@OutFile=\write3
)
(/usr/share/texlive/texmf-dist/tex/latex/tools/tabularx.sty
Package: tabularx 2020/01/15 v2.11c `tabularx' package (DPC)
\TX@col@width=\dimen151
\TX@old@table=\dimen152
\TX@old@col=\dimen153
\TX@target=\dimen154
\TX@delta=\dimen155
\TX@cols=\count196
\TX@ftn=\toks24
)
(/usr/share/texlive/texmf-dist/tex/latex/multirow/multirow.sty
Package: multirow 2019/05/31 v2.5 Span multiple rows of a table
\multirow@colwidth=\skip60
\multirow@cntb=\count197
\multirow@dima=\skip61
\bigstrutjot=\dimen156
)
(/usr/share/texlive/texmf-dist/tex/latex/hanging/hanging.sty
Package: hanging 2009/09/02 v1.2b hanging paragraphs and punctuation
\h@ngcommawd=\skip62
\h@ngfstopwd=\skip63
\h@ngquotewd=\skip64
\h@ngdquotewd=\skip65
\h@ngquerywd=\skip66
\h@ngexclwd=\skip67
\h@ngcolonwd=\skip68
\h@ngscolonwd=\skip69
)
(/usr/share/texlive/texmf-dist/tex/generic/iftex/ifpdf.sty
Package: ifpdf 2019/10/25 v3.4 ifpdf legacy package. Use iftex instead.

(/usr/share/texlive/texmf-dist/tex/generic/iftex/iftex.sty
Package: iftex 2019/11/07 v1.0c TeX engine tests
))
(/usr/share/texlive/texmf-dist/tex/latex/adjustbox/adjustbox.sty
Package: adjustbox 2019/01/04 v1.2 Adjusting TeX boxes (trim, clip, ...)

(/usr/share/texlive/texmf-dist/tex/latex/xkeyval/xkeyval.sty
Package: xkeyval 2014/12/03 v2.7a package option processing (HA)

(/usr/share/texlive/texmf-dist/tex/generic/xkeyval/xkeyval.tex
(/usr/share/texlive/texmf-dist/tex/generic/xkeyval/xkvutils.tex
\XKV@toks=\toks25
\XKV@tempa@toks=\toks26
)
\XKV@depth=\count198
File: xkeyval.tex 2014/12/03 v2.7a key=value parser (HA)
))
(/usr/share/texlive/texmf-dist/tex/latex/adjustbox/adjcalc.sty
Package: adjcalc 2012/05/16 v1.1 Provides advanced setlength with multiple back
-ends (calc, etex, pgfmath)
)
(/usr/share/texlive/texmf-dist/tex/latex/adjustbox/trimclip.sty
Package: trimclip 2018/04/08 v1.1 Trim and clip general TeX material

(/usr/share/texlive/texmf-dist/tex/latex/graphics/graphicx.sty
Package: graphicx 2019/11/30 v1.2a Enhanced LaTeX Graphics (DPC,SPQR)

(/usr/share/texlive/texmf-dist/tex/latex/graphics/graphics.sty
Package: graphics 2019/11/30 v1.4a Standard LaTeX Graphics (DPC,SPQR)

(/usr/share/texlive/texmf-dist/tex/latex/graphics/trig.sty
Package: trig 2016/01/03 v1.10 sin cos tan (DPC)
)
(/usr/share/texlive/texmf-dist/tex/latex/graphics-cfg/graphics.cfg
File: graphics.cfg 2016/06/04 v1.11 sample graphics configuration
)
Package graphics Info: Driver file: pdftex.def on input line 105.
)
\Gin@req@height=\dimen157
\Gin@req@width=\dimen158
)
(/usr/share/texlive/texmf-dist/tex/latex/collectbox/collectbox.sty
Package: collectbox 2012/05/17 v0.4b Collect macro arguments as boxes
\collectedbox=\box57
)
\tc@llx=\dimen159
\tc@lly=\dimen160
\tc@urx=\dimen161
\tc@ury=\dimen162
Package trimclip Info: Using driver 'tc-pdftex.def'.

(/usr/share/texlive/texmf-dist/tex/latex/adjustbox/tc-pdftex.def
File: tc-pdftex.def 2019/01/04 v2.2 Clipping driver for pdftex
))
\adjbox@Width=\dimen163
\adjbox@Height=\dimen164
\adjbox@Depth=\dimen165
\adjbox@Totalheight=\dimen166
\adjbox@pwidth=\dimen167
\adjbox@pheight=\dimen168
\adjbox@pdepth=\dimen169
\adjbox@ptotalheight=\dimen170

(/usr/share/texlive/texmf-dist/tex/latex/ifoddpage/ifoddpage.sty
Package: ifoddpage 2016/04/23 v1.1 Conditionals for odd/even page detection
\c@checkoddpage=\count199
))
(/usr/share/texlive/texmf-dist/tex/latex/amsfonts/amssymb.sty
Package: amssymb 2013/01/14 v3.01 AMS font symbols

(/usr/share/texlive/texmf-dist/tex/latex/amsfonts/amsfonts.sty
Package: amsfonts 2013/01/14 v3.01 Basic AMSFonts support
\@emptytoks=\toks27
\symAMSa=\mathgroup4
\symAMSb=\mathgroup5
LaTeX Font Info:    Redeclaring math symbol \hbar on input line 98.
LaTeX Font Info:    Overwriting math alphabet `\mathfrak' in version `bold'
(Font)                  U/euf/m/n --> U/euf/b/n on input line 106.
))
(/usr/share/texlive/texmf-dist/tex/latex/stackengine/stackengine.sty
Package: stackengine 2017/02/13 v4.01\ Stacking text and objects in convenient 
ways

(/usr/share/texlive/texmf-dist/tex/latex/etoolbox/etoolbox.sty
Package: etoolbox 2019/09/21 v2.5h e-TeX tools for LaTeX (JAW)
\etb@tempcnta=\count266
)
(/usr/share/texlive/texmf-dist/tex/generic/listofitems/listofitems.sty
(/usr/share/texlive/texmf-dist/tex/generic/listofitems/listofitems.tex
\loi_cnt_foreach_nest=\count267
\loi_nestcnt=\count268
)
Package: listofitems 2019/08/21 v1.63 Grab items in lists using user-specified 
sep char (CT)
)
\c@@stackindex=\count269
\@boxshift=\skip70
\stack@tmplength=\skip71
\temp@stkl=\skip72
\@stackedboxwidth=\skip73
\@addedbox=\box58
\@anchorbox=\box59
\stackedbox=\box60
\@centerbox=\box61
\c@ROWcellindex@=\count270
)
(/usr/share/texlive/texmf-dist/tex/generic/ulem/ulem.sty
\UL@box=\box62
\UL@hyphenbox=\box63
\UL@skip=\skip74
\UL@hook=\toks28
\UL@height=\dimen171
\UL@pe=\count271
\UL@pixel=\dimen172
\ULC@box=\box64
Package: ulem 2019/11/18
\ULdepth=\dimen173
)
\xrefbox=\box65
\xreflength=\skip75
\CodeWidthChar=\skip76
\CodeHeightChar=\skip77
\DoxyCodeWidth=\skip78
)
(/usr/share/texlive/texmf-dist/tex/latex/base/inputenc.sty
Package: inputenc 2018/08/11 v1.3c Input encoding file
\inpenc@prehook=\toks29
\inpenc@posthook=\toks30
)
(/usr/share/texlive/texmf-dist/tex/latex/base/makeidx.sty
Package: makeidx 2014/09/29 v1.0m Standard LaTeX package
)
(/usr/share/texlive/texmf-dist/tex/latex/tools/multicol.sty
Package: multicol 2019/12/09 v1.8y multicolumn formatting (FMi)
\c@tracingmulticols=\count272
\mult@box=\box66
\multicol@leftmargin=\dimen174
\c@unbalance=\count273
\c@collectmore=\count274
\doublecol@number=\count275
\multicoltolerance=\count276
\multicolpretolerance=\count277
\full@width=\dimen175
\page@free=\dimen176
\premulticols=\dimen177
\postmulticols=\dimen178
\multicolsep=\skip79
\multicolbaselineskip=\skip80
\partial@page=\box67
\last@line=\box68
\maxbalancingoverflow=\dimen179
\mult@rightbox=\box69
\mult@grightbox=\box70
\mult@gfirstbox=\box71
\mult@firstbox=\box72
\@tempa=\box73
\@tempa=\box74
\@tempa=\box75
\@tempa=\box76
\@tempa=\box77
\@tempa=\box78
\@tempa=\box79
\@tempa=\box80
\@tempa=\box81
\@tempa=\box82
\@tempa=\box83
\@tempa=\box84
\@tempa=\box85
\@tempa=\box86
\@tempa=\box87
\@tempa=\box88
\@tempa=\box89
\@tempa=\box90
\@tempa=\box91
\@tempa=\box92
\@tempa=\box93
\@tempa=\box94
\@tempa=\box95
\@tempa=\box96
\@tempa=\box97
\@tempa=\box98
\@tempa=\box99
\@tempa=\box100
\@tempa=\box101
\@tempa=\box102
\@tempa=\box103
\@tempa=\box104
\@tempa=\box105
\@tempa=\box106
\@tempa=\box107
\@tempa=\box108
\@tempa=\box109
\c@minrows=\count278
\c@columnbadness=\count279
\c@finalcolumnbadness=\count280
\last@try=\dimen180
\multicolovershoot=\dimen181
\multicolundershoot=\dimen182
\mult@nat@firstbox=\box110
\colbreak@box=\box111
\mc@col@check@num=\count281
)
(/usr/share/texlive/texmf-dist/tex/latex/base/textcomp.sty
Package: textcomp 2020/02/02 v2.0n Standard LaTeX package
)
(/usr/share/texlive/texmf-dist/tex/latex/wasysym/wasysym.sty
Package: wasysym 2020/01/19 v2.4 Wasy-2 symbol support package
\symwasy=\mathgroup6
LaTeX Font Info:    Overwriting symbol font `wasy' in version `bold'
(Font)                  U/wasy/m/n --> U/wasy/b/n on input line 93.
)
(/usr/share/texlive/texmf-dist/tex/generic/iftex/ifxetex.sty
Package: ifxetex 2019/10/25 v0.7 ifxetex legacy package. Use iftex instead.
)
(/usr/share/texlive/texmf-dist/tex/latex/base/fontenc.sty
Package: fontenc 2020/02/11 v2.0o Standard LaTeX package
)
(/usr/share/texlive/texmf-dist/tex/latex/psnfss/helvet.sty
Package: helvet 2005/04/12 PSNFSS-v9.2a (WaS) 
)
(/usr/share/texlive/texmf-dist/tex/latex/psnfss/courier.sty
Package: courier 2005/04/12 PSNFSS-v9.2a (WaS) 
)
(/usr/share/texlive/texmf-dist/tex/latex/sectsty/sectsty.sty
Package: sectsty 2002/02/25 v2.0.2 Commands to change all sectional heading sty
les


LaTeX Warning: Command \underbar  has changed.
               Check if current package is valid.


LaTeX Warning: Command \underline  has changed.
               Check if current package is valid.

) (/usr/share/texlive/texmf-dist/tex/latex/geometry/geometry.sty
Package: geometry 2020/01/02 v5.9 Page Geometry

(/usr/share/texlive/texmf-dist/tex/generic/iftex/ifvtex.sty
Package: ifvtex 2019/10/25 v1.7 ifvtex legacy package. Use iftex instead.
)
\Gm@cnth=\count282
\Gm@cntv=\count283
\c@Gm@tempcnt=\count284
\Gm@bindingoffset=\dimen183
\Gm@wd@mp=\dimen184
\Gm@odd@mp=\dimen185
\Gm@even@mp=\dimen186
\Gm@layoutwidth=\dimen187
\Gm@layoutheight=\dimen188
\Gm@layouthoffset=\dimen189
\Gm@layoutvoffset=\dimen190
\Gm@dimlist=\toks31
)
(/usr/share/texlive/texmf-dist/tex/latex/fancyhdr/fancyhdr.sty
Package: fancyhdr 2019/01/31 v3.10 Extensive control of page headers and footer
s
\f@nch@headwidth=\skip81
\f@nch@O@elh=\skip82
\f@nch@O@erh=\skip83
\f@nch@O@olh=\skip84
\f@nch@O@orh=\skip85
\f@nch@O@elf=\skip86
\f@nch@O@erf=\skip87
\f@nch@O@olf=\skip88
\f@nch@O@orf=\skip89
)
(/usr/share/texlive/texmf-dist/tex/latex/natbib/natbib.sty
Package: natbib 2010/09/13 8.31b (PWD, AO)
\bibhang=\skip90
\bibsep=\skip91
LaTeX Info: Redefining \cite on input line 694.
\c@NAT@ctr=\count285
)
(/usr/share/texlive/texmf-dist/tex/latex/tocloft/tocloft.sty
Package: tocloft 2017/08/31 v2.3i parameterised ToC, etc., typesetting
Package tocloft Info: The document has chapter divisions on input line 51.
\cftparskip=\skip92
\cftbeforetoctitleskip=\skip93
\cftaftertoctitleskip=\skip94
\cftbeforepartskip=\skip95
\cftpartnumwidth=\skip96
\cftpartindent=\skip97
\cftbeforechapskip=\skip98
\cftchapindent=\skip99
\cftchapnumwidth=\skip100
\cftbeforesecskip=\skip101
\cftsecindent=\skip102
\cftsecnumwidth=\skip103
\cftbeforesubsecskip=\skip104
\cftsubsecindent=\skip105
\cftsubsecnumwidth=\skip106
\cftbeforesubsubsecskip=\skip107
\cftsubsubsecindent=\skip108
\cftsubsubsecnumwidth=\skip109
\cftbeforeparaskip=\skip110
\cftparaindent=\skip111
\cftparanumwidth=\skip112
\cftbeforesubparaskip=\skip113
\cftsubparaindent=\skip114
\cftsubparanumwidth=\skip115
\cftbeforeloftitleskip=\skip116
\cftafterloftitleskip=\skip117
\cftbeforefigskip=\skip118
\cftfigindent=\skip119
\cftfignumwidth=\skip120
\c@lofdepth=\count286
\c@lotdepth=\count287
\cftbeforelottitleskip=\skip121
\cftafterlottitleskip=\skip122
\cftbeforetabskip=\skip123
\cfttabindent=\skip124
\cfttabnumwidth=\skip125
)
\@indexfile=\write4
\openout4 = `refman.idx'.


Writing index file refman.idx
(/usr/share/texlive/texmf-dist/tex/latex/newunicodechar/newunicodechar.sty
Package: newunicodechar 2018/04/08 v1.2 Defining Unicode characters
)

Package newunicodechar Warning: Redefining Unicode character on input line 116.



Package newunicodechar Warning: Redefining Unicode character on input line 117.


(/usr/share/texlive/texmf-dist/tex/latex/hyperref/hyperref.sty
Package: hyperref 2020/01/14 v7.00d Hypertext links for LaTeX

(/usr/share/texlive/texmf-dist/tex/generic/ltxcmds/ltxcmds.sty
Package: ltxcmds 2019/12/15 v1.24 LaTeX kernel commands for general use (HO)
)
(/usr/share/texlive/texmf-dist/tex/latex/pdftexcmds/pdftexcmds.sty
Package: pdftexcmds 2019/11/24 v0.31 Utility functions of pdfTeX for LuaTeX (HO
)

(/usr/share/texlive/texmf-dist/tex/generic/infwarerr/infwarerr.sty
Package: infwarerr 2019/12/03 v1.5 Providing info/warning/error messages (HO)
)
Package pdftexcmds Info: \pdf@primitive is available.
Package pdftexcmds Info: \pdf@ifprimitive is available.
Package pdftexcmds Info: \pdfdraftmode found.
)
(/usr/share/texlive/texmf-dist/tex/generic/kvsetkeys/kvsetkeys.sty
Package: kvsetkeys 2019/12/15 v1.18 Key value parser (HO)
)
(/usr/share/texlive/texmf-dist/tex/generic/kvdefinekeys/kvdefinekeys.sty
Package: kvdefinekeys 2019-12-19 v1.6 Define keys (HO)
)
(/usr/share/texlive/texmf-dist/tex/generic/pdfescape/pdfescape.sty
Package: pdfescape 2019/12/09 v1.15 Implements pdfTeX's escape features (HO)
)
(/usr/share/texlive/texmf-dist/tex/latex/hycolor/hycolor.sty
Package: hycolor 2020-01-27 v1.10 Color options for hyperref/bookmark (HO)
)
(/usr/share/texlive/texmf-dist/tex/latex/letltxmacro/letltxmacro.sty
Package: letltxmacro 2019/12/03 v1.6 Let assignment for LaTeX macros (HO)
)
(/usr/share/texlive/texmf-dist/tex/latex/auxhook/auxhook.sty
Package: auxhook 2019-12-17 v1.6 Hooks for auxiliary files (HO)
)
(/usr/share/texlive/texmf-dist/tex/latex/kvoptions/kvoptions.sty
Package: kvoptions 2019/11/29 v3.13 Key value format for package options (HO)
)
\@linkdim=\dimen191
\Hy@linkcounter=\count288
\Hy@pagecounter=\count289

(/usr/share/texlive/texmf-dist/tex/latex/hyperref/pd1enc.def
File: pd1enc.def 2020/01/14 v7.00d Hyperref: PDFDocEncoding definition (HO)
Now handling font encoding PD1 ...
... no UTF-8 mapping file for font encoding PD1
)
(/usr/share/texlive/texmf-dist/tex/generic/intcalc/intcalc.sty
Package: intcalc 2019/12/15 v1.3 Expandable calculations with integers (HO)
)
(/usr/share/texlive/texmf-dist/tex/generic/etexcmds/etexcmds.sty
Package: etexcmds 2019/12/15 v1.7 Avoid name clashes with e-TeX commands (HO)
)
\Hy@SavedSpaceFactor=\count290
\pdfmajorversion=\count291
Package hyperref Info: Hyper figures OFF on input line 4547.
Package hyperref Info: Link nesting OFF on input line 4552.
Package hyperref Info: Hyper index ON on input line 4555.
Package hyperref Info: Plain pages OFF on input line 4562.
Package hyperref Info: Backreferencing ON on input line 4565.
Package hyperref Info: Implicit mode ON; LaTeX internals redefined.
Package hyperref Info: Bookmarks ON on input line 4800.

(/usr/share/texlive/texmf-dist/tex/latex/hyperref/backref.sty
Package: backref 2020/01/14 v1.40 Bibliographical back referencing

(/usr/share/texlive/texmf-dist/tex/latex/rerunfilecheck/rerunfilecheck.sty
Package: rerunfilecheck 2019/12/05 v1.9 Rerun checks for auxiliary files (HO)

(/usr/share/texlive/texmf-dist/tex/latex/atveryend/atveryend.sty
Package: atveryend 2019-12-11 v1.11 Hooks at the very end of document (HO)
)
(/usr/share/texlive/texmf-dist/tex/generic/uniquecounter/uniquecounter.sty
Package: uniquecounter 2019/12/15 v1.4 Provide unlimited unique counter (HO)

(/usr/share/texlive/texmf-dist/tex/generic/bigintcalc/bigintcalc.sty
Package: bigintcalc 2019/12/15 v1.5 Expandable calculations on big integers (HO
)
))
Package uniquecounter Info: New unique counter `rerunfilecheck' on input line 2
86.
))
\c@Hy@tempcnt=\count292

(/usr/share/texlive/texmf-dist/tex/latex/url/url.sty
\Urlmuskip=\muskip16
Package: url 2013/09/16  ver 3.4  Verb mode for urls, etc.
)
LaTeX Info: Redefining \url on input line 5159.
\XeTeXLinkMargin=\dimen192

(/usr/share/texlive/texmf-dist/tex/generic/bitset/bitset.sty
Package: bitset 2019/12/09 v1.3 Handle bit-vector datatype (HO)
)
\Fld@menulength=\count293
\Field@Width=\dimen193
\Fld@charsize=\dimen194
Package hyperref Info: Hyper figures OFF on input line 6430.
Package hyperref Info: Link nesting OFF on input line 6435.
Package hyperref Info: Hyper index ON on input line 6438.
Package hyperref Info: backreferencing ON on input line 6443.
Package hyperref Info: Link coloring OFF on input line 6450.
Package hyperref Info: Link coloring with OCG OFF on input line 6455.
Package hyperref Info: PDF/A mode OFF on input line 6460.
LaTeX Info: Redefining \ref on input line 6500.
LaTeX Info: Redefining \pageref on input line 6504.

(/usr/share/texlive/texmf-dist/tex/generic/atbegshi/atbegshi.sty
Package: atbegshi 2019/12/05 v1.19 At begin shipout hook (HO)
)
\Hy@abspage=\count294
\c@Item=\count295
\c@Hfootnote=\count296
)
Package hyperref Info: Driver: hpdftex.

(/usr/share/texlive/texmf-dist/tex/latex/hyperref/hpdftex.def
File: hpdftex.def 2020/01/14 v7.00d Hyperref driver for pdfTeX
\Fld@listcount=\count297
\c@bookmark@seq@number=\count298
\Hy@SectionHShift=\skip126
)
Package hyperref Info: Option `colorlinks' set `true' on input line 135.
Package hyperref Info: Option `unicode' set `true' on input line 135.

(/usr/share/texlive/texmf-dist/tex/latex/hyperref/puenc.def
File: puenc.def 2020/01/14 v7.00d Hyperref: PDF Unicode definition (HO)
Now handling font encoding PU ...
... no UTF-8 mapping file for font encoding PU
)
(/usr/share/texlive/texmf-dist/tex/latex/caption/caption.sty
Package: caption 2020/01/03 v3.4h Customizing captions (AR)

(/usr/share/texlive/texmf-dist/tex/latex/caption/caption3.sty
Package: caption3 2020/01/03 v1.8h caption3 kernel (AR)
Package caption3 Info: TeX engine: e-TeX on input line 61.
\captionmargin=\dimen195
\captionmargin@=\dimen196
\captionwidth=\dimen197
\caption@tempdima=\dimen198
\caption@indent=\dimen199
\caption@parindent=\dimen256
\caption@hangindent=\dimen257
Package caption Info: Standard document class detected.
)
\c@caption@flags=\count299
\c@continuedfloat=\count300
Package caption Info: float package is loaded.
Package caption Info: hyperref package is loaded.
Package caption Info: longtable package is loaded.

(/usr/share/texlive/texmf-dist/tex/latex/caption/ltcaption.sty
Package: ltcaption 2018/08/26 v1.4a longtable captions (AR)
))
(/usr/share/texlive/texmf-dist/tex/latex/etoc/etoc.sty
Package: etoc 2019/11/17 v1.09b Completely customisable TOCs (JFB)
\Etoc@toctoks=\toks32
\c@etoc@tocid=\count301
\c@etoc@tocdepth=\count302
\etoc@framed@titlebox=\box112
\etoc@framed@contentsbox=\box113
)
(/usr/share/texlive/texmf-dist/tex/latex/l3backend/l3backend-pdfmode.def
File: l3backend-pdfmode.def 2020-02-03 L3 backend support: PDF mode
\l__kernel_color_stack_int=\count303
\l__pdf_internal_box=\box114
)
(./refman.aux)
\openout1 = `refman.aux'.

LaTeX Font Info:    Checking defaults for OML/cmm/m/it on input line 150.
LaTeX Font Info:    ... okay on input line 150.
LaTeX Font Info:    Checking defaults for OMS/cmsy/m/n on input line 150.
LaTeX Font Info:    ... okay on input line 150.
LaTeX Font Info:    Checking defaults for OT1/cmr/m/n on input line 150.
LaTeX Font Info:    ... okay on input line 150.
LaTeX Font Info:    Checking defaults for T1/cmr/m/n on input line 150.
LaTeX Font Info:    ... okay on input line 150.
LaTeX Font Info:    Checking defaults for TS1/cmr/m/n on input line 150.
LaTeX Font Info:    ... okay on input line 150.
LaTeX Font Info:    Checking defaults for OMX/cmex/m/n on input line 150.
LaTeX Font Info:    ... okay on input line 150.
LaTeX Font Info:    Checking defaults for U/cmr/m/n on input line 150.
LaTeX Font Info:    ... okay on input line 150.
LaTeX Font Info:    Checking defaults for PD1/pdf/m/n on input line 150.
LaTeX Font Info:    ... okay on input line 150.
LaTeX Font Info:    Checking defaults for PU/pdf/m/n on input line 150.
LaTeX Font Info:    ... okay on input line 150.
LaTeX Font Info:    Trying to load font information for T1+phv on input line 15
0.
 (/usr/share/texlive/texmf-dist/tex/latex/psnfss/t1phv.fd
File: t1phv.fd 2001/06/04 scalable font definitions for T1/phv.
)
LaTeX Font Info:    Font shape `T1/phv/m/n' will be
(Font)              scaled to size 8.99994pt on input line 150.

(/usr/share/texlive/texmf-dist/tex/context/base/mkii/supp-pdf.mkii
[Loading MPS to PDF converter (version 2006.09.02).]
\scratchcounter=\count304
\scratchdimen=\dimen258
\scratchbox=\box115
\nofMPsegments=\count305
\nofMParguments=\count306
\everyMPshowfont=\toks33
\MPscratchCnt=\count307
\MPscratchDim=\dimen259
\MPnumerator=\count308
\makeMPintoPDFobject=\count309
\everyMPtoPDFconversion=\toks34
) (/usr/share/texlive/texmf-dist/tex/latex/epstopdf-pkg/epstopdf-base.sty
Package: epstopdf-base 2020-01-24 v2.11 Base part for package epstopdf
Package epstopdf-base Info: Redefining graphics rule for `.eps' on input line 4
85.

(/usr/share/texlive/texmf-dist/tex/latex/latexconfig/epstopdf-sys.cfg
File: epstopdf-sys.cfg 2010/07/13 v1.3 Configuration of (r)epstopdf for TeX Liv
e
))
*geometry* driver: auto-detecting
*geometry* detected driver: pdftex
*geometry* verbose mode - [ preamble ] result:
* driver: pdftex
* paper: a4paper
* layout: <same size as paper>
* layoutoffset:(h,v)=(0.0pt,0.0pt)
* modes: twoside 
* h-part:(L,W,R)=(71.13188pt, 455.24411pt, 71.13188pt)
* v-part:(T,H,B)=(71.13188pt, 702.78308pt, 71.13188pt)
* \paperwidth=597.50787pt
* \paperheight=845.04684pt
* \textwidth=455.24411pt
* \textheight=702.78308pt
* \oddsidemargin=-1.1381pt
* \evensidemargin=-1.1381pt
* \topmargin=-31.2056pt
* \headheight=12.0pt
* \headsep=18.06749pt
* \topskip=10.0pt
* \footskip=25.29494pt
* \marginparwidth=125.0pt
* \marginparsep=7.0pt
* \columnsep=10.0pt
* \skip\footins=9.0pt plus 4.0pt minus 2.0pt
* \hoffset=0.0pt
* \voffset=0.0pt
* \mag=1000
* \@twocolumnfalse
* \@twosidetrue
* \@mparswitchtrue
* \@reversemarginfalse
* (1in=72.27pt=25.4mm, 1cm=28.453pt)

Package backref Info: ** backref set up for natbib ** on input line 150.
\AtBeginShipoutBox=\box116
Package hyperref Info: Link coloring ON on input line 150.
(/usr/share/texlive/texmf-dist/tex/latex/hyperref/nameref.sty
Package: nameref 2019/09/16 v2.46 Cross-referencing by name of section

(/usr/share/texlive/texmf-dist/tex/latex/refcount/refcount.sty
Package: refcount 2019/12/15 v3.6 Data extraction from label references (HO)
)
(/usr/share/texlive/texmf-dist/tex/generic/gettitlestring/gettitlestring.sty
Package: gettitlestring 2019/12/15 v1.6 Cleanup title references (HO)
)
\c@section@level=\count310
)
LaTeX Info: Redefining \ref on input line 150.
LaTeX Info: Redefining \pageref on input line 150.
LaTeX Info: Redefining \nameref on input line 150.

(./refman.out) (./refman.out)
\@outlinefile=\write5
\openout5 = `refman.out'.

Package caption Info: Begin \AtBeginDocument code.
Package caption Info: End \AtBeginDocument code.
\Etoc@tf=\read4
Package hyperref Info: Option `pageanchor' set `false' on input line 156.
Package hyperref Info: Option `bookmarksnumbered' set `true' on input line 156.

Package hyperref Info: Option `unicode' set `true' on input line 156.
LaTeX Font Info:    Font shape `T1/phv/m/n' will be
(Font)              scaled to size 12.9599pt on input line 161.
LaTeX Font Info:    Font shape `T1/phv/m/n' will be
(Font)              scaled to size 10.79993pt on input line 163.
 [1


{/var/lib/texmf/fonts/map/pdftex/updmap/pdftex.map}] [2

]
\tf@toc=\write6
\openout6 = `refman.toc'.

LaTeX Font Info:    Font shape `T1/phv/b/n' will be
(Font)              scaled to size 8.99994pt on input line 169.
LaTeX Font Info:    Trying to load font information for U+msa on input line 169
.
 (/usr/share/texlive/texmf-dist/tex/latex/amsfonts/umsa.fd
File: umsa.fd 2013/01/14 v3.01 AMS symbols A
)
LaTeX Font Info:    Trying to load font information for U+msb on input line 169
.

(/usr/share/texlive/texmf-dist/tex/latex/amsfonts/umsb.fd
File: umsb.fd 2013/01/14 v3.01 AMS symbols B
)
LaTeX Font Info:    Trying to load font information for U+wasy on input line 16
9.

(/usr/share/texlive/texmf-dist/tex/latex/wasysym/uwasy.fd
File: uwasy.fd 2020/01/19 v2.4 Wasy-2 symbol font definitions
)
LaTeX Font Info:    Font shape `T1/phv/m/n' will be
(Font)              scaled to size 6.29996pt on input line 169.
LaTeX Font Info:    Font shape `T1/phv/m/n' will be
(Font)              scaled to size 7.19995pt on input line 169.
LaTeX Font Info:    Trying to load font information for T1+pcr on input line 16
9.

(/usr/share/texlive/texmf-dist/tex/latex/psnfss/t1pcr.fd
File: t1pcr.fd 2001/06/04 font definitions for T1/pcr.
)
LaTeX Font Info:    Font shape `T1/phv/b/n' will be
(Font)              scaled to size 6.29996pt on input line 169.
 [1] [2] [3] [4]
[5] [6]
Package hyperref Info: Option `pageanchor' set `true' on input line 171.

Chapter 1.
LaTeX Font Info:    Font shape `T1/phv/m/n' will be
(Font)              scaled to size 18.66588pt on input line 174.
LaTeX Font Info:    Font shape `T1/phv/b/n' will be
(Font)              scaled to size 18.66588pt on input line 174.
LaTeX Font Info:    Font shape `T1/phv/bc/n' will be
(Font)              scaled to size 18.66588pt on input line 174.
LaTeX Font Info:    Font shape `T1/phv/m/n' will be
(Font)              scaled to size 22.39185pt on input line 174.
LaTeX Font Info:    Font shape `T1/phv/b/n' will be
(Font)              scaled to size 22.39185pt on input line 174.
LaTeX Font Info:    Font shape `T1/phv/bc/n' will be
(Font)              scaled to size 22.39185pt on input line 174.
(./md__home_kevin__documents__g_m4__s8__projet__cpp__s8__r_e_a_d_m_e.tex)
[1


] [2

]
Chapter 2.
(./namespaces.tex
LaTeX Font Info:    Font shape `T1/phv/b/n' will be
(Font)              scaled to size 12.9599pt on input line 1.
) [3] [4

]
Chapter 3.
(./hierarchy.tex) [5] [6

]
Chapter 4.
(./annotated.tex
LaTeX Font Info:    Trying to load font information for TS1+phv on input line 3
.
 (/usr/share/texlive/texmf-dist/tex/latex/psnfss/ts1phv.fd
File: ts1phv.fd 2001/06/04 scalable font definitions for TS1/phv.
)
LaTeX Font Info:    Font shape `TS1/phv/m/n' will be
(Font)              scaled to size 8.99994pt on input line 3.

[7]) [8]
Chapter 5.
(./files.tex) [9

] [10

]
Chapter 6.
(./namespacestd.tex
LaTeX Font Info:    Font shape `T1/phv/b/n' will be
(Font)              scaled to size 10.79993pt on input line 5.
) [11] [12

]
Chapter 7.
(./class_combi_mastermind.tex <./class_combi_mastermind__inherit__graph.pdf

pdfTeX warning: pdflatex (file ./class_combi_mastermind__inherit__graph.pdf): P
DF inclusion: multiple pdfs with page group included in a single page
>
<class_combi_mastermind__inherit__graph.pdf, id=1326, 187.70125pt x 156.585pt>
File: class_combi_mastermind__inherit__graph.pdf Graphic file (type pdf)
<use class_combi_mastermind__inherit__graph.pdf>
Package pdftex.def Info: class_combi_mastermind__inherit__graph.pdf  used on in
put line 18.
(pdftex.def)             Requested size: 187.0pt x 156.00879pt.
 <./class_combi_mastermind__coll__graph.pdf

pdfTeX warning: pdflatex (file ./class_combi_mastermind__coll__graph.pdf): PDF 
inclusion: multiple pdfs with page group included in a single page
>
<class_combi_mastermind__coll__graph.pdf, id=1334, 187.70125pt x 156.585pt>
File: class_combi_mastermind__coll__graph.pdf Graphic file (type pdf)
<use class_combi_mastermind__coll__graph.pdf>
Package pdftex.def Info: class_combi_mastermind__coll__graph.pdf  used on input
 line 27.
(pdftex.def)             Requested size: 187.0pt x 156.00879pt.
LaTeX Font Info:    Font shape `T1/phv/m/n' will be
(Font)              scaled to size 8.09995pt on input line 34.
LaTeX Font Info:    Font shape `T1/phv/m/it' in size <9> not available
(Font)              Font shape `T1/phv/m/sl' tried instead on input line 34.
LaTeX Font Info:    Font shape `T1/phv/m/sl' will be
(Font)              scaled to size 8.09995pt on input line 34.
LaTeX Font Info:    Font shape `T1/phv/m/it' in size <7> not available
(Font)              Font shape `T1/phv/m/sl' tried instead on input line 34.
LaTeX Font Info:    Font shape `T1/phv/m/sl' will be
(Font)              scaled to size 6.29996pt on input line 34.
 [13]
LaTeX Font Info:    Font shape `TS1/phv/m/it' in size <9> not available
(Font)              Font shape `TS1/phv/m/sl' tried instead on input line 42.
LaTeX Font Info:    Font shape `TS1/phv/m/sl' will be
(Font)              scaled to size 8.09995pt on input line 42.
LaTeX Font Info:    Font shape `T1/phv/bc/n' will be
(Font)              scaled to size 8.99994pt on input line 48.

Underfull \hbox (badness 10000) detected at line 48
[][][]
 []


Underfull \hbox (badness 10000) detected at line 51
[][][]
 []


Underfull \hbox (badness 10000) detected at line 54
[][][]
 []

LaTeX Font Info:    Font shape `T1/phv/b/n' will be
(Font)              scaled to size 7.19995pt on input line 63.
LaTeX Font Info:    Font shape `T1/pcr/m/it' in size <8> not available
(Font)              Font shape `T1/pcr/m/sl' tried instead on input line 74.
[14]
Underfull \hbox (badness 10000) detected at line 94
[][][]
 []


Underfull \hbox (badness 10000) detected at line 112
[][][]
 []


Underfull \hbox (badness 10000) detected at line 125
[][][]
 []

) (./class_combinaison.tex <./class_combinaison__inherit__graph.pdf

pdfTeX warning: pdflatex (file ./class_combinaison__inherit__graph.pdf): PDF in
clusion: multiple pdfs with page group included in a single page
>
<class_combinaison__inherit__graph.pdf, id=1382, 289.08pt x 156.585pt>
File: class_combinaison__inherit__graph.pdf Graphic file (type pdf)
<use class_combinaison__inherit__graph.pdf>
Package pdftex.def Info: class_combinaison__inherit__graph.pdf  used on input l
ine 18.
(pdftex.def)             Requested size: 288.0pt x 156.00879pt.
 [15]
Underfull \hbox (badness 10000) detected at line 41
[][][]
 []


Underfull \hbox (badness 10000) detected at line 44
[][][]
 []


Underfull \hbox (badness 10000) detected at line 47
[][][]
 []

[16]
Underfull \hbox (badness 10000) detected at line 82
[][][]
 []

[17]
Underfull \hbox (badness 10000) detected at line 116
[][][]
 []

) (./class_combi_wordle.tex <./class_combi_wordle__inherit__graph.pdf

pdfTeX warning: pdflatex (file ./class_combi_wordle__inherit__graph.pdf): PDF i
nclusion: multiple pdfs with page group included in a single page
>
<class_combi_wordle__inherit__graph.pdf, id=1427, 163.61125pt x 156.585pt>
File: class_combi_wordle__inherit__graph.pdf Graphic file (type pdf)
<use class_combi_wordle__inherit__graph.pdf>
Package pdftex.def Info: class_combi_wordle__inherit__graph.pdf  used on input 
line 18.
(pdftex.def)             Requested size: 163.0pt x 155.99922pt.
 <./class_combi_wordle__coll__graph.pdf

pdfTeX warning: pdflatex (file ./class_combi_wordle__coll__graph.pdf): PDF incl
usion: multiple pdfs with page group included in a single page
>
<class_combi_wordle__coll__graph.pdf, id=1435, 163.61125pt x 156.585pt>
File: class_combi_wordle__coll__graph.pdf Graphic file (type pdf)
<use class_combi_wordle__coll__graph.pdf>
Package pdftex.def Info: class_combi_wordle__coll__graph.pdf  used on input lin
e 27.
(pdftex.def)             Requested size: 163.0pt x 155.99922pt.
 [18]
Underfull \hbox (badness 10000) detected at line 48
[][][]
 []


Underfull \hbox (badness 10000) detected at line 51
[][][]
 []


Underfull \hbox (badness 10000) detected at line 54
[][][]
 []

[19]
Underfull \hbox (badness 10000) detected at line 94
[][][]
 []

[20]
Underfull \hbox (badness 10000) detected at line 112
[][][]
 []


Underfull \hbox (badness 10000) detected at line 125
[][][]
 []

) (./class_humain.tex <./class_humain__inherit__graph.pdf

pdfTeX warning: pdflatex (file ./class_humain__inherit__graph.pdf): PDF inclusi
on: multiple pdfs with page group included in a single page
>
<class_humain__inherit__graph.pdf, id=1487, 569.12625pt x 214.8025pt>
File: class_humain__inherit__graph.pdf Graphic file (type pdf)
<use class_humain__inherit__graph.pdf>
Package pdftex.def Info: class_humain__inherit__graph.pdf  used on input line 1
8.
(pdftex.def)             Requested size: 350.0pt x 132.10439pt.
 <./class_humain__coll__graph.pdf

pdfTeX warning: pdflatex (file ./class_humain__coll__graph.pdf): PDF inclusion:
 multiple pdfs with page group included in a single page
>
<class_humain__coll__graph.pdf, id=1495, 135.50626pt x 156.585pt>
File: class_humain__coll__graph.pdf Graphic file (type pdf)
<use class_humain__coll__graph.pdf>
Package pdftex.def Info: class_humain__coll__graph.pdf  used on input line 27.
(pdftex.def)             Requested size: 135.0pt x 156.0064pt.
 [21]
Underfull \hbox (badness 10000) detected at line 42
[][][]
 []


Underfull \hbox (badness 10000) detected at line 45
[][][]
 []


Underfull \hbox (badness 10000) detected at line 48
[][][]
 []


Underfull \hbox (badness 10000) detected at line 71
[][][]
 []

[22]
Underfull \hbox (badness 10000) detected at line 89
[][][]
 []

) (./class_humain___codeur.tex <./class_humain___codeur__inherit__graph.pdf

pdfTeX warning: pdflatex (file ./class_humain___codeur__inherit__graph.pdf): PD
F inclusion: multiple pdfs with page group included in a single page
>
<class_humain___codeur__inherit__graph.pdf, id=1524, 391.4625pt x 269.005pt>
File: class_humain___codeur__inherit__graph.pdf Graphic file (type pdf)
<use class_humain___codeur__inherit__graph.pdf>
Package pdftex.def Info: class_humain___codeur__inherit__graph.pdf  used on inp
ut line 18.
(pdftex.def)             Requested size: 350.0pt x 240.52605pt.
 <./class_humain___codeur__coll__graph.pdf

pdfTeX warning: pdflatex (file ./class_humain___codeur__coll__graph.pdf): PDF i
nclusion: multiple pdfs with page group included in a single page
>
<class_humain___codeur__coll__graph.pdf, id=1532, 175.65625pt x 212.795pt>
File: class_humain___codeur__coll__graph.pdf Graphic file (type pdf)
<use class_humain___codeur__coll__graph.pdf>
Package pdftex.def Info: class_humain___codeur__coll__graph.pdf  used on input 
line 27.
(pdftex.def)             Requested size: 175.0pt x 212.01518pt.
 [23]
Underfull \hbox (badness 10000) detected at line 46
[][][]
 []


Underfull \hbox (badness 10000) detected at line 49
[][][]
 []


Underfull \hbox (badness 10000) detected at line 52
[][][]
 []

[24]
Underfull \hbox (badness 10000) detected at line 95
[][][]
 []


Underfull \hbox (badness 10000) detected at line 108
[][][]
 []

) (./class_humain___codeur___mastermind.tex <./class_humain___codeur___mastermi
nd__inherit__graph.pdf>
<class_humain___codeur___mastermind__inherit__graph.pdf, id=1572, 238.8925pt x 
269.005pt>
File: class_humain___codeur___mastermind__inherit__graph.pdf Graphic file (type
 pdf)
<use class_humain___codeur___mastermind__inherit__graph.pdf>
Package pdftex.def Info: class_humain___codeur___mastermind__inherit__graph.pdf
  used on input line 18.
(pdftex.def)             Requested size: 238.0pt x 267.99867pt.
 [25] <./class_humain___codeur___mastermind__coll__graph.pdf

pdfTeX warning: pdflatex (file ./class_humain___codeur___mastermind__coll__grap
h.pdf): PDF inclusion: multiple pdfs with page group included in a single page
>
<class_humain___codeur___mastermind__coll__graph.pdf, id=1585, 238.8925pt x 269
.005pt>
File: class_humain___codeur___mastermind__coll__graph.pdf Graphic file (type pd
f)
<use class_humain___codeur___mastermind__coll__graph.pdf>
Package pdftex.def Info: class_humain___codeur___mastermind__coll__graph.pdf  u
sed on input line 27.
(pdftex.def)             Requested size: 238.0pt x 267.99867pt.
 [26]
Underfull \hbox (badness 10000) detected at line 36
[][][]
 []


Underfull \hbox (badness 10000) detected at line 39
[][][]
 []


Underfull \hbox (badness 10000) detected at line 42
[][][]
 []

) (./class_humain___codeur___wordle.tex <./class_humain___codeur___wordle__inhe
rit__graph.pdf>
<class_humain___codeur___wordle__inherit__graph.pdf, id=1603, 214.8025pt x 269.
005pt>
File: class_humain___codeur___wordle__inherit__graph.pdf Graphic file (type pdf
)
<use class_humain___codeur___wordle__inherit__graph.pdf>
Package pdftex.def Info: class_humain___codeur___wordle__inherit__graph.pdf  us
ed on input line 18.
(pdftex.def)             Requested size: 214.0pt x 268.00278pt.
 <./class_humain___codeur___wordle__coll__graph.pdf

pdfTeX warning: pdflatex (file ./class_humain___codeur___wordle__coll__graph.pd
f): PDF inclusion: multiple pdfs with page group included in a single page
>
<class_humain___codeur___wordle__coll__graph.pdf, id=1611, 214.8025pt x 269.005
pt>
File: class_humain___codeur___wordle__coll__graph.pdf Graphic file (type pdf)
<use class_humain___codeur___wordle__coll__graph.pdf>
Package pdftex.def Info: class_humain___codeur___wordle__coll__graph.pdf  used 
on input line 27.
(pdftex.def)             Requested size: 214.0pt x 268.00278pt.
 [27]
Underfull \hbox (badness 10000) detected at line 44
[][][]
 []


Underfull \hbox (badness 10000) detected at line 47
[][][]
 []


Underfull \hbox (badness 10000) detected at line 50
[][][]
 []

[28]
Underfull \hbox (badness 10000) detected at line 79
[][][]
 []


Underfull \hbox (badness 10000) detected at line 96
[][][]
 []

) (./class_humain___decodeur.tex <./class_humain___decodeur__inherit__graph.pdf
>
<class_humain___decodeur__inherit__graph.pdf, id=1649, 415.5525pt x 269.005pt>
File: class_humain___decodeur__inherit__graph.pdf Graphic file (type pdf)
<use class_humain___decodeur__inherit__graph.pdf>
Package pdftex.def Info: class_humain___decodeur__inherit__graph.pdf  used on i
nput line 18.
(pdftex.def)             Requested size: 350.0pt x 226.57835pt.
 [29] <./class_humain___decodeur__coll__graph.pdf

pdfTeX warning: pdflatex (file ./class_humain___decodeur__coll__graph.pdf): PDF
 inclusion: multiple pdfs with page group included in a single page
>
<class_humain___decodeur__coll__graph.pdf, id=1662, 187.70125pt x 212.795pt>
File: class_humain___decodeur__coll__graph.pdf Graphic file (type pdf)
<use class_humain___decodeur__coll__graph.pdf>
Package pdftex.def Info: class_humain___decodeur__coll__graph.pdf  used on inpu
t line 27.
(pdftex.def)             Requested size: 187.0pt x 212.01193pt.
 [30]
Underfull \hbox (badness 10000) detected at line 42
[][][]
 []


Underfull \hbox (badness 10000) detected at line 45
[][][]
 []


Underfull \hbox (badness 10000) detected at line 48
[][][]
 []

) (./class_humain___decodeur___mastermind.tex <./class_humain___decodeur___mast
ermind__inherit__graph.pdf>
<class_humain___decodeur___mastermind__inherit__graph.pdf, id=1691, 250.9375pt 
x 269.005pt>
File: class_humain___decodeur___mastermind__inherit__graph.pdf Graphic file (ty
pe pdf)
<use class_humain___decodeur___mastermind__inherit__graph.pdf>
Package pdftex.def Info: class_humain___decodeur___mastermind__inherit__graph.p
df  used on input line 18.
(pdftex.def)             Requested size: 250.0pt x 268.01509pt.
 [31] <./class_humain___decodeur___mastermind__coll__graph.pdf

pdfTeX warning: pdflatex (file ./class_humain___decodeur___mastermind__coll__gr
aph.pdf): PDF inclusion: multiple pdfs with page group included in a single pag
e
>
<class_humain___decodeur___mastermind__coll__graph.pdf, id=1705, 250.9375pt x 2
69.005pt>
File: class_humain___decodeur___mastermind__coll__graph.pdf Graphic file (type 
pdf)
<use class_humain___decodeur___mastermind__coll__graph.pdf>
Package pdftex.def Info: class_humain___decodeur___mastermind__coll__graph.pdf 
 used on input line 27.
(pdftex.def)             Requested size: 250.0pt x 268.01509pt.
 [32]
Underfull \hbox (badness 10000) detected at line 44
[][][]
 []


Underfull \hbox (badness 10000) detected at line 47
[][][]
 []


Underfull \hbox (badness 10000) detected at line 50
[][][]
 []


Underfull \hbox (badness 10000) detected at line 79
[][][]
 []

[33]
Underfull \hbox (badness 10000) detected at line 96
[][][]
 []

) (./class_humain___decodeur___wordle.tex <./class_humain___decodeur___wordle__
inherit__graph.pdf

pdfTeX warning: pdflatex (file ./class_humain___decodeur___wordle__inherit__gra
ph.pdf): PDF inclusion: multiple pdfs with page group included in a single page

>
<class_humain___decodeur___wordle__inherit__graph.pdf, id=1741, 226.8475pt x 26
9.005pt>
File: class_humain___decodeur___wordle__inherit__graph.pdf Graphic file (type p
df)
<use class_humain___decodeur___wordle__inherit__graph.pdf>
Package pdftex.def Info: class_humain___decodeur___wordle__inherit__graph.pdf  
used on input line 18.
(pdftex.def)             Requested size: 226.0pt x 268.00278pt.
 <./class_humain___decodeur___wordle__coll__graph.pdf

pdfTeX warning: pdflatex (file ./class_humain___decodeur___wordle__coll__graph.
pdf): PDF inclusion: multiple pdfs with page group included in a single page
>
<class_humain___decodeur___wordle__coll__graph.pdf, id=1749, 226.8475pt x 269.0
05pt>
File: class_humain___decodeur___wordle__coll__graph.pdf Graphic file (type pdf)

<use class_humain___decodeur___wordle__coll__graph.pdf>
Package pdftex.def Info: class_humain___decodeur___wordle__coll__graph.pdf  use
d on input line 27.
(pdftex.def)             Requested size: 226.0pt x 268.00278pt.
 [34]
Underfull \hbox (badness 10000) detected at line 44
[][][]
 []


Underfull \hbox (badness 10000) detected at line 47
[][][]
 []


Underfull \hbox (badness 10000) detected at line 50
[][][]
 []

[35]
Underfull \hbox (badness 10000) detected at line 79
[][][]
 []


Underfull \hbox (badness 10000) detected at line 96
[][][]
 []

) (./class_i_a.tex <./class_i_a__inherit__graph.pdf>
<class_i_a__inherit__graph.pdf, id=1786, 632.3625pt x 269.005pt>
File: class_i_a__inherit__graph.pdf Graphic file (type pdf)
<use class_i_a__inherit__graph.pdf>
Package pdftex.def Info: class_i_a__inherit__graph.pdf  used on input line 18.
(pdftex.def)             Requested size: 350.0pt x 148.88907pt.
 [36] <./class_i_a__coll__graph.pdf

pdfTeX warning: pdflatex (file ./class_i_a__coll__graph.pdf): PDF inclusion: mu
ltiple pdfs with page group included in a single page
>
<class_i_a__coll__graph.pdf, id=1798, 127.47626pt x 156.585pt>
File: class_i_a__coll__graph.pdf Graphic file (type pdf)
<use class_i_a__coll__graph.pdf>
Package pdftex.def Info: class_i_a__coll__graph.pdf  used on input line 27.
(pdftex.def)             Requested size: 127.0pt x 156.0064pt.

Underfull \hbox (badness 10000) detected at line 40
[][][]
 []


Underfull \hbox (badness 10000) detected at line 43
[][][]
 []


Underfull \hbox (badness 10000) detected at line 46
[][][]
 []

[37]
Underfull \hbox (badness 10000) detected at line 62
[][][]
 []

) (./class_i_a___codeur.tex <./class_i_a___codeur__inherit__graph.pdf>
<class_i_a___codeur__inherit__graph.pdf, id=1823, 335.2525pt x 269.005pt>
File: class_i_a___codeur__inherit__graph.pdf Graphic file (type pdf)
<use class_i_a___codeur__inherit__graph.pdf>
Package pdftex.def Info: class_i_a___codeur__inherit__graph.pdf  used on input 
line 18.
(pdftex.def)             Requested size: 334.0pt x 267.99867pt.
 <./class_i_a___codeur__coll__graph.pdf

pdfTeX warning: pdflatex (file ./class_i_a___codeur__coll__graph.pdf): PDF incl
usion: multiple pdfs with page group included in a single page
>
<class_i_a___codeur__coll__graph.pdf, id=1832, 146.5475pt x 212.795pt>
File: class_i_a___codeur__coll__graph.pdf Graphic file (type pdf)
<use class_i_a___codeur__coll__graph.pdf>
Package pdftex.def Info: class_i_a___codeur__coll__graph.pdf  used on input lin
e 27.
(pdftex.def)             Requested size: 146.0pt x 211.99895pt.
 [38]
Underfull \hbox (badness 10000) detected at line 46
[][][]
 []


Underfull \hbox (badness 10000) detected at line 49
[][][]
 []


Underfull \hbox (badness 10000) detected at line 52
[][][]
 []

[39]
Underfull \hbox (badness 10000) detected at line 81
[][][]
 []


Underfull \hbox (badness 10000) detected at line 98
[][][]
 []


Underfull \hbox (badness 10000) detected at line 111
[][][]
 []

) (./class_i_a___codeur___mastermind.tex <./class_i_a___codeur___mastermind__in
herit__graph.pdf>
<class_i_a___codeur___mastermind__inherit__graph.pdf, id=1872, 210.7875pt x 269
.005pt>
File: class_i_a___codeur___mastermind__inherit__graph.pdf Graphic file (type pd
f)
<use class_i_a___codeur___mastermind__inherit__graph.pdf>
Package pdftex.def Info: class_i_a___codeur___mastermind__inherit__graph.pdf  u
sed on input line 18.
(pdftex.def)             Requested size: 210.0pt x 268.00688pt.
 [40] <./class_i_a___codeur___mastermind__coll__graph.pdf

pdfTeX warning: pdflatex (file ./class_i_a___codeur___mastermind__coll__graph.p
df): PDF inclusion: multiple pdfs with page group included in a single page
>
<class_i_a___codeur___mastermind__coll__graph.pdf, id=1886, 210.7875pt x 269.00
5pt>
File: class_i_a___codeur___mastermind__coll__graph.pdf Graphic file (type pdf)
<use class_i_a___codeur___mastermind__coll__graph.pdf>
Package pdftex.def Info: class_i_a___codeur___mastermind__coll__graph.pdf  used
 on input line 27.
(pdftex.def)             Requested size: 210.0pt x 268.00688pt.
 [41]
Underfull \hbox (badness 10000) detected at line 42
[][][]
 []


Underfull \hbox (badness 10000) detected at line 45
[][][]
 []


Underfull \hbox (badness 10000) detected at line 48
[][][]
 []


Underfull \hbox (badness 10000) detected at line 77
[][][]
 []

) (./class_i_a___codeur___wordle.tex <./class_i_a___codeur___wordle__inherit__g
raph.pdf>
<class_i_a___codeur___wordle__inherit__graph.pdf, id=1914, 186.6975pt x 269.005
pt>
File: class_i_a___codeur___wordle__inherit__graph.pdf Graphic file (type pdf)
<use class_i_a___codeur___wordle__inherit__graph.pdf>
Package pdftex.def Info: class_i_a___codeur___wordle__inherit__graph.pdf  used 
on input line 18.
(pdftex.def)             Requested size: 186.0pt x 268.01099pt.
 [42] <./class_i_a___codeur___wordle__coll__graph.pdf

pdfTeX warning: pdflatex (file ./class_i_a___codeur___wordle__coll__graph.pdf):
 PDF inclusion: multiple pdfs with page group included in a single page
>
<class_i_a___codeur___wordle__coll__graph.pdf, id=1929, 186.6975pt x 269.005pt>

File: class_i_a___codeur___wordle__coll__graph.pdf Graphic file (type pdf)
<use class_i_a___codeur___wordle__coll__graph.pdf>
Package pdftex.def Info: class_i_a___codeur___wordle__coll__graph.pdf  used on 
input line 27.
(pdftex.def)             Requested size: 186.0pt x 268.01099pt.
 [43]
Underfull \hbox (badness 10000) detected at line 42
[][][]
 []


Underfull \hbox (badness 10000) detected at line 45
[][][]
 []


Underfull \hbox (badness 10000) detected at line 48
[][][]
 []


Underfull \hbox (badness 10000) detected at line 77
[][][]
 []

) (./class_i_a___decodeur.tex <./class_i_a___decodeur__inherit__graph.pdf>
<class_i_a___decodeur__inherit__graph.pdf, id=1955, 359.3425pt x 269.005pt>
File: class_i_a___decodeur__inherit__graph.pdf Graphic file (type pdf)
<use class_i_a___decodeur__inherit__graph.pdf>
Package pdftex.def Info: class_i_a___decodeur__inherit__graph.pdf  used on inpu
t line 18.
(pdftex.def)             Requested size: 350.0pt x 262.03047pt.

[44] <./class_i_a___decodeur__coll__graph.pdf

pdfTeX warning: pdflatex (file ./class_i_a___decodeur__coll__graph.pdf): PDF in
clusion: multiple pdfs with page group included in a single page
>
<class_i_a___decodeur__coll__graph.pdf, id=1969, 158.5925pt x 212.795pt>
File: class_i_a___decodeur__coll__graph.pdf Graphic file (type pdf)
<use class_i_a___decodeur__coll__graph.pdf>
Package pdftex.def Info: class_i_a___decodeur__coll__graph.pdf  used on input l
ine 27.
(pdftex.def)             Requested size: 158.0pt x 212.01843pt.
 [45]
Underfull \hbox (badness 10000) detected at line 46
[][][]
 []


Underfull \hbox (badness 10000) detected at line 49
[][][]
 []


Underfull \hbox (badness 10000) detected at line 52
[][][]
 []


Underfull \hbox (badness 10000) detected at line 81
[][][]
 []

[46]
Underfull \hbox (badness 10000) detected at line 98
[][][]
 []

) (./class_i_a___decodeur___mastermind.tex <./class_i_a___decodeur___mastermind
__inherit__graph.pdf

pdfTeX warning: pdflatex (file ./class_i_a___decodeur___mastermind__inherit__gr
aph.pdf): PDF inclusion: multiple pdfs with page group included in a single pag
e
>
<class_i_a___decodeur___mastermind__inherit__graph.pdf, id=2017, 222.8325pt x 2
69.005pt>
File: class_i_a___decodeur___mastermind__inherit__graph.pdf Graphic file (type 
pdf)
<use class_i_a___decodeur___mastermind__inherit__graph.pdf>
Package pdftex.def Info: class_i_a___decodeur___mastermind__inherit__graph.pdf 
 used on input line 18.
(pdftex.def)             Requested size: 222.0pt x 268.00278pt.
 [47] <./class_i_a___decodeur___mastermind__coll__graph.pdf

pdfTeX warning: pdflatex (file ./class_i_a___decodeur___mastermind__coll__graph
.pdf): PDF inclusion: multiple pdfs with page group included in a single page
>
<class_i_a___decodeur___mastermind__coll__graph.pdf, id=2036, 222.8325pt x 269.
005pt>
File: class_i_a___decodeur___mastermind__coll__graph.pdf Graphic file (type pdf
)
<use class_i_a___decodeur___mastermind__coll__graph.pdf>
Package pdftex.def Info: class_i_a___decodeur___mastermind__coll__graph.pdf  us
ed on input line 27.
(pdftex.def)             Requested size: 222.0pt x 268.00278pt.
 [48]
Underfull \hbox (badness 10000) detected at line 46
[][][]
 []


Underfull \hbox (badness 10000) detected at line 49
[][][]
 []


Underfull \hbox (badness 10000) detected at line 52
[][][]
 []


Underfull \hbox (badness 10000) detected at line 81
[][][]
 []

[49]
Underfull \hbox (badness 10000) detected at line 98
[][][]
 []

) (./class_i_a___decodeur___wordle.tex <./class_i_a___decodeur___wordle__inheri
t__graph.pdf

pdfTeX warning: pdflatex (file ./class_i_a___decodeur___wordle__inherit__graph.
pdf): PDF inclusion: multiple pdfs with page group included in a single page
>
<class_i_a___decodeur___wordle__inherit__graph.pdf, id=2080, 198.7425pt x 269.0
05pt>
File: class_i_a___decodeur___wordle__inherit__graph.pdf Graphic file (type pdf)

<use class_i_a___decodeur___wordle__inherit__graph.pdf>
Package pdftex.def Info: class_i_a___decodeur___wordle__inherit__graph.pdf  use
d on input line 18.
(pdftex.def)             Requested size: 198.0pt x 268.00688pt.
 [50] <./class_i_a___decodeur___wordle__coll__graph.pdf

pdfTeX warning: pdflatex (file ./class_i_a___decodeur___wordle__coll__graph.pdf
): PDF inclusion: multiple pdfs with page group included in a single page
>
<class_i_a___decodeur___wordle__coll__graph.pdf, id=2092, 198.7425pt x 269.005p
t>
File: class_i_a___decodeur___wordle__coll__graph.pdf Graphic file (type pdf)
<use class_i_a___decodeur___wordle__coll__graph.pdf>
Package pdftex.def Info: class_i_a___decodeur___wordle__coll__graph.pdf  used o
n input line 27.
(pdftex.def)             Requested size: 198.0pt x 268.00688pt.
 [51]
Underfull \hbox (badness 10000) detected at line 46
[][][]
 []


Underfull \hbox (badness 10000) detected at line 49
[][][]
 []


Underfull \hbox (badness 10000) detected at line 52
[][][]
 []


Underfull \hbox (badness 10000) detected at line 81
[][][]
 []

[52]
Underfull \hbox (badness 10000) detected at line 98
[][][]
 []

) (./class_jeu_de_deduction.tex <./class_jeu_de_deduction__inherit__graph.pdf

pdfTeX warning: pdflatex (file ./class_jeu_de_deduction__inherit__graph.pdf): P
DF inclusion: multiple pdfs with page group included in a single page
>
<class_jeu_de_deduction__inherit__graph.pdf, id=2129, 224.84pt x 156.585pt>
File: class_jeu_de_deduction__inherit__graph.pdf Graphic file (type pdf)
<use class_jeu_de_deduction__inherit__graph.pdf>
Package pdftex.def Info: class_jeu_de_deduction__inherit__graph.pdf  used on in
put line 18.
(pdftex.def)             Requested size: 224.0pt x 156.0064pt.
 [53]
Underfull \hbox (badness 10000) detected at line 47
[][][]
 []

[54]
Underfull \hbox (badness 10000) detected at line 50
[][][]
 []


Underfull \hbox (badness 10000) detected at line 53
[][][]
 []

[55]
Underfull \hbox (badness 10000) detected at line 108
[][][]
 []


Underfull \hbox (badness 10000) detected at line 121
[][][]
 []

) (./class_joueur.tex [56] <./class_joueur__inherit__graph.pdf

pdfTeX warning: pdflatex (file ./class_joueur__inherit__graph.pdf): PDF inclusi
on: multiple pdfs with page group included in a single page
>
<class_joueur__inherit__graph.pdf, id=2181, 569.12625pt x 367.3725pt>
File: class_joueur__inherit__graph.pdf Graphic file (type pdf)
<use class_joueur__inherit__graph.pdf>
Package pdftex.def Info: class_joueur__inherit__graph.pdf  used on input line 1
8.
(pdftex.def)             Requested size: 350.0pt x 225.93553pt.
 [57]
Underfull \hbox (badness 10000) detected at line 45
[][][]
 []


Underfull \hbox (badness 10000) detected at line 48
[][][]
 []


Underfull \hbox (badness 10000) detected at line 51
[][][]
 []


Underfull \hbox (badness 10000) detected at line 96
[][][]
 []

[58]
Underfull \hbox (badness 10000) detected at line 109
[][][]
 []


Underfull \vbox (badness 10000) has occurred while \output is active []

 [59]
Underfull \hbox (badness 10000) detected at line 157
[][][]
 []

) (./class_mastermind.tex <./class_mastermind__inherit__graph.pdf

pdfTeX warning: pdflatex (file ./class_mastermind__inherit__graph.pdf): PDF inc
lusion: multiple pdfs with page group included in a single page
>
<class_mastermind__inherit__graph.pdf, id=2232, 175.65625pt x 156.585pt>
File: class_mastermind__inherit__graph.pdf Graphic file (type pdf)
<use class_mastermind__inherit__graph.pdf>
Package pdftex.def Info: class_mastermind__inherit__graph.pdf  used on input li
ne 18.
(pdftex.def)             Requested size: 175.0pt x 156.01117pt.
 <./class_mastermind__coll__graph.pdf

pdfTeX warning: pdflatex (file ./class_mastermind__coll__graph.pdf): PDF inclus
ion: multiple pdfs with page group included in a single page
>
<class_mastermind__coll__graph.pdf, id=2240, 175.65625pt x 156.585pt>
File: class_mastermind__coll__graph.pdf Graphic file (type pdf)
<use class_mastermind__coll__graph.pdf>
Package pdftex.def Info: class_mastermind__coll__graph.pdf  used on input line 
27.
(pdftex.def)             Requested size: 175.0pt x 156.01117pt.
 [60]
Underfull \hbox (badness 10000) detected at line 36
[][][]
 []


Underfull \hbox (badness 10000) detected at line 39
[][][]
 []


Underfull \hbox (badness 10000) detected at line 42
[][][]
 []

) (./class_menu.tex [61]
Underfull \hbox (badness 10000) detected at line 47
[][][]
 []


Underfull \hbox (badness 10000) detected at line 50
[][][]
 []


Underfull \hbox (badness 10000) detected at line 53
[][][]
 []

[62]
LaTeX Font Info:    Font shape `T1/pcr/m/it' in size <7> not available
(Font)              Font shape `T1/pcr/m/sl' tried instead on input line 126.
 [63] [64]) (./class_wordle.tex <./class_wordle__inherit__graph.pdf

pdfTeX warning: pdflatex (file ./class_wordle__inherit__graph.pdf): PDF inclusi
on: multiple pdfs with page group included in a single page
>
<class_wordle__inherit__graph.pdf, id=2320, 175.65625pt x 156.585pt>
File: class_wordle__inherit__graph.pdf Graphic file (type pdf)
<use class_wordle__inherit__graph.pdf>
Package pdftex.def Info: class_wordle__inherit__graph.pdf  used on input line 1
8.
(pdftex.def)             Requested size: 175.0pt x 156.01117pt.
 <./class_wordle__coll__graph.pdf

pdfTeX warning: pdflatex (file ./class_wordle__coll__graph.pdf): PDF inclusion:
 multiple pdfs with page group included in a single page
>
<class_wordle__coll__graph.pdf, id=2328, 175.65625pt x 156.585pt>
File: class_wordle__coll__graph.pdf Graphic file (type pdf)
<use class_wordle__coll__graph.pdf>
Package pdftex.def Info: class_wordle__coll__graph.pdf  used on input line 27.
(pdftex.def)             Requested size: 175.0pt x 156.01117pt.
 [65]
Underfull \hbox (badness 10000) detected at line 36
[][][]
 []


Underfull \hbox (badness 10000) detected at line 39
[][][]
 []


Underfull \hbox (badness 10000) detected at line 42
[][][]
 []

) [66]
Chapter 8.
(./_combi_mastermind_8hpp.tex <./_combi_mastermind_8hpp__incl.pdf

pdfTeX warning: pdflatex (file ./_combi_mastermind_8hpp__incl.pdf): PDF inclusi
on: multiple pdfs with page group included in a single page
>
<_combi_mastermind_8hpp__incl.pdf, id=2351, 345.29pt x 291.0875pt>
File: _combi_mastermind_8hpp__incl.pdf Graphic file (type pdf)
<use _combi_mastermind_8hpp__incl.pdf>
Package pdftex.def Info: _combi_mastermind_8hpp__incl.pdf  used on input line 1
0.
(pdftex.def)             Requested size: 344.0pt x 290.003pt.
 [67

]) (./_combinaison_8cpp.tex <./_combinaison_8cpp__incl.pdf>
<_combinaison_8cpp__incl.pdf, id=2370, 491.8375pt x 291.0875pt>
File: _combinaison_8cpp__incl.pdf Graphic file (type pdf)
<use _combinaison_8cpp__incl.pdf>
Package pdftex.def Info: _combinaison_8cpp__incl.pdf  used on input line 13.
(pdftex.def)             Requested size: 350.0pt x 207.14882pt.
)
(./_combinaison_8hpp.tex <./_combinaison_8hpp__incl.pdf

pdfTeX warning: pdflatex (file ./_combinaison_8hpp__incl.pdf): PDF inclusion: m
ultiple pdfs with page group included in a single page
>
<_combinaison_8hpp__incl.pdf, id=2378, 256.96pt x 234.8775pt>
File: _combinaison_8hpp__incl.pdf Graphic file (type pdf)
<use _combinaison_8hpp__incl.pdf>
Package pdftex.def Info: _combinaison_8hpp__incl.pdf  used on input line 11.
(pdftex.def)             Requested size: 256.0pt x 234.01677pt.

Underfull \vbox (badness 1102) has occurred while \output is active []

 [68] <./_combinaison_8hpp__dep__incl.pdf>
<_combinaison_8hpp__dep__incl.pdf, id=2393, 1933.2225pt x 435.6275pt>
File: _combinaison_8hpp__dep__incl.pdf Graphic file (type pdf)
<use _combinaison_8hpp__dep__incl.pdf>
Package pdftex.def Info: _combinaison_8hpp__dep__incl.pdf  used on input line 1
8.
(pdftex.def)             Requested size: 350.0pt x 78.86821pt.
) (./_combi_wordle_8hpp.tex <./_combi_wordle_8hpp__incl.pdf

pdfTeX warning: pdflatex (file ./_combi_wordle_8hpp__incl.pdf): PDF inclusion: 
multiple pdfs with page group included in a single page
>
<_combi_wordle_8hpp__incl.pdf, id=2403, 324.21124pt x 291.0875pt>
File: _combi_wordle_8hpp__incl.pdf Graphic file (type pdf)
<use _combi_wordle_8hpp__incl.pdf>
Package pdftex.def Info: _combi_wordle_8hpp__incl.pdf  used on input line 12.
(pdftex.def)             Requested size: 323.0pt x 290.01634pt.
 [69]) (./_humain_8hpp.tex <./_humain_8hpp__incl.pdf>
<_humain_8hpp__incl.pdf, id=2422, 404.51125pt x 347.2975pt>
File: _humain_8hpp__incl.pdf Graphic file (type pdf)
<use _humain_8hpp__incl.pdf>
Package pdftex.def Info: _humain_8hpp__incl.pdf  used on input line 9.
(pdftex.def)             Requested size: 350.0pt x 300.50359pt.
 [70] <./_humain_8hpp__dep__incl.pdf>
<_humain_8hpp__dep__incl.pdf, id=2439, 841.1425pt x 279.0425pt>
File: _humain_8hpp__dep__incl.pdf Graphic file (type pdf)
<use _humain_8hpp__dep__incl.pdf>
Package pdftex.def Info: _humain_8hpp__dep__incl.pdf  used on input line 16.
(pdftex.def)             Requested size: 350.0pt x 116.1113pt.
) (./_humain___codeur_8hpp.tex <./_humain___codeur_8hpp__incl.pdf

pdfTeX warning: pdflatex (file ./_humain___codeur_8hpp__incl.pdf): PDF inclusio
n: multiple pdfs with page group included in a single page
>
<_humain___codeur_8hpp__incl.pdf, id=2449, 337.26pt x 403.5075pt>
File: _humain___codeur_8hpp__incl.pdf Graphic file (type pdf)
<use _humain___codeur_8hpp__incl.pdf>
Package pdftex.def Info: _humain___codeur_8hpp__incl.pdf  used on input line 9.

(pdftex.def)             Requested size: 336.0pt x 402.01035pt.
 [71] <./_humain___codeur_8hpp__dep__incl.pdf>
<_humain___codeur_8hpp__dep__incl.pdf, id=2467, 439.6425pt x 200.75pt>
File: _humain___codeur_8hpp__dep__incl.pdf Graphic file (type pdf)
<use _humain___codeur_8hpp__dep__incl.pdf>
Package pdftex.def Info: _humain___codeur_8hpp__dep__incl.pdf  used on input li
ne 16.
(pdftex.def)             Requested size: 350.0pt x 159.82214pt.

Underfull \vbox (badness 10000) has occurred while \output is active []

 [72])
(./_humain___codeur___mastermind_8hpp.tex <./_humain___codeur___mastermind_8hpp
__incl.pdf>
<_humain___codeur___mastermind_8hpp__incl.pdf, id=2484, 388.45125pt x 459.7175p
t>
File: _humain___codeur___mastermind_8hpp__incl.pdf Graphic file (type pdf)
<use _humain___codeur___mastermind_8hpp__incl.pdf>
Package pdftex.def Info: _humain___codeur___mastermind_8hpp__incl.pdf  used on 
input line 10.
(pdftex.def)             Requested size: 350.0pt x 414.21892pt.

Underfull \vbox (badness 2418) has occurred while \output is active []

 [73])
(./_humain___codeur___wordle_8hpp.tex <./_humain___codeur___wordle_8hpp__incl.p
df>
<_humain___codeur___wordle_8hpp__incl.pdf, id=2503, 388.45125pt x 459.7175pt>
File: _humain___codeur___wordle_8hpp__incl.pdf Graphic file (type pdf)
<use _humain___codeur___wordle_8hpp__incl.pdf>
Package pdftex.def Info: _humain___codeur___wordle_8hpp__incl.pdf  used on inpu
t line 10.
(pdftex.def)             Requested size: 350.0pt x 414.21892pt.
 [74]) (./_humain___decodeur_8hpp.tex <./_humain___decodeur_8hpp__incl.pdf>
<_humain___decodeur_8hpp__incl.pdf, id=2522, 337.26pt x 403.5075pt>
File: _humain___decodeur_8hpp__incl.pdf Graphic file (type pdf)
<use _humain___decodeur_8hpp__incl.pdf>
Package pdftex.def Info: _humain___decodeur_8hpp__incl.pdf  used on input line 
9.
(pdftex.def)             Requested size: 336.0pt x 402.01035pt.

[75] <./_humain___decodeur_8hpp__dep__incl.pdf>
<_humain___decodeur_8hpp__dep__incl.pdf, id=2538, 463.7325pt x 200.75pt>
File: _humain___decodeur_8hpp__dep__incl.pdf Graphic file (type pdf)
<use _humain___decodeur_8hpp__dep__incl.pdf>
Package pdftex.def Info: _humain___decodeur_8hpp__dep__incl.pdf  used on input 
line 16.
(pdftex.def)             Requested size: 350.0pt x 151.51784pt.
 [76])
(./_humain___decodeur___mastermind_8hpp.tex <./_humain___decodeur___mastermind_
8hpp__incl.pdf>
<_humain___decodeur___mastermind_8hpp__incl.pdf, id=2557, 388.45125pt x 459.717
5pt>
File: _humain___decodeur___mastermind_8hpp__incl.pdf Graphic file (type pdf)
<use _humain___decodeur___mastermind_8hpp__incl.pdf>
Package pdftex.def Info: _humain___decodeur___mastermind_8hpp__incl.pdf  used o
n input line 10.
(pdftex.def)             Requested size: 350.0pt x 414.21892pt.
 [77]) (./_humain___decodeur___wordle_8hpp.tex <./_humain___decodeur___wordle_8
hpp__incl.pdf>
<_humain___decodeur___wordle_8hpp__incl.pdf, id=2577, 388.45125pt x 459.7175pt>

File: _humain___decodeur___wordle_8hpp__incl.pdf Graphic file (type pdf)
<use _humain___decodeur___wordle_8hpp__incl.pdf>
Package pdftex.def Info: _humain___decodeur___wordle_8hpp__incl.pdf  used on in
put line 10.
(pdftex.def)             Requested size: 350.0pt x 414.21892pt.
 [78]) (./_i_a_8hpp.tex <./_i_a_8hpp__incl.pdf>
<_i_a_8hpp__incl.pdf, id=2596, 331.2375pt x 347.2975pt>
File: _i_a_8hpp__incl.pdf Graphic file (type pdf)
<use _i_a_8hpp__incl.pdf>
Package pdftex.def Info: _i_a_8hpp__incl.pdf  used on input line 8.
(pdftex.def)             Requested size: 330.0pt x 346.0142pt.
 <./_i_a_8hpp__dep__incl.pdf

pdfTeX warning: pdflatex (file ./_i_a_8hpp__dep__incl.pdf): PDF inclusion: mult
iple pdfs with page group included in a single page
>
<_i_a_8hpp__dep__incl.pdf, id=2604, 734.745pt x 279.0425pt>
File: _i_a_8hpp__dep__incl.pdf Graphic file (type pdf)
<use _i_a_8hpp__dep__incl.pdf>
Package pdftex.def Info: _i_a_8hpp__dep__incl.pdf  used on input line 15.
(pdftex.def)             Requested size: 350.0pt x 132.9255pt.
 [79]) (./_i_a___codeur_8hpp.tex <./_i_a___codeur_8hpp__incl.pdf>
<_i_a___codeur_8hpp__incl.pdf, id=2623, 312.16624pt x 403.5075pt>
File: _i_a___codeur_8hpp__incl.pdf Graphic file (type pdf)
<use _i_a___codeur_8hpp__incl.pdf>
Package pdftex.def Info: _i_a___codeur_8hpp__incl.pdf  used on input line 9.
(pdftex.def)             Requested size: 311.0pt x 402.01035pt.

Underfull \vbox (badness 5711) has occurred while \output is active []

 [80] <./_i_a___codeur_8hpp__dep__incl.pdf>
<_i_a___codeur_8hpp__dep__incl.pdf, id=2639, 389.455pt x 200.75pt>
File: _i_a___codeur_8hpp__dep__incl.pdf Graphic file (type pdf)
<use _i_a___codeur_8hpp__dep__incl.pdf>
Package pdftex.def Info: _i_a___codeur_8hpp__dep__incl.pdf  used on input line 
16.
(pdftex.def)             Requested size: 350.0pt x 180.41907pt.
 [81]) (./_i_a___codeur___mastermind_8hpp.tex <./_i_a___codeur___mastermind_8hp
p__incl.pdf>
<_i_a___codeur___mastermind_8hpp__incl.pdf, id=2657, 350.30875pt x 459.7175pt>
File: _i_a___codeur___mastermind_8hpp__incl.pdf Graphic file (type pdf)
<use _i_a___codeur___mastermind_8hpp__incl.pdf>
Package pdftex.def Info: _i_a___codeur___mastermind_8hpp__incl.pdf  used on inp
ut line 10.
(pdftex.def)             Requested size: 349.0pt x 458.03284pt.

Underfull \vbox (badness 10000) has occurred while \output is active []

 [82])
(./_i_a___codeur___wordle_8hpp.tex <./_i_a___codeur___wordle_8hpp__incl.pdf

pdfTeX warning: pdflatex (file ./_i_a___codeur___wordle_8hpp__incl.pdf): PDF in
clusion: multiple pdfs with page group included in a single page
>
<_i_a___codeur___wordle_8hpp__incl.pdf, id=2675, 350.30875pt x 459.7175pt>
File: _i_a___codeur___wordle_8hpp__incl.pdf Graphic file (type pdf)
<use _i_a___codeur___wordle_8hpp__incl.pdf>
Package pdftex.def Info: _i_a___codeur___wordle_8hpp__incl.pdf  used on input l
ine 10.
(pdftex.def)             Requested size: 349.0pt x 458.03284pt.
 [83]) (./_i_a___decodeur_8hpp.tex <./_i_a___decodeur_8hpp__incl.pdf>
<_i_a___decodeur_8hpp__incl.pdf, id=2697, 312.16624pt x 403.5075pt>
File: _i_a___decodeur_8hpp__incl.pdf Graphic file (type pdf)
<use _i_a___decodeur_8hpp__incl.pdf>
Package pdftex.def Info: _i_a___decodeur_8hpp__incl.pdf  used on input line 9.
(pdftex.def)             Requested size: 311.0pt x 402.01035pt.
 [84] <./_i_a___decodeur_8hpp__dep__incl.pdf>
<_i_a___decodeur_8hpp__dep__incl.pdf, id=2712, 407.5225pt x 200.75pt>
File: _i_a___decodeur_8hpp__dep__incl.pdf Graphic file (type pdf)
<use _i_a___decodeur_8hpp__dep__incl.pdf>
Package pdftex.def Info: _i_a___decodeur_8hpp__dep__incl.pdf  used on input lin
e 16.
(pdftex.def)             Requested size: 350.0pt x 172.42107pt.

Underfull \vbox (badness 4120) has occurred while \output is active []

 [85])
(./_i_a___decodeur___mastermind_8hpp.tex <./_i_a___decodeur___mastermind_8hpp__
incl.pdf>
<_i_a___decodeur___mastermind_8hpp__incl.pdf, id=2730, 352.31625pt x 459.7175pt
>
File: _i_a___decodeur___mastermind_8hpp__incl.pdf Graphic file (type pdf)
<use _i_a___decodeur___mastermind_8hpp__incl.pdf>
Package pdftex.def Info: _i_a___decodeur___mastermind_8hpp__incl.pdf  used on i
nput line 10.
(pdftex.def)             Requested size: 350.0pt x 456.69302pt.

Underfull \vbox (badness 1997) has occurred while \output is active []

 [86])
(./_i_a___decodeur___wordle_8hpp.tex <./_i_a___decodeur___wordle_8hpp__incl.pdf
>
<_i_a___decodeur___wordle_8hpp__incl.pdf, id=2750, 350.30875pt x 459.7175pt>
File: _i_a___decodeur___wordle_8hpp__incl.pdf Graphic file (type pdf)
<use _i_a___decodeur___wordle_8hpp__incl.pdf>
Package pdftex.def Info: _i_a___decodeur___wordle_8hpp__incl.pdf  used on input
 line 10.
(pdftex.def)             Requested size: 349.0pt x 458.03284pt.
 [87]) (./_jeu_de_deduction_8hpp.tex <./_jeu_de_deduction_8hpp__incl.pdf>
<_jeu_de_deduction_8hpp__incl.pdf, id=2770, 384.43625pt x 347.2975pt>
File: _jeu_de_deduction_8hpp__incl.pdf Graphic file (type pdf)
<use _jeu_de_deduction_8hpp__incl.pdf>
Package pdftex.def Info: _jeu_de_deduction_8hpp__incl.pdf  used on input line 1
3.
(pdftex.def)             Requested size: 350.0pt x 316.21078pt.

[88] <./_jeu_de_deduction_8hpp__dep__incl.pdf>
<_jeu_de_deduction_8hpp__dep__incl.pdf, id=2785, 369.38pt x 279.0425pt>
File: _jeu_de_deduction_8hpp__dep__incl.pdf Graphic file (type pdf)
<use _jeu_de_deduction_8hpp__dep__incl.pdf>
Package pdftex.def Info: _jeu_de_deduction_8hpp__dep__incl.pdf  used on input l
ine 20.
(pdftex.def)             Requested size: 350.0pt x 264.40335pt.

Underfull \vbox (badness 6625) has occurred while \output is active []

 [89])
(./_joueur_8cpp.tex <./_joueur_8cpp__incl.pdf>
<_joueur_8cpp__incl.pdf, id=2804, 501.875pt x 347.2975pt>
File: _joueur_8cpp__incl.pdf Graphic file (type pdf)
<use _joueur_8cpp__incl.pdf>
Package pdftex.def Info: _joueur_8cpp__incl.pdf  used on input line 14.
(pdftex.def)             Requested size: 350.0pt x 242.211pt.
) (./_joueur_8hpp.tex [90] <./_joueur_8hpp__incl.pdf>
<_joueur_8hpp__incl.pdf, id=2820, 331.2375pt x 291.0875pt>
File: _joueur_8hpp__incl.pdf Graphic file (type pdf)
<use _joueur_8hpp__incl.pdf>
Package pdftex.def Info: _joueur_8hpp__incl.pdf  used on input line 9.
(pdftex.def)             Requested size: 330.0pt x 290.0119pt.

Underfull \vbox (badness 10000) has occurred while \output is active []

 [91] <./_joueur_8hpp__dep__incl.pdf>
<_joueur_8hpp__dep__incl.pdf, id=2834, 1732.4725pt x 357.335pt>
File: _joueur_8hpp__dep__incl.pdf Graphic file (type pdf)
<use _joueur_8hpp__dep__incl.pdf>
Package pdftex.def Info: _joueur_8hpp__dep__incl.pdf  used on input line 16.
(pdftex.def)             Requested size: 350.0pt x 72.1909pt.
) (./_mastermind_8cpp.tex <./_mastermind_8cpp__incl.pdf

pdfTeX warning: pdflatex (file ./_mastermind_8cpp__incl.pdf): PDF inclusion: mu
ltiple pdfs with page group included in a single page
>
<_mastermind_8cpp__incl.pdf, id=2844, 526.96875pt x 459.7175pt>
File: _mastermind_8cpp__incl.pdf Graphic file (type pdf)
<use _mastermind_8cpp__incl.pdf>
Package pdftex.def Info: _mastermind_8cpp__incl.pdf  used on input line 10.
(pdftex.def)             Requested size: 350.0pt x 305.35054pt.
) (./_mastermind_8hpp.tex [92] <./_mastermind_8hpp__incl.pdf>
<_mastermind_8hpp__incl.pdf, id=2861, 412.54124pt x 403.5075pt>
File: _mastermind_8hpp__incl.pdf Graphic file (type pdf)
<use _mastermind_8hpp__incl.pdf>
Package pdftex.def Info: _mastermind_8hpp__incl.pdf  used on input line 12.
(pdftex.def)             Requested size: 350.0pt x 342.34267pt.

Underfull \vbox (badness 10000) has occurred while \output is active []

 [93] <./_mastermind_8hpp__dep__incl.pdf>
<_mastermind_8hpp__dep__incl.pdf, id=2875, 215.80624pt x 200.75pt>
File: _mastermind_8hpp__dep__incl.pdf Graphic file (type pdf)
<use _mastermind_8hpp__dep__incl.pdf>
Package pdftex.def Info: _mastermind_8hpp__dep__incl.pdf  used on input line 19
.
(pdftex.def)             Requested size: 215.0pt x 200.00513pt.
 [94]) (./_menu_8cpp.tex) (./_menu_8hpp.tex <./_menu_8hpp__incl.pdf>
<_menu_8hpp__incl.pdf, id=2893, 215.80624pt x 178.6675pt>
File: _menu_8hpp__incl.pdf Graphic file (type pdf)
<use _menu_8hpp__incl.pdf>
Package pdftex.def Info: _menu_8hpp__incl.pdf  used on input line 9.
(pdftex.def)             Requested size: 215.0pt x 178.00456pt.
 <./_menu_8hpp__dep__incl.pdf

pdfTeX warning: pdflatex (file ./_menu_8hpp__dep__incl.pdf): PDF inclusion: mul
tiple pdfs with page group included in a single page
>
<_menu_8hpp__dep__incl.pdf, id=2901, 1882.03125pt x 513.92pt>
File: _menu_8hpp__dep__incl.pdf Graphic file (type pdf)
<use _menu_8hpp__dep__incl.pdf>
Package pdftex.def Info: _menu_8hpp__dep__incl.pdf  used on input line 16.
(pdftex.def)             Requested size: 350.0pt x 95.56773pt.
) (./_r_e_a_d_m_e_8md.tex) (./_wordle_8hpp.tex <./_wordle_8hpp__incl.pdf

pdfTeX warning: pdflatex (file ./_wordle_8hpp__incl.pdf): PDF inclusion: multip
le pdfs with page group included in a single page
>
<_wordle_8hpp__incl.pdf, id=2912, 496.85625pt x 403.5075pt>
File: _wordle_8hpp__incl.pdf Graphic file (type pdf)
<use _wordle_8hpp__incl.pdf>
Package pdftex.def Info: _wordle_8hpp__incl.pdf  used on input line 13.
(pdftex.def)             Requested size: 350.0pt x 284.24501pt.
 [95]) [96] (./refman.ind
Overfull \hbox (68.25244pt too wide) in paragraph at lines 3--5
[]\T1/phv/m/n/10 /home/kevin/Documents/GM4/S8/Projet_Cpp_S8/CombiMastermind.hpp
,
 []


Overfull \hbox (49.1189pt too wide) in paragraph at lines 5--7
[]\T1/phv/m/n/10 /home/kevin/Documents/GM4/S8/Projet_Cpp_S8/CombiWordle.hpp,
 []


Overfull \hbox (47.03088pt too wide) in paragraph at lines 7--9
[]\T1/phv/m/n/10 /home/kevin/Documents/GM4/S8/Projet_Cpp_S8/Combinaison.cpp,
 []


Overfull \hbox (47.53482pt too wide) in paragraph at lines 9--11
[]\T1/phv/m/n/10 /home/kevin/Documents/GM4/S8/Projet_Cpp_S8/Combinaison.hpp,
 []


Overfull \hbox (26.02518pt too wide) in paragraph at lines 11--13
[]\T1/phv/m/n/10 /home/kevin/Documents/GM4/S8/Projet_Cpp_S8/Humain.hpp,
 []


Overfull \hbox (60.08955pt too wide) in paragraph at lines 13--15
[]\T1/phv/m/n/10 /home/kevin/Documents/GM4/S8/Projet_Cpp_S8/Humain_Codeur.hpp,
 []


Overfull \hbox (112.77464pt too wide) in paragraph at lines 15--17
[]\T1/phv/m/n/10 /home/kevin/Documents/GM4/S8/Projet_Cpp_S8/Humain_Codeur_Maste
rmind.hpp,
 []


Overfull \hbox (93.6411pt too wide) in paragraph at lines 17--19
[]\T1/phv/m/n/10 /home/kevin/Documents/GM4/S8/Projet_Cpp_S8/Humain_Codeur_Wordl
e.hpp,
 []


Overfull \hbox (69.59343pt too wide) in paragraph at lines 19--21
[]\T1/phv/m/n/10 /home/kevin/Documents/GM4/S8/Projet_Cpp_S8/Humain_Decodeur.hpp
,
 []


Overfull \hbox (122.27852pt too wide) in paragraph at lines 21--23
[]\T1/phv/m/n/10 /home/kevin/Documents/GM4/S8/Projet_Cpp_S8/Humain_Decodeur_Mas
termind.hpp,
 []


Overfull \hbox (103.14497pt too wide) in paragraph at lines 23--25
[]\T1/phv/m/n/10 /home/kevin/Documents/GM4/S8/Projet_Cpp_S8/Humain_Decodeur_Wor
dle.hpp,
 []


Overfull \hbox (37.58983pt too wide) in paragraph at lines 27--29
[]\T1/phv/m/n/10 /home/kevin/Documents/GM4/S8/Projet_Cpp_S8/IA_Codeur.hpp,
 []


Overfull \hbox (90.27492pt too wide) in paragraph at lines 29--31
[]\T1/phv/m/n/10 /home/kevin/Documents/GM4/S8/Projet_Cpp_S8/IA_Codeur_Mastermin
d.hpp,
 []


Overfull \hbox (71.14137pt too wide) in paragraph at lines 31--33
[]\T1/phv/m/n/10 /home/kevin/Documents/GM4/S8/Projet_Cpp_S8/IA_Codeur_Wordle.hp
p,
 []


Overfull \hbox (47.0937pt too wide) in paragraph at lines 33--35
[]\T1/phv/m/n/10 /home/kevin/Documents/GM4/S8/Projet_Cpp_S8/IA_Decodeur.hpp,
 []


Overfull \hbox (99.7788pt too wide) in paragraph at lines 35--37
[]\T1/phv/m/n/10 /home/kevin/Documents/GM4/S8/Projet_Cpp_S8/IA_Decodeur_Masterm
ind.hpp,
 []


Overfull \hbox (80.64525pt too wide) in paragraph at lines 37--39
[]\T1/phv/m/n/10 /home/kevin/Documents/GM4/S8/Projet_Cpp_S8/IA_Decodeur_Wordle.
hpp,
 []


Overfull \hbox (61.54756pt too wide) in paragraph at lines 39--41
[]\T1/phv/m/n/10 /home/kevin/Documents/GM4/S8/Projet_Cpp_S8/JeuDeDeduction.hpp,

 []


Overfull \hbox (21.57925pt too wide) in paragraph at lines 41--43
[]\T1/phv/m/n/10 /home/kevin/Documents/GM4/S8/Projet_Cpp_S8/Joueur.cpp,
 []


Overfull \hbox (22.08319pt too wide) in paragraph at lines 43--45
[]\T1/phv/m/n/10 /home/kevin/Documents/GM4/S8/Projet_Cpp_S8/Joueur.hpp,
 []


Overfull \hbox (41.74791pt too wide) in paragraph at lines 45--47
[]\T1/phv/m/n/10 /home/kevin/Documents/GM4/S8/Projet_Cpp_S8/Mastermind.cpp,
 []


Overfull \hbox (42.25185pt too wide) in paragraph at lines 47--49
[]\T1/phv/m/n/10 /home/kevin/Documents/GM4/S8/Projet_Cpp_S8/Mastermind.hpp,
 []


Overfull \hbox (16.93536pt too wide) in paragraph at lines 49--51
[]\T1/phv/m/n/10 /home/kevin/Documents/GM4/S8/Projet_Cpp_S8/Menu.cpp,
 []


Overfull \hbox (17.4393pt too wide) in paragraph at lines 51--53
[]\T1/phv/m/n/10 /home/kevin/Documents/GM4/S8/Projet_Cpp_S8/Menu.hpp,
 []


Overfull \hbox (31.01117pt too wide) in paragraph at lines 53--55
[]\T1/phv/m/n/10 /home/kevin/Documents/GM4/S8/Projet_Cpp_S8/README.md,
 []


Overfull \hbox (23.1183pt too wide) in paragraph at lines 55--57
[]\T1/phv/m/n/10 /home/kevin/Documents/GM4/S8/Projet_Cpp_S8/Wordle.hpp,
 []

[97



] [98] [99

])
Package atveryend Info: Empty hook `BeforeClearDocument' on input line 249.
Package atveryend Info: Empty hook `AfterLastShipout' on input line 249.
 (./refman.aux)
Package atveryend Info: Executing hook `AtVeryEndDocument' on input line 249.
Package atveryend Info: Executing hook `AtEndAfterFileList' on input line 249.
Package rerunfilecheck Info: File `refman.out' has not changed.
(rerunfilecheck)             Checksum: 7D6C39A3C0E0474AD20FC19ABD75847C;51321.
 ) 
Here is how much of TeX's memory you used:
 18001 strings out of 481239
 283255 string characters out of 5920377
 600522 words of memory out of 5000000
 32246 multiletter control sequences out of 15000+600000
 592256 words of font info for 96 fonts, out of 8000000 for 9000
 1141 hyphenation exceptions out of 8191
 55i,16n,96p,1381b,627s stack positions out of 5000i,500n,10000p,200000b,80000s
{/usr/share/texlive/texmf-dist/fonts/enc/dvips/base/8r.enc}</usr/share/texliv
e/texmf-dist/fonts/type1/public/amsfonts/cm/cmmi10.pfb></usr/share/texlive/texm
f-dist/fonts/type1/public/amsfonts/cm/cmmi7.pfb></usr/share/texlive/texmf-dist/
fonts/type1/public/amsfonts/cm/cmmi8.pfb></usr/share/texlive/texmf-dist/fonts/t
ype1/public/amsfonts/cm/cmsy7.pfb></usr/share/texlive/texmf-dist/fonts/type1/ur
w/courier/ucrb8a.pfb></usr/share/texlive/texmf-dist/fonts/type1/urw/courier/ucr
r8a.pfb></usr/share/texlive/texmf-dist/fonts/type1/urw/courier/ucrro8a.pfb></us
r/share/texlive/texmf-dist/fonts/type1/urw/helvetic/uhvb8a.pfb></usr/share/texl
ive/texmf-dist/fonts/type1/urw/helvetic/uhvb8ac.pfb></usr/share/texlive/texmf-d
ist/fonts/type1/urw/helvetic/uhvr8a.pfb></usr/share/texlive/texmf-dist/fonts/ty
pe1/urw/helvetic/uhvro8a.pfb>
Output written on refman.pdf (107 pages, 789661 bytes).
PDF statistics:
 3313 PDF objects out of 3580 (max. 8388607)
 2910 compressed objects within 30 object streams
 596 named destinations out of 1000 (max. 500000)
 2024 words of extra memory for PDF output out of 10000 (max. 10000000)

