\BOOKMARK [0][-]{chapter.1}{\376\377\0001\000\040\000P\000r\000o\000j\000e\000t\000\040\000C\000p\000p\000\040\000S\0008}{}% 1
\BOOKMARK [0][-]{chapter.2}{\376\377\0002\000\040\000N\000a\000m\000e\000s\000p\000a\000c\000e\000\040\000I\000n\000d\000e\000x}{}% 2
\BOOKMARK [1][-]{section.2.1}{\376\377\0002\000.\0001\000\040\000N\000a\000m\000e\000s\000p\000a\000c\000e\000\040\000L\000i\000s\000t}{chapter.2}% 3
\BOOKMARK [0][-]{chapter.3}{\376\377\0003\000\040\000H\000i\000e\000r\000a\000r\000c\000h\000i\000c\000a\000l\000\040\000I\000n\000d\000e\000x}{}% 4
\BOOKMARK [1][-]{section.3.1}{\376\377\0003\000.\0001\000\040\000C\000l\000a\000s\000s\000\040\000H\000i\000e\000r\000a\000r\000c\000h\000y}{chapter.3}% 5
\BOOKMARK [0][-]{chapter.4}{\376\377\0004\000\040\000C\000l\000a\000s\000s\000\040\000I\000n\000d\000e\000x}{}% 6
\BOOKMARK [1][-]{section.4.1}{\376\377\0004\000.\0001\000\040\000C\000l\000a\000s\000s\000\040\000L\000i\000s\000t}{chapter.4}% 7
\BOOKMARK [0][-]{chapter.5}{\376\377\0005\000\040\000F\000i\000l\000e\000\040\000I\000n\000d\000e\000x}{}% 8
\BOOKMARK [1][-]{section.5.1}{\376\377\0005\000.\0001\000\040\000F\000i\000l\000e\000\040\000L\000i\000s\000t}{chapter.5}% 9
\BOOKMARK [0][-]{chapter.6}{\376\377\0006\000\040\000N\000a\000m\000e\000s\000p\000a\000c\000e\000\040\000D\000o\000c\000u\000m\000e\000n\000t\000a\000t\000i\000o\000n}{}% 10
\BOOKMARK [1][-]{section.6.1}{\376\377\0006\000.\0001\000\040\000s\000t\000d\000\040\000N\000a\000m\000e\000s\000p\000a\000c\000e\000\040\000R\000e\000f\000e\000r\000e\000n\000c\000e}{chapter.6}% 11
\BOOKMARK [2][-]{subsection.6.1.1}{\376\377\0006\000.\0001\000.\0001\000\040\000D\000e\000t\000a\000i\000l\000e\000d\000\040\000D\000e\000s\000c\000r\000i\000p\000t\000i\000o\000n}{section.6.1}% 12
\BOOKMARK [0][-]{chapter.7}{\376\377\0007\000\040\000C\000l\000a\000s\000s\000\040\000D\000o\000c\000u\000m\000e\000n\000t\000a\000t\000i\000o\000n}{}% 13
\BOOKMARK [1][-]{section.7.1}{\376\377\0007\000.\0001\000\040\000C\000o\000m\000b\000i\000M\000a\000s\000t\000e\000r\000m\000i\000n\000d\000\040\000C\000l\000a\000s\000s\000\040\000R\000e\000f\000e\000r\000e\000n\000c\000e}{chapter.7}% 14
\BOOKMARK [2][-]{subsection.7.1.1}{\376\377\0007\000.\0001\000.\0001\000\040\000D\000e\000t\000a\000i\000l\000e\000d\000\040\000D\000e\000s\000c\000r\000i\000p\000t\000i\000o\000n}{section.7.1}% 15
\BOOKMARK [2][-]{subsection.7.1.2}{\376\377\0007\000.\0001\000.\0002\000\040\000C\000o\000n\000s\000t\000r\000u\000c\000t\000o\000r\000\040\000\046\000\040\000D\000e\000s\000t\000r\000u\000c\000t\000o\000r\000\040\000D\000o\000c\000u\000m\000e\000n\000t\000a\000t\000i\000o\000n}{section.7.1}% 16
\BOOKMARK [3][-]{subsubsection.7.1.2.1}{\376\377\0007\000.\0001\000.\0002\000.\0001\000\040\000C\000o\000m\000b\000i\000M\000a\000s\000t\000e\000r\000m\000i\000n\000d\000\050\000\051\000\040\000[\0001\000/\0002\000]}{subsection.7.1.2}% 17
\BOOKMARK [3][-]{subsubsection.7.1.2.2}{\376\377\0007\000.\0001\000.\0002\000.\0002\000\040\000C\000o\000m\000b\000i\000M\000a\000s\000t\000e\000r\000m\000i\000n\000d\000\050\000\051\000\040\000[\0002\000/\0002\000]}{subsection.7.1.2}% 18
\BOOKMARK [2][-]{subsection.7.1.3}{\376\377\0007\000.\0001\000.\0003\000\040\000M\000e\000m\000b\000e\000r\000\040\000F\000u\000n\000c\000t\000i\000o\000n\000\040\000D\000o\000c\000u\000m\000e\000n\000t\000a\000t\000i\000o\000n}{section.7.1}% 19
\BOOKMARK [3][-]{subsubsection.7.1.3.1}{\376\377\0007\000.\0001\000.\0003\000.\0001\000\040\000b\000i\000e\000n\000P\000l\000a\000c\000e\000\050\000\051}{subsection.7.1.3}% 20
\BOOKMARK [3][-]{subsubsection.7.1.3.2}{\376\377\0007\000.\0001\000.\0003\000.\0002\000\040\000m\000a\000l\000P\000l\000a\000c\000e\000\050\000\051}{subsection.7.1.3}% 21
\BOOKMARK [3][-]{subsubsection.7.1.3.3}{\376\377\0007\000.\0001\000.\0003\000.\0003\000\040\000t\000o\000S\000t\000r\000i\000n\000g\000\050\000\051}{subsection.7.1.3}% 22
\BOOKMARK [1][-]{section.7.2}{\376\377\0007\000.\0002\000\040\000C\000o\000m\000b\000i\000n\000a\000i\000s\000o\000n\000\040\000C\000l\000a\000s\000s\000\040\000R\000e\000f\000e\000r\000e\000n\000c\000e}{chapter.7}% 23
\BOOKMARK [2][-]{subsection.7.2.1}{\376\377\0007\000.\0002\000.\0001\000\040\000D\000e\000t\000a\000i\000l\000e\000d\000\040\000D\000e\000s\000c\000r\000i\000p\000t\000i\000o\000n}{section.7.2}% 24
\BOOKMARK [2][-]{subsection.7.2.2}{\376\377\0007\000.\0002\000.\0002\000\040\000C\000o\000n\000s\000t\000r\000u\000c\000t\000o\000r\000\040\000\046\000\040\000D\000e\000s\000t\000r\000u\000c\000t\000o\000r\000\040\000D\000o\000c\000u\000m\000e\000n\000t\000a\000t\000i\000o\000n}{section.7.2}% 25
\BOOKMARK [3][-]{subsubsection.7.2.2.1}{\376\377\0007\000.\0002\000.\0002\000.\0001\000\040\000C\000o\000m\000b\000i\000n\000a\000i\000s\000o\000n\000\050\000\051\000\040\000[\0001\000/\0002\000]}{subsection.7.2.2}% 26
\BOOKMARK [3][-]{subsubsection.7.2.2.2}{\376\377\0007\000.\0002\000.\0002\000.\0002\000\040\000C\000o\000m\000b\000i\000n\000a\000i\000s\000o\000n\000\050\000\051\000\040\000[\0002\000/\0002\000]}{subsection.7.2.2}% 27
\BOOKMARK [2][-]{subsection.7.2.3}{\376\377\0007\000.\0002\000.\0003\000\040\000M\000e\000m\000b\000e\000r\000\040\000F\000u\000n\000c\000t\000i\000o\000n\000\040\000D\000o\000c\000u\000m\000e\000n\000t\000a\000t\000i\000o\000n}{section.7.2}% 28
\BOOKMARK [3][-]{subsubsection.7.2.3.1}{\376\377\0007\000.\0002\000.\0003\000.\0001\000\040\000g\000e\000t\000\050\000\051\000\040\000[\0001\000/\0002\000]}{subsection.7.2.3}% 29
\BOOKMARK [3][-]{subsubsection.7.2.3.2}{\376\377\0007\000.\0002\000.\0003\000.\0002\000\040\000g\000e\000t\000\050\000\051\000\040\000[\0002\000/\0002\000]}{subsection.7.2.3}% 30
\BOOKMARK [3][-]{subsubsection.7.2.3.3}{\376\377\0007\000.\0002\000.\0003\000.\0003\000\040\000s\000e\000t\000C\000o\000m\000b\000i\000n\000a\000i\000s\000o\000n\000\050\000\051}{subsection.7.2.3}% 31
\BOOKMARK [3][-]{subsubsection.7.2.3.4}{\376\377\0007\000.\0002\000.\0003\000.\0004\000\040\000t\000o\000S\000t\000r\000i\000n\000g\000\050\000\051}{subsection.7.2.3}% 32
\BOOKMARK [1][-]{section.7.3}{\376\377\0007\000.\0003\000\040\000C\000o\000m\000b\000i\000W\000o\000r\000d\000l\000e\000\040\000C\000l\000a\000s\000s\000\040\000R\000e\000f\000e\000r\000e\000n\000c\000e}{chapter.7}% 33
\BOOKMARK [2][-]{subsection.7.3.1}{\376\377\0007\000.\0003\000.\0001\000\040\000D\000e\000t\000a\000i\000l\000e\000d\000\040\000D\000e\000s\000c\000r\000i\000p\000t\000i\000o\000n}{section.7.3}% 34
\BOOKMARK [2][-]{subsection.7.3.2}{\376\377\0007\000.\0003\000.\0002\000\040\000C\000o\000n\000s\000t\000r\000u\000c\000t\000o\000r\000\040\000\046\000\040\000D\000e\000s\000t\000r\000u\000c\000t\000o\000r\000\040\000D\000o\000c\000u\000m\000e\000n\000t\000a\000t\000i\000o\000n}{section.7.3}% 35
\BOOKMARK [3][-]{subsubsection.7.3.2.1}{\376\377\0007\000.\0003\000.\0002\000.\0001\000\040\000C\000o\000m\000b\000i\000W\000o\000r\000d\000l\000e\000\050\000\051\000\040\000[\0001\000/\0002\000]}{subsection.7.3.2}% 36
\BOOKMARK [3][-]{subsubsection.7.3.2.2}{\376\377\0007\000.\0003\000.\0002\000.\0002\000\040\000C\000o\000m\000b\000i\000W\000o\000r\000d\000l\000e\000\050\000\051\000\040\000[\0002\000/\0002\000]}{subsection.7.3.2}% 37
\BOOKMARK [2][-]{subsection.7.3.3}{\376\377\0007\000.\0003\000.\0003\000\040\000M\000e\000m\000b\000e\000r\000\040\000F\000u\000n\000c\000t\000i\000o\000n\000\040\000D\000o\000c\000u\000m\000e\000n\000t\000a\000t\000i\000o\000n}{section.7.3}% 38
\BOOKMARK [3][-]{subsubsection.7.3.3.1}{\376\377\0007\000.\0003\000.\0003\000.\0001\000\040\000b\000i\000e\000n\000P\000l\000a\000c\000e\000\050\000\051}{subsection.7.3.3}% 39
\BOOKMARK [3][-]{subsubsection.7.3.3.2}{\376\377\0007\000.\0003\000.\0003\000.\0002\000\040\000m\000a\000l\000P\000l\000a\000c\000e\000\050\000\051}{subsection.7.3.3}% 40
\BOOKMARK [3][-]{subsubsection.7.3.3.3}{\376\377\0007\000.\0003\000.\0003\000.\0003\000\040\000t\000o\000S\000t\000r\000i\000n\000g\000\050\000\051}{subsection.7.3.3}% 41
\BOOKMARK [1][-]{section.7.4}{\376\377\0007\000.\0004\000\040\000H\000u\000m\000a\000i\000n\000\040\000C\000l\000a\000s\000s\000\040\000R\000e\000f\000e\000r\000e\000n\000c\000e}{chapter.7}% 42
\BOOKMARK [2][-]{subsection.7.4.1}{\376\377\0007\000.\0004\000.\0001\000\040\000D\000e\000t\000a\000i\000l\000e\000d\000\040\000D\000e\000s\000c\000r\000i\000p\000t\000i\000o\000n}{section.7.4}% 43
\BOOKMARK [2][-]{subsection.7.4.2}{\376\377\0007\000.\0004\000.\0002\000\040\000M\000e\000m\000b\000e\000r\000\040\000F\000u\000n\000c\000t\000i\000o\000n\000\040\000D\000o\000c\000u\000m\000e\000n\000t\000a\000t\000i\000o\000n}{section.7.4}% 44
\BOOKMARK [3][-]{subsubsection.7.4.2.1}{\376\377\0007\000.\0004\000.\0002\000.\0001\000\040\000s\000p\000l\000i\000t\000\050\000\051}{subsection.7.4.2}% 45
\BOOKMARK [3][-]{subsubsection.7.4.2.2}{\376\377\0007\000.\0004\000.\0002\000.\0002\000\040\000v\000e\000r\000i\000f\000i\000e\000r\000E\000n\000t\000r\000e\000e\000\050\000\051}{subsection.7.4.2}% 46
\BOOKMARK [1][-]{section.7.5}{\376\377\0007\000.\0005\000\040\000H\000u\000m\000a\000i\000n\000\137\000C\000o\000d\000e\000u\000r\000\040\000C\000l\000a\000s\000s\000\040\000R\000e\000f\000e\000r\000e\000n\000c\000e}{chapter.7}% 47
\BOOKMARK [2][-]{subsection.7.5.1}{\376\377\0007\000.\0005\000.\0001\000\040\000D\000e\000t\000a\000i\000l\000e\000d\000\040\000D\000e\000s\000c\000r\000i\000p\000t\000i\000o\000n}{section.7.5}% 48
\BOOKMARK [2][-]{subsection.7.5.2}{\376\377\0007\000.\0005\000.\0002\000\040\000C\000o\000n\000s\000t\000r\000u\000c\000t\000o\000r\000\040\000\046\000\040\000D\000e\000s\000t\000r\000u\000c\000t\000o\000r\000\040\000D\000o\000c\000u\000m\000e\000n\000t\000a\000t\000i\000o\000n}{section.7.5}% 49
\BOOKMARK [3][-]{subsubsection.7.5.2.1}{\376\377\0007\000.\0005\000.\0002\000.\0001\000\040\000H\000u\000m\000a\000i\000n\000\137\000C\000o\000d\000e\000u\000r\000\050\000\051}{subsection.7.5.2}% 50
\BOOKMARK [2][-]{subsection.7.5.3}{\376\377\0007\000.\0005\000.\0003\000\040\000M\000e\000m\000b\000e\000r\000\040\000F\000u\000n\000c\000t\000i\000o\000n\000\040\000D\000o\000c\000u\000m\000e\000n\000t\000a\000t\000i\000o\000n}{section.7.5}% 51
\BOOKMARK [3][-]{subsubsection.7.5.3.1}{\376\377\0007\000.\0005\000.\0003\000.\0001\000\040\000e\000n\000t\000r\000e\000r\000C\000o\000d\000e\000\050\000\051}{subsection.7.5.3}% 52
\BOOKMARK [3][-]{subsubsection.7.5.3.2}{\376\377\0007\000.\0005\000.\0003\000.\0002\000\040\000e\000n\000t\000r\000e\000r\000M\000d\000P\000\050\000\051}{subsection.7.5.3}% 53
\BOOKMARK [3][-]{subsubsection.7.5.3.3}{\376\377\0007\000.\0005\000.\0003\000.\0003\000\040\000g\000e\000t\000M\000d\000P\000\050\000\051}{subsection.7.5.3}% 54
\BOOKMARK [1][-]{section.7.6}{\376\377\0007\000.\0006\000\040\000H\000u\000m\000a\000i\000n\000\137\000C\000o\000d\000e\000u\000r\000\137\000M\000a\000s\000t\000e\000r\000m\000i\000n\000d\000\040\000C\000l\000a\000s\000s\000\040\000R\000e\000f\000e\000r\000e\000n\000c\000e}{chapter.7}% 55
\BOOKMARK [2][-]{subsection.7.6.1}{\376\377\0007\000.\0006\000.\0001\000\040\000D\000e\000t\000a\000i\000l\000e\000d\000\040\000D\000e\000s\000c\000r\000i\000p\000t\000i\000o\000n}{section.7.6}% 56
\BOOKMARK [1][-]{section.7.7}{\376\377\0007\000.\0007\000\040\000H\000u\000m\000a\000i\000n\000\137\000C\000o\000d\000e\000u\000r\000\137\000W\000o\000r\000d\000l\000e\000\040\000C\000l\000a\000s\000s\000\040\000R\000e\000f\000e\000r\000e\000n\000c\000e}{chapter.7}% 57
\BOOKMARK [2][-]{subsection.7.7.1}{\376\377\0007\000.\0007\000.\0001\000\040\000D\000e\000t\000a\000i\000l\000e\000d\000\040\000D\000e\000s\000c\000r\000i\000p\000t\000i\000o\000n}{section.7.7}% 58
\BOOKMARK [2][-]{subsection.7.7.2}{\376\377\0007\000.\0007\000.\0002\000\040\000C\000o\000n\000s\000t\000r\000u\000c\000t\000o\000r\000\040\000\046\000\040\000D\000e\000s\000t\000r\000u\000c\000t\000o\000r\000\040\000D\000o\000c\000u\000m\000e\000n\000t\000a\000t\000i\000o\000n}{section.7.7}% 59
\BOOKMARK [3][-]{subsubsection.7.7.2.1}{\376\377\0007\000.\0007\000.\0002\000.\0001\000\040\000H\000u\000m\000a\000i\000n\000\137\000C\000o\000d\000e\000u\000r\000\137\000W\000o\000r\000d\000l\000e\000\050\000\051}{subsection.7.7.2}% 60
\BOOKMARK [2][-]{subsection.7.7.3}{\376\377\0007\000.\0007\000.\0003\000\040\000M\000e\000m\000b\000e\000r\000\040\000F\000u\000n\000c\000t\000i\000o\000n\000\040\000D\000o\000c\000u\000m\000e\000n\000t\000a\000t\000i\000o\000n}{section.7.7}% 61
\BOOKMARK [3][-]{subsubsection.7.7.3.1}{\376\377\0007\000.\0007\000.\0003\000.\0001\000\040\000e\000n\000t\000r\000e\000r\000C\000o\000d\000e\000\050\000\051}{subsection.7.7.3}% 62
\BOOKMARK [3][-]{subsubsection.7.7.3.2}{\376\377\0007\000.\0007\000.\0003\000.\0002\000\040\000V\000e\000r\000i\000f\000i\000e\000r\000E\000n\000t\000r\000e\000e\000\050\000\051}{subsection.7.7.3}% 63
\BOOKMARK [1][-]{section.7.8}{\376\377\0007\000.\0008\000\040\000H\000u\000m\000a\000i\000n\000\137\000D\000e\000c\000o\000d\000e\000u\000r\000\040\000C\000l\000a\000s\000s\000\040\000R\000e\000f\000e\000r\000e\000n\000c\000e}{chapter.7}% 64
\BOOKMARK [2][-]{subsection.7.8.1}{\376\377\0007\000.\0008\000.\0001\000\040\000D\000e\000t\000a\000i\000l\000e\000d\000\040\000D\000e\000s\000c\000r\000i\000p\000t\000i\000o\000n}{section.7.8}% 65
\BOOKMARK [2][-]{subsection.7.8.2}{\376\377\0007\000.\0008\000.\0002\000\040\000C\000o\000n\000s\000t\000r\000u\000c\000t\000o\000r\000\040\000\046\000\040\000D\000e\000s\000t\000r\000u\000c\000t\000o\000r\000\040\000D\000o\000c\000u\000m\000e\000n\000t\000a\000t\000i\000o\000n}{section.7.8}% 66
\BOOKMARK [3][-]{subsubsection.7.8.2.1}{\376\377\0007\000.\0008\000.\0002\000.\0001\000\040\000H\000u\000m\000a\000i\000n\000\137\000D\000e\000c\000o\000d\000e\000u\000r\000\050\000\051}{subsection.7.8.2}% 67
\BOOKMARK [2][-]{subsection.7.8.3}{\376\377\0007\000.\0008\000.\0003\000\040\000M\000e\000m\000b\000e\000r\000\040\000F\000u\000n\000c\000t\000i\000o\000n\000\040\000D\000o\000c\000u\000m\000e\000n\000t\000a\000t\000i\000o\000n}{section.7.8}% 68
\BOOKMARK [3][-]{subsubsection.7.8.3.1}{\376\377\0007\000.\0008\000.\0003\000.\0001\000\040\000e\000n\000t\000r\000e\000r\000C\000o\000m\000b\000i\000n\000a\000i\000s\000o\000n\000\050\000\051}{subsection.7.8.3}% 69
\BOOKMARK [1][-]{section.7.9}{\376\377\0007\000.\0009\000\040\000H\000u\000m\000a\000i\000n\000\137\000D\000e\000c\000o\000d\000e\000u\000r\000\137\000M\000a\000s\000t\000e\000r\000m\000i\000n\000d\000\040\000C\000l\000a\000s\000s\000\040\000R\000e\000f\000e\000r\000e\000n\000c\000e}{chapter.7}% 70
\BOOKMARK [2][-]{subsection.7.9.1}{\376\377\0007\000.\0009\000.\0001\000\040\000D\000e\000t\000a\000i\000l\000e\000d\000\040\000D\000e\000s\000c\000r\000i\000p\000t\000i\000o\000n}{section.7.9}% 71
\BOOKMARK [2][-]{subsection.7.9.2}{\376\377\0007\000.\0009\000.\0002\000\040\000C\000o\000n\000s\000t\000r\000u\000c\000t\000o\000r\000\040\000\046\000\040\000D\000e\000s\000t\000r\000u\000c\000t\000o\000r\000\040\000D\000o\000c\000u\000m\000e\000n\000t\000a\000t\000i\000o\000n}{section.7.9}% 72
\BOOKMARK [3][-]{subsubsection.7.9.2.1}{\376\377\0007\000.\0009\000.\0002\000.\0001\000\040\000H\000u\000m\000a\000i\000n\000\137\000D\000e\000c\000o\000d\000e\000u\000r\000\137\000M\000a\000s\000t\000e\000r\000m\000i\000n\000d\000\050\000\051}{subsection.7.9.2}% 73
\BOOKMARK [2][-]{subsection.7.9.3}{\376\377\0007\000.\0009\000.\0003\000\040\000M\000e\000m\000b\000e\000r\000\040\000F\000u\000n\000c\000t\000i\000o\000n\000\040\000D\000o\000c\000u\000m\000e\000n\000t\000a\000t\000i\000o\000n}{section.7.9}% 74
\BOOKMARK [3][-]{subsubsection.7.9.3.1}{\376\377\0007\000.\0009\000.\0003\000.\0001\000\040\000e\000n\000t\000r\000e\000r\000C\000o\000m\000b\000i\000n\000a\000i\000s\000o\000n\000\050\000\051}{subsection.7.9.3}% 75
\BOOKMARK [3][-]{subsubsection.7.9.3.2}{\376\377\0007\000.\0009\000.\0003\000.\0002\000\040\000V\000e\000r\000i\000f\000i\000e\000r\000E\000n\000t\000r\000e\000e\000\050\000\051}{subsection.7.9.3}% 76
\BOOKMARK [1][-]{section.7.10}{\376\377\0007\000.\0001\0000\000\040\000H\000u\000m\000a\000i\000n\000\137\000D\000e\000c\000o\000d\000e\000u\000r\000\137\000W\000o\000r\000d\000l\000e\000\040\000C\000l\000a\000s\000s\000\040\000R\000e\000f\000e\000r\000e\000n\000c\000e}{chapter.7}% 77
\BOOKMARK [2][-]{subsection.7.10.1}{\376\377\0007\000.\0001\0000\000.\0001\000\040\000D\000e\000t\000a\000i\000l\000e\000d\000\040\000D\000e\000s\000c\000r\000i\000p\000t\000i\000o\000n}{section.7.10}% 78
\BOOKMARK [2][-]{subsection.7.10.2}{\376\377\0007\000.\0001\0000\000.\0002\000\040\000C\000o\000n\000s\000t\000r\000u\000c\000t\000o\000r\000\040\000\046\000\040\000D\000e\000s\000t\000r\000u\000c\000t\000o\000r\000\040\000D\000o\000c\000u\000m\000e\000n\000t\000a\000t\000i\000o\000n}{section.7.10}% 79
\BOOKMARK [3][-]{subsubsection.7.10.2.1}{\376\377\0007\000.\0001\0000\000.\0002\000.\0001\000\040\000H\000u\000m\000a\000i\000n\000\137\000D\000e\000c\000o\000d\000e\000u\000r\000\137\000W\000o\000r\000d\000l\000e\000\050\000\051}{subsection.7.10.2}% 80
\BOOKMARK [2][-]{subsection.7.10.3}{\376\377\0007\000.\0001\0000\000.\0003\000\040\000M\000e\000m\000b\000e\000r\000\040\000F\000u\000n\000c\000t\000i\000o\000n\000\040\000D\000o\000c\000u\000m\000e\000n\000t\000a\000t\000i\000o\000n}{section.7.10}% 81
\BOOKMARK [3][-]{subsubsection.7.10.3.1}{\376\377\0007\000.\0001\0000\000.\0003\000.\0001\000\040\000e\000n\000t\000r\000e\000r\000C\000o\000m\000b\000i\000n\000a\000i\000s\000o\000n\000\050\000\051}{subsection.7.10.3}% 82
\BOOKMARK [3][-]{subsubsection.7.10.3.2}{\376\377\0007\000.\0001\0000\000.\0003\000.\0002\000\040\000V\000e\000r\000i\000f\000i\000e\000r\000E\000n\000t\000r\000e\000e\000\050\000\051}{subsection.7.10.3}% 83
\BOOKMARK [1][-]{section.7.11}{\376\377\0007\000.\0001\0001\000\040\000I\000A\000\040\000C\000l\000a\000s\000s\000\040\000R\000e\000f\000e\000r\000e\000n\000c\000e}{chapter.7}% 84
\BOOKMARK [2][-]{subsection.7.11.1}{\376\377\0007\000.\0001\0001\000.\0001\000\040\000D\000e\000t\000a\000i\000l\000e\000d\000\040\000D\000e\000s\000c\000r\000i\000p\000t\000i\000o\000n}{section.7.11}% 85
\BOOKMARK [2][-]{subsection.7.11.2}{\376\377\0007\000.\0001\0001\000.\0002\000\040\000M\000e\000m\000b\000e\000r\000\040\000F\000u\000n\000c\000t\000i\000o\000n\000\040\000D\000o\000c\000u\000m\000e\000n\000t\000a\000t\000i\000o\000n}{section.7.11}% 86
\BOOKMARK [3][-]{subsubsection.7.11.2.1}{\376\377\0007\000.\0001\0001\000.\0002\000.\0001\000\040\000c\000h\000o\000i\000s\000i\000r\000C\000o\000m\000b\000i\000n\000a\000i\000s\000o\000n\000\050\000\051}{subsection.7.11.2}% 87
\BOOKMARK [1][-]{section.7.12}{\376\377\0007\000.\0001\0002\000\040\000I\000A\000\137\000C\000o\000d\000e\000u\000r\000\040\000C\000l\000a\000s\000s\000\040\000R\000e\000f\000e\000r\000e\000n\000c\000e}{chapter.7}% 88
\BOOKMARK [2][-]{subsection.7.12.1}{\376\377\0007\000.\0001\0002\000.\0001\000\040\000D\000e\000t\000a\000i\000l\000e\000d\000\040\000D\000e\000s\000c\000r\000i\000p\000t\000i\000o\000n}{section.7.12}% 89
\BOOKMARK [2][-]{subsection.7.12.2}{\376\377\0007\000.\0001\0002\000.\0002\000\040\000C\000o\000n\000s\000t\000r\000u\000c\000t\000o\000r\000\040\000\046\000\040\000D\000e\000s\000t\000r\000u\000c\000t\000o\000r\000\040\000D\000o\000c\000u\000m\000e\000n\000t\000a\000t\000i\000o\000n}{section.7.12}% 90
\BOOKMARK [3][-]{subsubsection.7.12.2.1}{\376\377\0007\000.\0001\0002\000.\0002\000.\0001\000\040\000I\000A\000\137\000C\000o\000d\000e\000u\000r\000\050\000\051}{subsection.7.12.2}% 91
\BOOKMARK [2][-]{subsection.7.12.3}{\376\377\0007\000.\0001\0002\000.\0003\000\040\000M\000e\000m\000b\000e\000r\000\040\000F\000u\000n\000c\000t\000i\000o\000n\000\040\000D\000o\000c\000u\000m\000e\000n\000t\000a\000t\000i\000o\000n}{section.7.12}% 92
\BOOKMARK [3][-]{subsubsection.7.12.3.1}{\376\377\0007\000.\0001\0002\000.\0003\000.\0001\000\040\000g\000e\000n\000e\000r\000e\000r\000C\000o\000d\000e\000\050\000\051}{subsection.7.12.3}% 93
\BOOKMARK [3][-]{subsubsection.7.12.3.2}{\376\377\0007\000.\0001\0002\000.\0003\000.\0002\000\040\000g\000e\000n\000e\000r\000e\000r\000M\000d\000P\000\050\000\051}{subsection.7.12.3}% 94
\BOOKMARK [3][-]{subsubsection.7.12.3.3}{\376\377\0007\000.\0001\0002\000.\0003\000.\0003\000\040\000g\000e\000t\000M\000d\000P\000\050\000\051}{subsection.7.12.3}% 95
\BOOKMARK [1][-]{section.7.13}{\376\377\0007\000.\0001\0003\000\040\000I\000A\000\137\000C\000o\000d\000e\000u\000r\000\137\000M\000a\000s\000t\000e\000r\000m\000i\000n\000d\000\040\000C\000l\000a\000s\000s\000\040\000R\000e\000f\000e\000r\000e\000n\000c\000e}{chapter.7}% 96
\BOOKMARK [2][-]{subsection.7.13.1}{\376\377\0007\000.\0001\0003\000.\0001\000\040\000D\000e\000t\000a\000i\000l\000e\000d\000\040\000D\000e\000s\000c\000r\000i\000p\000t\000i\000o\000n}{section.7.13}% 97
\BOOKMARK [2][-]{subsection.7.13.2}{\376\377\0007\000.\0001\0003\000.\0002\000\040\000C\000o\000n\000s\000t\000r\000u\000c\000t\000o\000r\000\040\000\046\000\040\000D\000e\000s\000t\000r\000u\000c\000t\000o\000r\000\040\000D\000o\000c\000u\000m\000e\000n\000t\000a\000t\000i\000o\000n}{section.7.13}% 98
\BOOKMARK [3][-]{subsubsection.7.13.2.1}{\376\377\0007\000.\0001\0003\000.\0002\000.\0001\000\040\000I\000A\000\137\000C\000o\000d\000e\000u\000r\000\137\000M\000a\000s\000t\000e\000r\000m\000i\000n\000d\000\050\000\051}{subsection.7.13.2}% 99
\BOOKMARK [2][-]{subsection.7.13.3}{\376\377\0007\000.\0001\0003\000.\0003\000\040\000M\000e\000m\000b\000e\000r\000\040\000F\000u\000n\000c\000t\000i\000o\000n\000\040\000D\000o\000c\000u\000m\000e\000n\000t\000a\000t\000i\000o\000n}{section.7.13}% 100
\BOOKMARK [3][-]{subsubsection.7.13.3.1}{\376\377\0007\000.\0001\0003\000.\0003\000.\0001\000\040\000g\000e\000n\000e\000r\000e\000r\000C\000o\000d\000e\000\050\000\051}{subsection.7.13.3}% 101
\BOOKMARK [1][-]{section.7.14}{\376\377\0007\000.\0001\0004\000\040\000I\000A\000\137\000C\000o\000d\000e\000u\000r\000\137\000W\000o\000r\000d\000l\000e\000\040\000C\000l\000a\000s\000s\000\040\000R\000e\000f\000e\000r\000e\000n\000c\000e}{chapter.7}% 102
\BOOKMARK [2][-]{subsection.7.14.1}{\376\377\0007\000.\0001\0004\000.\0001\000\040\000D\000e\000t\000a\000i\000l\000e\000d\000\040\000D\000e\000s\000c\000r\000i\000p\000t\000i\000o\000n}{section.7.14}% 103
\BOOKMARK [2][-]{subsection.7.14.2}{\376\377\0007\000.\0001\0004\000.\0002\000\040\000C\000o\000n\000s\000t\000r\000u\000c\000t\000o\000r\000\040\000\046\000\040\000D\000e\000s\000t\000r\000u\000c\000t\000o\000r\000\040\000D\000o\000c\000u\000m\000e\000n\000t\000a\000t\000i\000o\000n}{section.7.14}% 104
\BOOKMARK [3][-]{subsubsection.7.14.2.1}{\376\377\0007\000.\0001\0004\000.\0002\000.\0001\000\040\000I\000A\000\137\000C\000o\000d\000e\000u\000r\000\137\000W\000o\000r\000d\000l\000e\000\050\000\051}{subsection.7.14.2}% 105
\BOOKMARK [2][-]{subsection.7.14.3}{\376\377\0007\000.\0001\0004\000.\0003\000\040\000M\000e\000m\000b\000e\000r\000\040\000F\000u\000n\000c\000t\000i\000o\000n\000\040\000D\000o\000c\000u\000m\000e\000n\000t\000a\000t\000i\000o\000n}{section.7.14}% 106
\BOOKMARK [3][-]{subsubsection.7.14.3.1}{\376\377\0007\000.\0001\0004\000.\0003\000.\0001\000\040\000g\000e\000n\000e\000r\000e\000r\000C\000o\000d\000e\000\050\000\051}{subsection.7.14.3}% 107
\BOOKMARK [1][-]{section.7.15}{\376\377\0007\000.\0001\0005\000\040\000I\000A\000\137\000D\000e\000c\000o\000d\000e\000u\000r\000\040\000C\000l\000a\000s\000s\000\040\000R\000e\000f\000e\000r\000e\000n\000c\000e}{chapter.7}% 108
\BOOKMARK [2][-]{subsection.7.15.1}{\376\377\0007\000.\0001\0005\000.\0001\000\040\000D\000e\000t\000a\000i\000l\000e\000d\000\040\000D\000e\000s\000c\000r\000i\000p\000t\000i\000o\000n}{section.7.15}% 109
\BOOKMARK [2][-]{subsection.7.15.2}{\376\377\0007\000.\0001\0005\000.\0002\000\040\000C\000o\000n\000s\000t\000r\000u\000c\000t\000o\000r\000\040\000\046\000\040\000D\000e\000s\000t\000r\000u\000c\000t\000o\000r\000\040\000D\000o\000c\000u\000m\000e\000n\000t\000a\000t\000i\000o\000n}{section.7.15}% 110
\BOOKMARK [3][-]{subsubsection.7.15.2.1}{\376\377\0007\000.\0001\0005\000.\0002\000.\0001\000\040\000I\000A\000\137\000D\000e\000c\000o\000d\000e\000u\000r\000\050\000\051}{subsection.7.15.2}% 111
\BOOKMARK [2][-]{subsection.7.15.3}{\376\377\0007\000.\0001\0005\000.\0003\000\040\000M\000e\000m\000b\000e\000r\000\040\000F\000u\000n\000c\000t\000i\000o\000n\000\040\000D\000o\000c\000u\000m\000e\000n\000t\000a\000t\000i\000o\000n}{section.7.15}% 112
\BOOKMARK [3][-]{subsubsection.7.15.3.1}{\376\377\0007\000.\0001\0005\000.\0003\000.\0001\000\040\000C\000h\000o\000i\000s\000i\000r\000\137\000c\000o\000m\000b\000i\000\050\000\051}{subsection.7.15.3}% 113
\BOOKMARK [3][-]{subsubsection.7.15.3.2}{\376\377\0007\000.\0001\0005\000.\0003\000.\0002\000\040\000C\000o\000m\000b\000i\000\137\000p\000o\000s\000s\000i\000b\000l\000e\000\050\000\051}{subsection.7.15.3}% 114
\BOOKMARK [3][-]{subsubsection.7.15.3.3}{\376\377\0007\000.\0001\0005\000.\0003\000.\0003\000\040\000M\000a\000j\000\137\000e\000n\000s\000e\000m\000b\000l\000e\000\050\000\051}{subsection.7.15.3}% 115
\BOOKMARK [1][-]{section.7.16}{\376\377\0007\000.\0001\0006\000\040\000I\000A\000\137\000D\000e\000c\000o\000d\000e\000u\000r\000\137\000M\000a\000s\000t\000e\000r\000m\000i\000n\000d\000\040\000C\000l\000a\000s\000s\000\040\000R\000e\000f\000e\000r\000e\000n\000c\000e}{chapter.7}% 116
\BOOKMARK [2][-]{subsection.7.16.1}{\376\377\0007\000.\0001\0006\000.\0001\000\040\000D\000e\000t\000a\000i\000l\000e\000d\000\040\000D\000e\000s\000c\000r\000i\000p\000t\000i\000o\000n}{section.7.16}% 117
\BOOKMARK [2][-]{subsection.7.16.2}{\376\377\0007\000.\0001\0006\000.\0002\000\040\000C\000o\000n\000s\000t\000r\000u\000c\000t\000o\000r\000\040\000\046\000\040\000D\000e\000s\000t\000r\000u\000c\000t\000o\000r\000\040\000D\000o\000c\000u\000m\000e\000n\000t\000a\000t\000i\000o\000n}{section.7.16}% 118
\BOOKMARK [3][-]{subsubsection.7.16.2.1}{\376\377\0007\000.\0001\0006\000.\0002\000.\0001\000\040\000I\000A\000\137\000D\000e\000c\000o\000d\000e\000u\000r\000\137\000M\000a\000s\000t\000e\000r\000m\000i\000n\000d\000\050\000\051}{subsection.7.16.2}% 119
\BOOKMARK [2][-]{subsection.7.16.3}{\376\377\0007\000.\0001\0006\000.\0003\000\040\000M\000e\000m\000b\000e\000r\000\040\000F\000u\000n\000c\000t\000i\000o\000n\000\040\000D\000o\000c\000u\000m\000e\000n\000t\000a\000t\000i\000o\000n}{section.7.16}% 120
\BOOKMARK [3][-]{subsubsection.7.16.3.1}{\376\377\0007\000.\0001\0006\000.\0003\000.\0001\000\040\000C\000h\000o\000i\000s\000i\000r\000\137\000c\000o\000m\000b\000i\000\050\000\051}{subsection.7.16.3}% 121
\BOOKMARK [3][-]{subsubsection.7.16.3.2}{\376\377\0007\000.\0001\0006\000.\0003\000.\0002\000\040\000C\000o\000m\000b\000i\000\137\000p\000o\000s\000s\000i\000b\000l\000e\000\050\000\051}{subsection.7.16.3}% 122
\BOOKMARK [3][-]{subsubsection.7.16.3.3}{\376\377\0007\000.\0001\0006\000.\0003\000.\0003\000\040\000M\000a\000j\000\137\000e\000n\000s\000e\000m\000b\000l\000e\000\050\000\051}{subsection.7.16.3}% 123
\BOOKMARK [1][-]{section.7.17}{\376\377\0007\000.\0001\0007\000\040\000I\000A\000\137\000D\000e\000c\000o\000d\000e\000u\000r\000\137\000W\000o\000r\000d\000l\000e\000\040\000C\000l\000a\000s\000s\000\040\000R\000e\000f\000e\000r\000e\000n\000c\000e}{chapter.7}% 124
\BOOKMARK [2][-]{subsection.7.17.1}{\376\377\0007\000.\0001\0007\000.\0001\000\040\000D\000e\000t\000a\000i\000l\000e\000d\000\040\000D\000e\000s\000c\000r\000i\000p\000t\000i\000o\000n}{section.7.17}% 125
\BOOKMARK [2][-]{subsection.7.17.2}{\376\377\0007\000.\0001\0007\000.\0002\000\040\000C\000o\000n\000s\000t\000r\000u\000c\000t\000o\000r\000\040\000\046\000\040\000D\000e\000s\000t\000r\000u\000c\000t\000o\000r\000\040\000D\000o\000c\000u\000m\000e\000n\000t\000a\000t\000i\000o\000n}{section.7.17}% 126
\BOOKMARK [3][-]{subsubsection.7.17.2.1}{\376\377\0007\000.\0001\0007\000.\0002\000.\0001\000\040\000I\000A\000\137\000D\000e\000c\000o\000d\000e\000u\000r\000\137\000W\000o\000r\000d\000l\000e\000\050\000\051}{subsection.7.17.2}% 127
\BOOKMARK [2][-]{subsection.7.17.3}{\376\377\0007\000.\0001\0007\000.\0003\000\040\000M\000e\000m\000b\000e\000r\000\040\000F\000u\000n\000c\000t\000i\000o\000n\000\040\000D\000o\000c\000u\000m\000e\000n\000t\000a\000t\000i\000o\000n}{section.7.17}% 128
\BOOKMARK [3][-]{subsubsection.7.17.3.1}{\376\377\0007\000.\0001\0007\000.\0003\000.\0001\000\040\000C\000h\000o\000i\000s\000i\000r\000\137\000c\000o\000m\000b\000i\000\050\000\051}{subsection.7.17.3}% 129
\BOOKMARK [3][-]{subsubsection.7.17.3.2}{\376\377\0007\000.\0001\0007\000.\0003\000.\0002\000\040\000C\000o\000m\000b\000i\000\137\000p\000o\000s\000s\000i\000b\000l\000e\000\050\000\051}{subsection.7.17.3}% 130
\BOOKMARK [3][-]{subsubsection.7.17.3.3}{\376\377\0007\000.\0001\0007\000.\0003\000.\0003\000\040\000M\000a\000j\000\137\000e\000n\000s\000e\000m\000b\000l\000e\000\050\000\051}{subsection.7.17.3}% 131
\BOOKMARK [1][-]{section.7.18}{\376\377\0007\000.\0001\0008\000\040\000J\000e\000u\000D\000e\000D\000e\000d\000u\000c\000t\000i\000o\000n\000\040\000C\000l\000a\000s\000s\000\040\000R\000e\000f\000e\000r\000e\000n\000c\000e}{chapter.7}% 132
\BOOKMARK [2][-]{subsection.7.18.1}{\376\377\0007\000.\0001\0008\000.\0001\000\040\000D\000e\000t\000a\000i\000l\000e\000d\000\040\000D\000e\000s\000c\000r\000i\000p\000t\000i\000o\000n}{section.7.18}% 133
\BOOKMARK [2][-]{subsection.7.18.2}{\376\377\0007\000.\0001\0008\000.\0002\000\040\000C\000o\000n\000s\000t\000r\000u\000c\000t\000o\000r\000\040\000\046\000\040\000D\000e\000s\000t\000r\000u\000c\000t\000o\000r\000\040\000D\000o\000c\000u\000m\000e\000n\000t\000a\000t\000i\000o\000n}{section.7.18}% 134
\BOOKMARK [3][-]{subsubsection.7.18.2.1}{\376\377\0007\000.\0001\0008\000.\0002\000.\0001\000\040\000J\000e\000u\000D\000e\000D\000e\000d\000u\000c\000t\000i\000o\000n\000\050\000\051\000\040\000[\0001\000/\0002\000]}{subsection.7.18.2}% 135
\BOOKMARK [3][-]{subsubsection.7.18.2.2}{\376\377\0007\000.\0001\0008\000.\0002\000.\0002\000\040\000J\000e\000u\000D\000e\000D\000e\000d\000u\000c\000t\000i\000o\000n\000\050\000\051\000\040\000[\0002\000/\0002\000]}{subsection.7.18.2}% 136
\BOOKMARK [2][-]{subsection.7.18.3}{\376\377\0007\000.\0001\0008\000.\0003\000\040\000M\000e\000m\000b\000e\000r\000\040\000F\000u\000n\000c\000t\000i\000o\000n\000\040\000D\000o\000c\000u\000m\000e\000n\000t\000a\000t\000i\000o\000n}{section.7.18}% 137
\BOOKMARK [3][-]{subsubsection.7.18.3.1}{\376\377\0007\000.\0001\0008\000.\0003\000.\0001\000\040\000a\000f\000f\000i\000c\000h\000e\000r\000C\000o\000d\000e\000\050\000\051}{subsection.7.18.3}% 138
\BOOKMARK [3][-]{subsubsection.7.18.3.2}{\376\377\0007\000.\0001\0008\000.\0003\000.\0002\000\040\000a\000f\000f\000i\000c\000h\000e\000r\000P\000a\000r\000t\000i\000e\000\050\000\051}{subsection.7.18.3}% 139
\BOOKMARK [3][-]{subsubsection.7.18.3.3}{\376\377\0007\000.\0001\0008\000.\0003\000.\0003\000\040\000d\000e\000t\000e\000c\000t\000i\000o\000n\000V\000i\000c\000t\000o\000i\000r\000e\000\050\000\051}{subsection.7.18.3}% 140
\BOOKMARK [3][-]{subsubsection.7.18.3.4}{\376\377\0007\000.\0001\0008\000.\0003\000.\0004\000\040\000g\000e\000t\000T\000o\000u\000r\000\050\000\051}{subsection.7.18.3}% 141
\BOOKMARK [3][-]{subsubsection.7.18.3.5}{\376\377\0007\000.\0001\0008\000.\0003\000.\0005\000\040\000i\000n\000c\000r\000T\000o\000u\000r\000\050\000\051}{subsection.7.18.3}% 142
\BOOKMARK [3][-]{subsubsection.7.18.3.6}{\376\377\0007\000.\0001\0008\000.\0003\000.\0006\000\040\000m\000a\000i\000n\000\050\000\051}{subsection.7.18.3}% 143
\BOOKMARK [3][-]{subsubsection.7.18.3.7}{\376\377\0007\000.\0001\0008\000.\0003\000.\0007\000\040\000p\000a\000r\000t\000i\000e\000\050\000\051}{subsection.7.18.3}% 144
\BOOKMARK [1][-]{section.7.19}{\376\377\0007\000.\0001\0009\000\040\000J\000o\000u\000e\000u\000r\000\040\000C\000l\000a\000s\000s\000\040\000R\000e\000f\000e\000r\000e\000n\000c\000e}{chapter.7}% 145
\BOOKMARK [2][-]{subsection.7.19.1}{\376\377\0007\000.\0001\0009\000.\0001\000\040\000D\000e\000t\000a\000i\000l\000e\000d\000\040\000D\000e\000s\000c\000r\000i\000p\000t\000i\000o\000n}{section.7.19}% 146
\BOOKMARK [2][-]{subsection.7.19.2}{\376\377\0007\000.\0001\0009\000.\0002\000\040\000C\000o\000n\000s\000t\000r\000u\000c\000t\000o\000r\000\040\000\046\000\040\000D\000e\000s\000t\000r\000u\000c\000t\000o\000r\000\040\000D\000o\000c\000u\000m\000e\000n\000t\000a\000t\000i\000o\000n}{section.7.19}% 147
\BOOKMARK [3][-]{subsubsection.7.19.2.1}{\376\377\0007\000.\0001\0009\000.\0002\000.\0001\000\040\000J\000o\000u\000e\000u\000r\000\050\000\051\000\040\000[\0001\000/\0002\000]}{subsection.7.19.2}% 148
\BOOKMARK [3][-]{subsubsection.7.19.2.2}{\376\377\0007\000.\0001\0009\000.\0002\000.\0002\000\040\000J\000o\000u\000e\000u\000r\000\050\000\051\000\040\000[\0002\000/\0002\000]}{subsection.7.19.2}% 149
\BOOKMARK [2][-]{subsection.7.19.3}{\376\377\0007\000.\0001\0009\000.\0003\000\040\000M\000e\000m\000b\000e\000r\000\040\000F\000u\000n\000c\000t\000i\000o\000n\000\040\000D\000o\000c\000u\000m\000e\000n\000t\000a\000t\000i\000o\000n}{section.7.19}% 150
\BOOKMARK [3][-]{subsubsection.7.19.3.1}{\376\377\0007\000.\0001\0009\000.\0003\000.\0001\000\040\000e\000n\000t\000r\000e\000r\000P\000s\000e\000u\000d\000o\000\050\000\051}{subsection.7.19.3}% 151
\BOOKMARK [3][-]{subsubsection.7.19.3.2}{\376\377\0007\000.\0001\0009\000.\0003\000.\0002\000\040\000g\000e\000t\000C\000o\000m\000b\000i\000n\000a\000i\000s\000o\000n\000\050\000\051}{subsection.7.19.3}% 152
\BOOKMARK [3][-]{subsubsection.7.19.3.3}{\376\377\0007\000.\0001\0009\000.\0003\000.\0003\000\040\000g\000e\000t\000P\000s\000e\000u\000d\000o\000\050\000\051}{subsection.7.19.3}% 153
\BOOKMARK [3][-]{subsubsection.7.19.3.4}{\376\377\0007\000.\0001\0009\000.\0003\000.\0004\000\040\000s\000e\000t\000C\000o\000m\000b\000i\000n\000a\000i\000s\000o\000n\000\050\000\051}{subsection.7.19.3}% 154
\BOOKMARK [3][-]{subsubsection.7.19.3.5}{\376\377\0007\000.\0001\0009\000.\0003\000.\0005\000\040\000s\000e\000t\000P\000s\000e\000u\000d\000o\000\050\000\051}{subsection.7.19.3}% 155
\BOOKMARK [3][-]{subsubsection.7.19.3.6}{\376\377\0007\000.\0001\0009\000.\0003\000.\0006\000\040\000v\000e\000r\000i\000f\000i\000c\000a\000t\000i\000o\000n\000\050\000\051}{subsection.7.19.3}% 156
\BOOKMARK [1][-]{section.7.20}{\376\377\0007\000.\0002\0000\000\040\000M\000a\000s\000t\000e\000r\000m\000i\000n\000d\000\040\000C\000l\000a\000s\000s\000\040\000R\000e\000f\000e\000r\000e\000n\000c\000e}{chapter.7}% 157
\BOOKMARK [2][-]{subsection.7.20.1}{\376\377\0007\000.\0002\0000\000.\0001\000\040\000D\000e\000t\000a\000i\000l\000e\000d\000\040\000D\000e\000s\000c\000r\000i\000p\000t\000i\000o\000n}{section.7.20}% 158
\BOOKMARK [1][-]{section.7.21}{\376\377\0007\000.\0002\0001\000\040\000M\000e\000n\000u\000\040\000C\000l\000a\000s\000s\000\040\000R\000e\000f\000e\000r\000e\000n\000c\000e}{chapter.7}% 159
\BOOKMARK [2][-]{subsection.7.21.1}{\376\377\0007\000.\0002\0001\000.\0001\000\040\000D\000e\000t\000a\000i\000l\000e\000d\000\040\000D\000e\000s\000c\000r\000i\000p\000t\000i\000o\000n}{section.7.21}% 160
\BOOKMARK [2][-]{subsection.7.21.2}{\376\377\0007\000.\0002\0001\000.\0002\000\040\000C\000o\000n\000s\000t\000r\000u\000c\000t\000o\000r\000\040\000\046\000\040\000D\000e\000s\000t\000r\000u\000c\000t\000o\000r\000\040\000D\000o\000c\000u\000m\000e\000n\000t\000a\000t\000i\000o\000n}{section.7.21}% 161
\BOOKMARK [3][-]{subsubsection.7.21.2.1}{\376\377\0007\000.\0002\0001\000.\0002\000.\0001\000\040\000M\000e\000n\000u\000\050\000\051}{subsection.7.21.2}% 162
\BOOKMARK [2][-]{subsection.7.21.3}{\376\377\0007\000.\0002\0001\000.\0003\000\040\000M\000e\000m\000b\000e\000r\000\040\000F\000u\000n\000c\000t\000i\000o\000n\000\040\000D\000o\000c\000u\000m\000e\000n\000t\000a\000t\000i\000o\000n}{section.7.21}% 163
\BOOKMARK [3][-]{subsubsection.7.21.3.1}{\376\377\0007\000.\0002\0001\000.\0003\000.\0001\000\040\000a\000f\000f\000i\000c\000h\000e\000r\000M\000e\000n\000u\000\050\000\051}{subsection.7.21.3}% 164
\BOOKMARK [3][-]{subsubsection.7.21.3.2}{\376\377\0007\000.\0002\0001\000.\0003\000.\0002\000\040\000a\000p\000p\000a\000r\000t\000i\000e\000n\000t\000D\000i\000c\000o\000\050\000\051}{subsection.7.21.3}% 165
\BOOKMARK [3][-]{subsubsection.7.21.3.3}{\376\377\0007\000.\0002\0001\000.\0003\000.\0003\000\040\000a\000p\000p\000a\000r\000t\000i\000e\000n\000t\000E\000E\000\050\000\051}{subsection.7.21.3}% 166
\BOOKMARK [3][-]{subsubsection.7.21.3.4}{\376\377\0007\000.\0002\0001\000.\0003\000.\0004\000\040\000c\000h\000o\000i\000s\000i\000r\000D\000i\000f\000f\000i\000c\000u\000l\000t\000e\000I\000A\000\050\000\051}{subsection.7.21.3}% 167
\BOOKMARK [3][-]{subsubsection.7.21.3.5}{\376\377\0007\000.\0002\0001\000.\0003\000.\0005\000\040\000c\000h\000o\000i\000s\000i\000r\000M\000o\000d\000e\000D\000e\000J\000e\000u\000\050\000\051}{subsection.7.21.3}% 168
\BOOKMARK [3][-]{subsubsection.7.21.3.6}{\376\377\0007\000.\0002\0001\000.\0003\000.\0006\000\040\000p\000a\000r\000a\000m\000e\000t\000r\000e\000D\000e\000J\000e\000u\000\050\000\051}{subsection.7.21.3}% 169
\BOOKMARK [2][-]{subsection.7.21.4}{\376\377\0007\000.\0002\0001\000.\0004\000\040\000M\000e\000m\000b\000e\000r\000\040\000D\000a\000t\000a\000\040\000D\000o\000c\000u\000m\000e\000n\000t\000a\000t\000i\000o\000n}{section.7.21}% 170
\BOOKMARK [3][-]{subsubsection.7.21.4.1}{\376\377\0007\000.\0002\0001\000.\0004\000.\0001\000\040\000E\000N\000S\000E\000M\000B\000L\000E\000\137\000E\000L\000E\000M\000E\000N\000T}{subsection.7.21.4}% 171
\BOOKMARK [3][-]{subsubsection.7.21.4.2}{\376\377\0007\000.\0002\0001\000.\0004\000.\0002\000\040\000M\000o\000d\000e\000D\000e\000J\000e\000u}{subsection.7.21.4}% 172
\BOOKMARK [3][-]{subsubsection.7.21.4.3}{\376\377\0007\000.\0002\0001\000.\0004\000.\0003\000\040\000N\000B\000\137\000C\000A\000S\000E}{subsection.7.21.4}% 173
\BOOKMARK [3][-]{subsubsection.7.21.4.4}{\376\377\0007\000.\0002\0001\000.\0004\000.\0004\000\040\000N\000B\000\137\000E\000L\000E\000M\000E\000N\000T}{subsection.7.21.4}% 174
\BOOKMARK [3][-]{subsubsection.7.21.4.5}{\376\377\0007\000.\0002\0001\000.\0004\000.\0005\000\040\000N\000B\000\137\000T\000O\000U\000R}{subsection.7.21.4}% 175
\BOOKMARK [1][-]{section.7.22}{\376\377\0007\000.\0002\0002\000\040\000W\000o\000r\000d\000l\000e\000\040\000C\000l\000a\000s\000s\000\040\000R\000e\000f\000e\000r\000e\000n\000c\000e}{chapter.7}% 176
\BOOKMARK [2][-]{subsection.7.22.1}{\376\377\0007\000.\0002\0002\000.\0001\000\040\000D\000e\000t\000a\000i\000l\000e\000d\000\040\000D\000e\000s\000c\000r\000i\000p\000t\000i\000o\000n}{section.7.22}% 177
\BOOKMARK [0][-]{chapter.8}{\376\377\0008\000\040\000F\000i\000l\000e\000\040\000D\000o\000c\000u\000m\000e\000n\000t\000a\000t\000i\000o\000n}{}% 178
\BOOKMARK [1][-]{section.8.1}{\376\377\0008\000.\0001\000\040\000/\000h\000o\000m\000e\000/\000k\000e\000v\000i\000n\000/\000D\000o\000c\000u\000m\000e\000n\000t\000s\000/\000G\000M\0004\000/\000S\0008\000/\000P\000r\000o\000j\000e\000t\000\137\000C\000p\000p\000\137\000S\0008\000/\000C\000o\000m\000b\000i\000M\000a\000s\000t\000e\000r\000m\000i\000n\000d\000.\000h\000p\000p\000\040\000F\000i\000l\000e\000\040\000R\000e\000f\000e\000r\000e\000n\000c\000e}{chapter.8}% 179
\BOOKMARK [1][-]{section.8.2}{\376\377\0008\000.\0002\000\040\000/\000h\000o\000m\000e\000/\000k\000e\000v\000i\000n\000/\000D\000o\000c\000u\000m\000e\000n\000t\000s\000/\000G\000M\0004\000/\000S\0008\000/\000P\000r\000o\000j\000e\000t\000\137\000C\000p\000p\000\137\000S\0008\000/\000C\000o\000m\000b\000i\000n\000a\000i\000s\000o\000n\000.\000c\000p\000p\000\040\000F\000i\000l\000e\000\040\000R\000e\000f\000e\000r\000e\000n\000c\000e}{chapter.8}% 180
\BOOKMARK [1][-]{section.8.3}{\376\377\0008\000.\0003\000\040\000/\000h\000o\000m\000e\000/\000k\000e\000v\000i\000n\000/\000D\000o\000c\000u\000m\000e\000n\000t\000s\000/\000G\000M\0004\000/\000S\0008\000/\000P\000r\000o\000j\000e\000t\000\137\000C\000p\000p\000\137\000S\0008\000/\000C\000o\000m\000b\000i\000n\000a\000i\000s\000o\000n\000.\000h\000p\000p\000\040\000F\000i\000l\000e\000\040\000R\000e\000f\000e\000r\000e\000n\000c\000e}{chapter.8}% 181
\BOOKMARK [1][-]{section.8.4}{\376\377\0008\000.\0004\000\040\000/\000h\000o\000m\000e\000/\000k\000e\000v\000i\000n\000/\000D\000o\000c\000u\000m\000e\000n\000t\000s\000/\000G\000M\0004\000/\000S\0008\000/\000P\000r\000o\000j\000e\000t\000\137\000C\000p\000p\000\137\000S\0008\000/\000C\000o\000m\000b\000i\000W\000o\000r\000d\000l\000e\000.\000h\000p\000p\000\040\000F\000i\000l\000e\000\040\000R\000e\000f\000e\000r\000e\000n\000c\000e}{chapter.8}% 182
\BOOKMARK [1][-]{section.8.5}{\376\377\0008\000.\0005\000\040\000/\000h\000o\000m\000e\000/\000k\000e\000v\000i\000n\000/\000D\000o\000c\000u\000m\000e\000n\000t\000s\000/\000G\000M\0004\000/\000S\0008\000/\000P\000r\000o\000j\000e\000t\000\137\000C\000p\000p\000\137\000S\0008\000/\000H\000u\000m\000a\000i\000n\000.\000h\000p\000p\000\040\000F\000i\000l\000e\000\040\000R\000e\000f\000e\000r\000e\000n\000c\000e}{chapter.8}% 183
\BOOKMARK [1][-]{section.8.6}{\376\377\0008\000.\0006\000\040\000/\000h\000o\000m\000e\000/\000k\000e\000v\000i\000n\000/\000D\000o\000c\000u\000m\000e\000n\000t\000s\000/\000G\000M\0004\000/\000S\0008\000/\000P\000r\000o\000j\000e\000t\000\137\000C\000p\000p\000\137\000S\0008\000/\000H\000u\000m\000a\000i\000n\000\137\000C\000o\000d\000e\000u\000r\000.\000h\000p\000p\000\040\000F\000i\000l\000e\000\040\000R\000e\000f\000e\000r\000e\000n\000c\000e}{chapter.8}% 184
\BOOKMARK [1][-]{section.8.7}{\376\377\0008\000.\0007\000\040\000/\000h\000o\000m\000e\000/\000k\000e\000v\000i\000n\000/\000D\000o\000c\000u\000m\000e\000n\000t\000s\000/\000G\000M\0004\000/\000S\0008\000/\000P\000r\000o\000j\000e\000t\000\137\000C\000p\000p\000\137\000S\0008\000/\000H\000u\000m\000a\000i\000n\000\137\000C\000o\000d\000e\000u\000r\000\137\000M\000a\000s\000t\000e\000r\000m\000i\000n\000d\000.\000h\000p\000p\000\040\000F\000i\000l\000e\000\040\000R\000e\000f\000e\000r\000e\000n\000c\000e}{chapter.8}% 185
\BOOKMARK [1][-]{section.8.8}{\376\377\0008\000.\0008\000\040\000/\000h\000o\000m\000e\000/\000k\000e\000v\000i\000n\000/\000D\000o\000c\000u\000m\000e\000n\000t\000s\000/\000G\000M\0004\000/\000S\0008\000/\000P\000r\000o\000j\000e\000t\000\137\000C\000p\000p\000\137\000S\0008\000/\000H\000u\000m\000a\000i\000n\000\137\000C\000o\000d\000e\000u\000r\000\137\000W\000o\000r\000d\000l\000e\000.\000h\000p\000p\000\040\000F\000i\000l\000e\000\040\000R\000e\000f\000e\000r\000e\000n\000c\000e}{chapter.8}% 186
\BOOKMARK [1][-]{section.8.9}{\376\377\0008\000.\0009\000\040\000/\000h\000o\000m\000e\000/\000k\000e\000v\000i\000n\000/\000D\000o\000c\000u\000m\000e\000n\000t\000s\000/\000G\000M\0004\000/\000S\0008\000/\000P\000r\000o\000j\000e\000t\000\137\000C\000p\000p\000\137\000S\0008\000/\000H\000u\000m\000a\000i\000n\000\137\000D\000e\000c\000o\000d\000e\000u\000r\000.\000h\000p\000p\000\040\000F\000i\000l\000e\000\040\000R\000e\000f\000e\000r\000e\000n\000c\000e}{chapter.8}% 187
\BOOKMARK [1][-]{section.8.10}{\376\377\0008\000.\0001\0000\000\040\000/\000h\000o\000m\000e\000/\000k\000e\000v\000i\000n\000/\000D\000o\000c\000u\000m\000e\000n\000t\000s\000/\000G\000M\0004\000/\000S\0008\000/\000P\000r\000o\000j\000e\000t\000\137\000C\000p\000p\000\137\000S\0008\000/\000H\000u\000m\000a\000i\000n\000\137\000D\000e\000c\000o\000d\000e\000u\000r\000\137\000M\000a\000s\000t\000e\000r\000m\000i\000n\000d\000.\000h\000p\000p\000\040\000F\000i\000l\000e\000\040\000R\000e\000f\000e\000r\000e\000n\000c\000e}{chapter.8}% 188
\BOOKMARK [1][-]{section.8.11}{\376\377\0008\000.\0001\0001\000\040\000/\000h\000o\000m\000e\000/\000k\000e\000v\000i\000n\000/\000D\000o\000c\000u\000m\000e\000n\000t\000s\000/\000G\000M\0004\000/\000S\0008\000/\000P\000r\000o\000j\000e\000t\000\137\000C\000p\000p\000\137\000S\0008\000/\000H\000u\000m\000a\000i\000n\000\137\000D\000e\000c\000o\000d\000e\000u\000r\000\137\000W\000o\000r\000d\000l\000e\000.\000h\000p\000p\000\040\000F\000i\000l\000e\000\040\000R\000e\000f\000e\000r\000e\000n\000c\000e}{chapter.8}% 189
\BOOKMARK [1][-]{section.8.12}{\376\377\0008\000.\0001\0002\000\040\000/\000h\000o\000m\000e\000/\000k\000e\000v\000i\000n\000/\000D\000o\000c\000u\000m\000e\000n\000t\000s\000/\000G\000M\0004\000/\000S\0008\000/\000P\000r\000o\000j\000e\000t\000\137\000C\000p\000p\000\137\000S\0008\000/\000I\000A\000.\000h\000p\000p\000\040\000F\000i\000l\000e\000\040\000R\000e\000f\000e\000r\000e\000n\000c\000e}{chapter.8}% 190
\BOOKMARK [1][-]{section.8.13}{\376\377\0008\000.\0001\0003\000\040\000/\000h\000o\000m\000e\000/\000k\000e\000v\000i\000n\000/\000D\000o\000c\000u\000m\000e\000n\000t\000s\000/\000G\000M\0004\000/\000S\0008\000/\000P\000r\000o\000j\000e\000t\000\137\000C\000p\000p\000\137\000S\0008\000/\000I\000A\000\137\000C\000o\000d\000e\000u\000r\000.\000h\000p\000p\000\040\000F\000i\000l\000e\000\040\000R\000e\000f\000e\000r\000e\000n\000c\000e}{chapter.8}% 191
\BOOKMARK [1][-]{section.8.14}{\376\377\0008\000.\0001\0004\000\040\000/\000h\000o\000m\000e\000/\000k\000e\000v\000i\000n\000/\000D\000o\000c\000u\000m\000e\000n\000t\000s\000/\000G\000M\0004\000/\000S\0008\000/\000P\000r\000o\000j\000e\000t\000\137\000C\000p\000p\000\137\000S\0008\000/\000I\000A\000\137\000C\000o\000d\000e\000u\000r\000\137\000M\000a\000s\000t\000e\000r\000m\000i\000n\000d\000.\000h\000p\000p\000\040\000F\000i\000l\000e\000\040\000R\000e\000f\000e\000r\000e\000n\000c\000e}{chapter.8}% 192
\BOOKMARK [1][-]{section.8.15}{\376\377\0008\000.\0001\0005\000\040\000/\000h\000o\000m\000e\000/\000k\000e\000v\000i\000n\000/\000D\000o\000c\000u\000m\000e\000n\000t\000s\000/\000G\000M\0004\000/\000S\0008\000/\000P\000r\000o\000j\000e\000t\000\137\000C\000p\000p\000\137\000S\0008\000/\000I\000A\000\137\000C\000o\000d\000e\000u\000r\000\137\000W\000o\000r\000d\000l\000e\000.\000h\000p\000p\000\040\000F\000i\000l\000e\000\040\000R\000e\000f\000e\000r\000e\000n\000c\000e}{chapter.8}% 193
\BOOKMARK [1][-]{section.8.16}{\376\377\0008\000.\0001\0006\000\040\000/\000h\000o\000m\000e\000/\000k\000e\000v\000i\000n\000/\000D\000o\000c\000u\000m\000e\000n\000t\000s\000/\000G\000M\0004\000/\000S\0008\000/\000P\000r\000o\000j\000e\000t\000\137\000C\000p\000p\000\137\000S\0008\000/\000I\000A\000\137\000D\000e\000c\000o\000d\000e\000u\000r\000.\000h\000p\000p\000\040\000F\000i\000l\000e\000\040\000R\000e\000f\000e\000r\000e\000n\000c\000e}{chapter.8}% 194
\BOOKMARK [1][-]{section.8.17}{\376\377\0008\000.\0001\0007\000\040\000/\000h\000o\000m\000e\000/\000k\000e\000v\000i\000n\000/\000D\000o\000c\000u\000m\000e\000n\000t\000s\000/\000G\000M\0004\000/\000S\0008\000/\000P\000r\000o\000j\000e\000t\000\137\000C\000p\000p\000\137\000S\0008\000/\000I\000A\000\137\000D\000e\000c\000o\000d\000e\000u\000r\000\137\000M\000a\000s\000t\000e\000r\000m\000i\000n\000d\000.\000h\000p\000p\000\040\000F\000i\000l\000e\000\040\000R\000e\000f\000e\000r\000e\000n\000c\000e}{chapter.8}% 195
\BOOKMARK [1][-]{section.8.18}{\376\377\0008\000.\0001\0008\000\040\000/\000h\000o\000m\000e\000/\000k\000e\000v\000i\000n\000/\000D\000o\000c\000u\000m\000e\000n\000t\000s\000/\000G\000M\0004\000/\000S\0008\000/\000P\000r\000o\000j\000e\000t\000\137\000C\000p\000p\000\137\000S\0008\000/\000I\000A\000\137\000D\000e\000c\000o\000d\000e\000u\000r\000\137\000W\000o\000r\000d\000l\000e\000.\000h\000p\000p\000\040\000F\000i\000l\000e\000\040\000R\000e\000f\000e\000r\000e\000n\000c\000e}{chapter.8}% 196
\BOOKMARK [1][-]{section.8.19}{\376\377\0008\000.\0001\0009\000\040\000/\000h\000o\000m\000e\000/\000k\000e\000v\000i\000n\000/\000D\000o\000c\000u\000m\000e\000n\000t\000s\000/\000G\000M\0004\000/\000S\0008\000/\000P\000r\000o\000j\000e\000t\000\137\000C\000p\000p\000\137\000S\0008\000/\000J\000e\000u\000D\000e\000D\000e\000d\000u\000c\000t\000i\000o\000n\000.\000h\000p\000p\000\040\000F\000i\000l\000e\000\040\000R\000e\000f\000e\000r\000e\000n\000c\000e}{chapter.8}% 197
\BOOKMARK [1][-]{section.8.20}{\376\377\0008\000.\0002\0000\000\040\000/\000h\000o\000m\000e\000/\000k\000e\000v\000i\000n\000/\000D\000o\000c\000u\000m\000e\000n\000t\000s\000/\000G\000M\0004\000/\000S\0008\000/\000P\000r\000o\000j\000e\000t\000\137\000C\000p\000p\000\137\000S\0008\000/\000J\000o\000u\000e\000u\000r\000.\000c\000p\000p\000\040\000F\000i\000l\000e\000\040\000R\000e\000f\000e\000r\000e\000n\000c\000e}{chapter.8}% 198
\BOOKMARK [1][-]{section.8.21}{\376\377\0008\000.\0002\0001\000\040\000/\000h\000o\000m\000e\000/\000k\000e\000v\000i\000n\000/\000D\000o\000c\000u\000m\000e\000n\000t\000s\000/\000G\000M\0004\000/\000S\0008\000/\000P\000r\000o\000j\000e\000t\000\137\000C\000p\000p\000\137\000S\0008\000/\000J\000o\000u\000e\000u\000r\000.\000h\000p\000p\000\040\000F\000i\000l\000e\000\040\000R\000e\000f\000e\000r\000e\000n\000c\000e}{chapter.8}% 199
\BOOKMARK [1][-]{section.8.22}{\376\377\0008\000.\0002\0002\000\040\000/\000h\000o\000m\000e\000/\000k\000e\000v\000i\000n\000/\000D\000o\000c\000u\000m\000e\000n\000t\000s\000/\000G\000M\0004\000/\000S\0008\000/\000P\000r\000o\000j\000e\000t\000\137\000C\000p\000p\000\137\000S\0008\000/\000M\000a\000s\000t\000e\000r\000m\000i\000n\000d\000.\000c\000p\000p\000\040\000F\000i\000l\000e\000\040\000R\000e\000f\000e\000r\000e\000n\000c\000e}{chapter.8}% 200
\BOOKMARK [1][-]{section.8.23}{\376\377\0008\000.\0002\0003\000\040\000/\000h\000o\000m\000e\000/\000k\000e\000v\000i\000n\000/\000D\000o\000c\000u\000m\000e\000n\000t\000s\000/\000G\000M\0004\000/\000S\0008\000/\000P\000r\000o\000j\000e\000t\000\137\000C\000p\000p\000\137\000S\0008\000/\000M\000a\000s\000t\000e\000r\000m\000i\000n\000d\000.\000h\000p\000p\000\040\000F\000i\000l\000e\000\040\000R\000e\000f\000e\000r\000e\000n\000c\000e}{chapter.8}% 201
\BOOKMARK [1][-]{section.8.24}{\376\377\0008\000.\0002\0004\000\040\000/\000h\000o\000m\000e\000/\000k\000e\000v\000i\000n\000/\000D\000o\000c\000u\000m\000e\000n\000t\000s\000/\000G\000M\0004\000/\000S\0008\000/\000P\000r\000o\000j\000e\000t\000\137\000C\000p\000p\000\137\000S\0008\000/\000M\000e\000n\000u\000.\000c\000p\000p\000\040\000F\000i\000l\000e\000\040\000R\000e\000f\000e\000r\000e\000n\000c\000e}{chapter.8}% 202
\BOOKMARK [1][-]{section.8.25}{\376\377\0008\000.\0002\0005\000\040\000/\000h\000o\000m\000e\000/\000k\000e\000v\000i\000n\000/\000D\000o\000c\000u\000m\000e\000n\000t\000s\000/\000G\000M\0004\000/\000S\0008\000/\000P\000r\000o\000j\000e\000t\000\137\000C\000p\000p\000\137\000S\0008\000/\000M\000e\000n\000u\000.\000h\000p\000p\000\040\000F\000i\000l\000e\000\040\000R\000e\000f\000e\000r\000e\000n\000c\000e}{chapter.8}% 203
\BOOKMARK [1][-]{section.8.26}{\376\377\0008\000.\0002\0006\000\040\000/\000h\000o\000m\000e\000/\000k\000e\000v\000i\000n\000/\000D\000o\000c\000u\000m\000e\000n\000t\000s\000/\000G\000M\0004\000/\000S\0008\000/\000P\000r\000o\000j\000e\000t\000\137\000C\000p\000p\000\137\000S\0008\000/\000R\000E\000A\000D\000M\000E\000.\000m\000d\000\040\000F\000i\000l\000e\000\040\000R\000e\000f\000e\000r\000e\000n\000c\000e}{chapter.8}% 204
\BOOKMARK [1][-]{section.8.27}{\376\377\0008\000.\0002\0007\000\040\000/\000h\000o\000m\000e\000/\000k\000e\000v\000i\000n\000/\000D\000o\000c\000u\000m\000e\000n\000t\000s\000/\000G\000M\0004\000/\000S\0008\000/\000P\000r\000o\000j\000e\000t\000\137\000C\000p\000p\000\137\000S\0008\000/\000W\000o\000r\000d\000l\000e\000.\000h\000p\000p\000\040\000F\000i\000l\000e\000\040\000R\000e\000f\000e\000r\000e\000n\000c\000e}{chapter.8}% 205
\BOOKMARK [0][-]{section*.143}{\376\377\000I\000n\000d\000e\000x}{}% 206
